{"C:\\PAom\\FollowMee\\Backend\\src\\app.ts": {"path":"C:\\PAom\\FollowMee\\Backend\\src\\app.ts","statementMap":{"0":{"start":{"line":1,"column":0},"end":{"line":1,"column":26}},"1":{"start":{"line":2,"column":0},"end":{"line":2,"column":80}},"2":{"start":{"line":3,"column":0},"end":{"line":3,"column":24}},"3":{"start":{"line":5,"column":0},"end":{"line":5,"column":28}},"4":{"start":{"line":6,"column":0},"end":{"line":6,"column":41}},"5":{"start":{"line":7,"column":0},"end":{"line":7,"column":43}},"6":{"start":{"line":8,"column":0},"end":{"line":8,"column":28}},"7":{"start":{"line":9,"column":0},"end":{"line":9,"column":43}},"8":{"start":{"line":10,"column":0},"end":{"line":10,"column":50}},"9":{"start":{"line":11,"column":0},"end":{"line":11,"column":40}},"10":{"start":{"line":12,"column":0},"end":{"line":12,"column":56}},"11":{"start":{"line":13,"column":0},"end":{"line":13,"column":63}},"12":{"start":{"line":14,"column":0},"end":{"line":14,"column":70}},"13":{"start":{"line":15,"column":0},"end":{"line":15,"column":64}},"14":{"start":{"line":16,"column":0},"end":{"line":16,"column":36}},"15":{"start":{"line":17,"column":0},"end":{"line":17,"column":53}},"16":{"start":{"line":20,"column":0},"end":{"line":20,"column":46}},"17":{"start":{"line":21,"column":0},"end":{"line":21,"column":54}},"18":{"start":{"line":22,"column":0},"end":{"line":22,"column":69}},"19":{"start":{"line":23,"column":0},"end":{"line":23,"column":67}},"20":{"start":{"line":24,"column":0},"end":{"line":24,"column":46}},"21":{"start":{"line":25,"column":0},"end":{"line":25,"column":46}},"22":{"start":{"line":26,"column":0},"end":{"line":26,"column":57}},"23":{"start":{"line":27,"column":0},"end":{"line":27,"column":61}},"24":{"start":{"line":28,"column":0},"end":{"line":28,"column":55}},"25":{"start":{"line":29,"column":0},"end":{"line":29,"column":69}},"26":{"start":{"line":30,"column":0},"end":{"line":30,"column":62}},"27":{"start":{"line":33,"column":0},"end":{"line":33,"column":16}},"28":{"start":{"line":39,"column":10},"end":{"line":39,"column":27}},"29":{"start":{"line":42,"column":4},"end":{"line":42,"column":25}},"30":{"start":{"line":43,"column":4},"end":{"line":43,"column":53}},"31":{"start":{"line":44,"column":4},"end":{"line":44,"column":31}},"32":{"start":{"line":49,"column":4},"end":{"line":67,"column":5}},"33":{"start":{"line":51,"column":6},"end":{"line":51,"column":38}},"34":{"start":{"line":54,"column":34},"end":{"line":54,"column":72}},"35":{"start":{"line":55,"column":6},"end":{"line":55,"column":57}},"36":{"start":{"line":58,"column":6},"end":{"line":58,"column":35}},"37":{"start":{"line":59,"column":6},"end":{"line":59,"column":30}},"38":{"start":{"line":60,"column":6},"end":{"line":60,"column":37}},"39":{"start":{"line":62,"column":6},"end":{"line":62,"column":58}},"40":{"start":{"line":64,"column":27},"end":{"line":64,"column":108}},"41":{"start":{"line":65,"column":6},"end":{"line":65,"column":70}},"42":{"start":{"line":66,"column":6},"end":{"line":66,"column":25}},"43":{"start":{"line":72,"column":4},"end":{"line":72,"column":21}},"44":{"start":{"line":77,"column":4},"end":{"line":86,"column":5}},"45":{"start":{"line":78,"column":6},"end":{"line":81,"column":7}},"46":{"start":{"line":79,"column":8},"end":{"line":79,"column":41}},"47":{"start":{"line":80,"column":8},"end":{"line":80,"column":78}},"48":{"start":{"line":83,"column":27},"end":{"line":83,"column":95}},"49":{"start":{"line":84,"column":6},"end":{"line":84,"column":81}},"50":{"start":{"line":85,"column":6},"end":{"line":85,"column":25}},"51":{"start":{"line":91,"column":4},"end":{"line":112,"column":8}},"52":{"start":{"line":94,"column":8},"end":{"line":94,"column":49}},"53":{"start":{"line":94,"column":21},"end":{"line":94,"column":49}},"54":{"start":{"line":96,"column":31},"end":{"line":100,"column":37}},"55":{"start":{"line":102,"column":8},"end":{"line":106,"column":9}},"56":{"start":{"line":102,"column":78},"end":{"line":102,"column":105}},"57":{"start":{"line":103,"column":10},"end":{"line":103,"column":31}},"58":{"start":{"line":105,"column":10},"end":{"line":105,"column":53}},"59":{"start":{"line":115,"column":4},"end":{"line":115,"column":50}},"60":{"start":{"line":118,"column":4},"end":{"line":118,"column":72}},"61":{"start":{"line":121,"column":4},"end":{"line":121,"column":33}},"62":{"start":{"line":124,"column":4},"end":{"line":126,"column":5}},"63":{"start":{"line":125,"column":6},"end":{"line":125,"column":34}},"64":{"start":{"line":129,"column":4},"end":{"line":144,"column":7}},"65":{"start":{"line":130,"column":27},"end":{"line":130,"column":45}},"66":{"start":{"line":131,"column":6},"end":{"line":142,"column":8}},"67":{"start":{"line":133,"column":8},"end":{"line":140,"column":9}},"68":{"start":{"line":135,"column":10},"end":{"line":139,"column":11}},"69":{"start":{"line":136,"column":12},"end":{"line":136,"column":54}},"70":{"start":{"line":138,"column":12},"end":{"line":138,"column":44}},"71":{"start":{"line":141,"column":8},"end":{"line":141,"column":34}},"72":{"start":{"line":143,"column":6},"end":{"line":143,"column":13}},"73":{"start":{"line":149,"column":4},"end":{"line":151,"column":7}},"74":{"start":{"line":150,"column":6},"end":{"line":150,"column":45}},"75":{"start":{"line":154,"column":4},"end":{"line":158,"column":8}},"76":{"start":{"line":161,"column":4},"end":{"line":161,"column":42}},"77":{"start":{"line":164,"column":4},"end":{"line":164,"column":66}},"78":{"start":{"line":167,"column":4},"end":{"line":167,"column":51}},"79":{"start":{"line":170,"column":4},"end":{"line":170,"column":63}},"80":{"start":{"line":173,"column":4},"end":{"line":173,"column":43}},"81":{"start":{"line":176,"column":4},"end":{"line":176,"column":43}},"82":{"start":{"line":177,"column":4},"end":{"line":177,"column":48}},"83":{"start":{"line":178,"column":4},"end":{"line":178,"column":67}},"84":{"start":{"line":179,"column":4},"end":{"line":179,"column":61}},"85":{"start":{"line":180,"column":4},"end":{"line":180,"column":63}},"86":{"start":{"line":183,"column":4},"end":{"line":183,"column":59}},"87":{"start":{"line":186,"column":4},"end":{"line":188,"column":7}},"88":{"start":{"line":187,"column":6},"end":{"line":187,"column":53}},"89":{"start":{"line":192,"column":4},"end":{"line":195,"column":7}},"90":{"start":{"line":193,"column":6},"end":{"line":193,"column":47}},"91":{"start":{"line":194,"column":6},"end":{"line":194,"column":13}},"92":{"start":{"line":197,"column":4},"end":{"line":203,"column":7}},"93":{"start":{"line":198,"column":6},"end":{"line":198,"column":31}},"94":{"start":{"line":199,"column":6},"end":{"line":202,"column":9}},"95":{"start":{"line":209,"column":23},"end":{"line":209,"column":56}},"96":{"start":{"line":210,"column":4},"end":{"line":217,"column":5}},"97":{"start":{"line":211,"column":6},"end":{"line":216,"column":7}},"98":{"start":{"line":212,"column":46},"end":{"line":212,"column":51}},"99":{"start":{"line":213,"column":8},"end":{"line":215,"column":9}},"100":{"start":{"line":214,"column":10},"end":{"line":214,"column":25}},"101":{"start":{"line":218,"column":4},"end":{"line":218,"column":21}},"102":{"start":{"line":222,"column":4},"end":{"line":253,"column":5}},"103":{"start":{"line":224,"column":25},"end":{"line":224,"column":47}},"104":{"start":{"line":227,"column":17},"end":{"line":232,"column":8}},"105":{"start":{"line":235,"column":6},"end":{"line":235,"column":38}},"106":{"start":{"line":237,"column":6},"end":{"line":237,"column":51}},"107":{"start":{"line":240,"column":6},"end":{"line":248,"column":9}},"108":{"start":{"line":241,"column":8},"end":{"line":247,"column":11}},"109":{"start":{"line":242,"column":21},"end":{"line":242,"column":40}},"110":{"start":{"line":243,"column":10},"end":{"line":243,"column":72}},"111":{"start":{"line":244,"column":10},"end":{"line":244,"column":79}},"112":{"start":{"line":245,"column":10},"end":{"line":245,"column":80}},"113":{"start":{"line":246,"column":10},"end":{"line":246,"column":20}},"114":{"start":{"line":250,"column":27},"end":{"line":250,"column":99}},"115":{"start":{"line":251,"column":6},"end":{"line":251,"column":68}},"116":{"start":{"line":252,"column":6},"end":{"line":252,"column":22}},"117":{"start":{"line":257,"column":0},"end":{"line":257,"column":19}}},"fnMap":{"0":{"name":"(anonymous_1)","decl":{"start":{"line":41,"column":2},"end":{"line":41,"column":null}},"loc":{"start":{"line":41,"column":2},"end":{"line":45,"column":3}}},"1":{"name":"(anonymous_2)","decl":{"start":{"line":48,"column":9},"end":{"line":48,"column":14}},"loc":{"start":{"line":48,"column":25},"end":{"line":68,"column":3}}},"2":{"name":"(anonymous_3)","decl":{"start":{"line":71,"column":9},"end":{"line":71,"column":16}},"loc":{"start":{"line":71,"column":16},"end":{"line":73,"column":3}}},"3":{"name":"(anonymous_4)","decl":{"start":{"line":76,"column":10},"end":{"line":76,"column":15}},"loc":{"start":{"line":76,"column":34},"end":{"line":87,"column":3}}},"4":{"name":"(anonymous_5)","decl":{"start":{"line":89,"column":10},"end":{"line":89,"column":31}},"loc":{"start":{"line":89,"column":31},"end":{"line":145,"column":3}}},"5":{"name":"(anonymous_6)","decl":{"start":{"line":92,"column":14},"end":{"line":92,"column":23}},"loc":{"start":{"line":92,"column":39},"end":{"line":107,"column":7}}},"6":{"name":"(anonymous_7)","decl":{"start":{"line":102,"column":67},"end":{"line":102,"column":74}},"loc":{"start":{"line":102,"column":78},"end":{"line":102,"column":105}}},"7":{"name":"(anonymous_8)","decl":{"start":{"line":129,"column":17},"end":{"line":129,"column":18}},"loc":{"start":{"line":129,"column":36},"end":{"line":144,"column":5}}},"8":{"name":"(anonymous_9)","decl":{"start":{"line":131,"column":17},"end":{"line":131,"column":27}},"loc":{"start":{"line":131,"column":36},"end":{"line":142,"column":7}}},"9":{"name":"(anonymous_10)","decl":{"start":{"line":147,"column":10},"end":{"line":147,"column":26}},"loc":{"start":{"line":147,"column":26},"end":{"line":189,"column":3}}},"10":{"name":"(anonymous_11)","decl":{"start":{"line":149,"column":28},"end":{"line":149,"column":29}},"loc":{"start":{"line":149,"column":60},"end":{"line":151,"column":5}}},"11":{"name":"(anonymous_12)","decl":{"start":{"line":186,"column":17},"end":{"line":186,"column":18}},"loc":{"start":{"line":186,"column":49},"end":{"line":188,"column":5}}},"12":{"name":"(anonymous_13)","decl":{"start":{"line":191,"column":10},"end":{"line":191,"column":33}},"loc":{"start":{"line":191,"column":33},"end":{"line":204,"column":3}}},"13":{"name":"(anonymous_14)","decl":{"start":{"line":192,"column":17},"end":{"line":192,"column":18}},"loc":{"start":{"line":192,"column":69},"end":{"line":195,"column":5}}},"14":{"name":"(anonymous_15)","decl":{"start":{"line":197,"column":17},"end":{"line":197,"column":18}},"loc":{"start":{"line":197,"column":79},"end":{"line":203,"column":5}}},"15":{"name":"(anonymous_16)","decl":{"start":{"line":208,"column":10},"end":{"line":208,"column":22}},"loc":{"start":{"line":208,"column":22},"end":{"line":219,"column":3}}},"16":{"name":"(anonymous_17)","decl":{"start":{"line":221,"column":9},"end":{"line":221,"column":14}},"loc":{"start":{"line":221,"column":20},"end":{"line":254,"column":3}}},"17":{"name":"(anonymous_18)","decl":{"start":{"line":240,"column":25},"end":{"line":240,"column":26}},"loc":{"start":{"line":240,"column":37},"end":{"line":248,"column":7}}},"18":{"name":"(anonymous_19)","decl":{"start":{"line":241,"column":37},"end":{"line":241,"column":40}},"loc":{"start":{"line":241,"column":42},"end":{"line":247,"column":9}}}},"branchMap":{"0":{"loc":{"start":{"line":43,"column":25},"end":{"line":43,"column":51}},"type":"binary-expr","locations":[{"start":{"line":43,"column":25},"end":{"line":43,"column":41}},{"start":{"line":43,"column":45},"end":{"line":43,"column":51}}]},"1":{"loc":{"start":{"line":64,"column":27},"end":{"line":64,"column":108}},"type":"cond-expr","locations":[{"start":{"line":64,"column":52},"end":{"line":64,"column":57}},{"start":{"line":64,"column":60},"end":{"line":64,"column":108}}]},"2":{"loc":{"start":{"line":78,"column":6},"end":{"line":81,"column":7}},"type":"if","locations":[{"start":{"line":78,"column":6},"end":{"line":81,"column":7}}]},"3":{"loc":{"start":{"line":83,"column":27},"end":{"line":83,"column":95}},"type":"cond-expr","locations":[{"start":{"line":83,"column":52},"end":{"line":83,"column":57}},{"start":{"line":83,"column":60},"end":{"line":83,"column":95}}]},"4":{"loc":{"start":{"line":94,"column":8},"end":{"line":94,"column":49}},"type":"if","locations":[{"start":{"line":94,"column":8},"end":{"line":94,"column":49}}]},"5":{"loc":{"start":{"line":99,"column":10},"end":{"line":99,"column":40}},"type":"binary-expr","locations":[{"start":{"line":99,"column":10},"end":{"line":99,"column":34}},{"start":{"line":99,"column":38},"end":{"line":99,"column":40}}]},"6":{"loc":{"start":{"line":102,"column":8},"end":{"line":106,"column":9}},"type":"if","locations":[{"start":{"line":102,"column":8},"end":{"line":106,"column":9}},{"start":{"line":104,"column":15},"end":{"line":106,"column":9}}]},"7":{"loc":{"start":{"line":102,"column":12},"end":{"line":102,"column":106}},"type":"binary-expr","locations":[{"start":{"line":102,"column":12},"end":{"line":102,"column":43}},{"start":{"line":102,"column":47},"end":{"line":102,"column":106}}]},"8":{"loc":{"start":{"line":102,"column":78},"end":{"line":102,"column":105}},"type":"cond-expr","locations":[{"start":{"line":102,"column":84},"end":{"line":102,"column":86}},{"start":{"line":102,"column":78},"end":{"line":102,"column":105}}]},"9":{"loc":{"start":{"line":102,"column":78},"end":{"line":102,"column":86}},"type":"binary-expr","locations":[{"start":{"line":102,"column":78},"end":{"line":102,"column":86}},{"start":{"line":102,"column":78},"end":{"line":102,"column":86}}]},"10":{"loc":{"start":{"line":124,"column":4},"end":{"line":126,"column":5}},"type":"if","locations":[{"start":{"line":124,"column":4},"end":{"line":126,"column":5}}]},"11":{"loc":{"start":{"line":133,"column":8},"end":{"line":140,"column":9}},"type":"if","locations":[{"start":{"line":133,"column":8},"end":{"line":140,"column":9}}]},"12":{"loc":{"start":{"line":133,"column":12},"end":{"line":133,"column":44}},"type":"binary-expr","locations":[{"start":{"line":133,"column":12},"end":{"line":133,"column":16}},{"start":{"line":133,"column":20},"end":{"line":133,"column":44}}]},"13":{"loc":{"start":{"line":135,"column":10},"end":{"line":139,"column":11}},"type":"if","locations":[{"start":{"line":135,"column":10},"end":{"line":139,"column":11}},{"start":{"line":137,"column":17},"end":{"line":139,"column":11}}]},"14":{"loc":{"start":{"line":201,"column":15},"end":{"line":201,"column":72}},"type":"cond-expr","locations":[{"start":{"line":201,"column":56},"end":{"line":201,"column":67}},{"start":{"line":201,"column":70},"end":{"line":201,"column":72}}]},"15":{"loc":{"start":{"line":213,"column":8},"end":{"line":215,"column":9}},"type":"if","locations":[{"start":{"line":213,"column":8},"end":{"line":215,"column":9}}]},"16":{"loc":{"start":{"line":213,"column":12},"end":{"line":213,"column":42}},"type":"binary-expr","locations":[{"start":{"line":213,"column":12},"end":{"line":213,"column":29}},{"start":{"line":213,"column":33},"end":{"line":213,"column":42}}]},"17":{"loc":{"start":{"line":229,"column":18},"end":{"line":229,"column":69}},"type":"binary-expr","locations":[{"start":{"line":229,"column":18},"end":{"line":229,"column":42}},{"start":{"line":229,"column":46},"end":{"line":229,"column":69}}]},"18":{"loc":{"start":{"line":250,"column":27},"end":{"line":250,"column":99}},"type":"cond-expr","locations":[{"start":{"line":250,"column":52},"end":{"line":250,"column":57}},{"start":{"line":250,"column":60},"end":{"line":250,"column":99}}]}},"s":{"0":0,"1":0,"2":0,"3":0,"4":0,"5":0,"6":0,"7":0,"8":0,"9":0,"10":0,"11":0,"12":0,"13":0,"14":0,"15":0,"16":0,"17":0,"18":0,"19":0,"20":0,"21":0,"22":0,"23":0,"24":0,"25":0,"26":0,"27":0,"28":0,"29":0,"30":0,"31":0,"32":0,"33":0,"34":0,"35":0,"36":0,"37":0,"38":0,"39":0,"40":0,"41":0,"42":0,"43":0,"44":0,"45":0,"46":0,"47":0,"48":0,"49":0,"50":0,"51":0,"52":0,"53":0,"54":0,"55":0,"56":0,"57":0,"58":0,"59":0,"60":0,"61":0,"62":0,"63":0,"64":0,"65":0,"66":0,"67":0,"68":0,"69":0,"70":0,"71":0,"72":0,"73":0,"74":0,"75":0,"76":0,"77":0,"78":0,"79":0,"80":0,"81":0,"82":0,"83":0,"84":0,"85":0,"86":0,"87":0,"88":0,"89":0,"90":0,"91":0,"92":0,"93":0,"94":0,"95":0,"96":0,"97":0,"98":0,"99":0,"100":0,"101":0,"102":0,"103":0,"104":0,"105":0,"106":0,"107":0,"108":0,"109":0,"110":0,"111":0,"112":0,"113":0,"114":0,"115":0,"116":0,"117":0},"f":{"0":0,"1":0,"2":0,"3":0,"4":0,"5":0,"6":0,"7":0,"8":0,"9":0,"10":0,"11":0,"12":0,"13":0,"14":0,"15":0,"16":0,"17":0,"18":0},"b":{"0":[0,0],"1":[0,0],"2":[0],"3":[0,0],"4":[0],"5":[0,0],"6":[0,0],"7":[0,0],"8":[0,0],"9":[0,0],"10":[0],"11":[0],"12":[0,0],"13":[0,0],"14":[0,0],"15":[0],"16":[0,0],"17":[0,0],"18":[0,0]}}
,"C:\\PAom\\FollowMee\\Backend\\src\\server.ts": {"path":"C:\\PAom\\FollowMee\\Backend\\src\\server.ts","statementMap":{"0":{"start":{"line":1,"column":0},"end":{"line":1,"column":26}},"1":{"start":{"line":2,"column":0},"end":{"line":2,"column":24}},"2":{"start":{"line":3,"column":0},"end":{"line":3,"column":40}},"3":{"start":{"line":6,"column":2},"end":{"line":21,"column":3}},"4":{"start":{"line":8,"column":16},"end":{"line":8,"column":25}},"5":{"start":{"line":11,"column":4},"end":{"line":11,"column":27}},"6":{"start":{"line":14,"column":4},"end":{"line":14,"column":22}},"7":{"start":{"line":16,"column":4},"end":{"line":16,"column":74}},"8":{"start":{"line":18,"column":25},"end":{"line":18,"column":102}},"9":{"start":{"line":19,"column":4},"end":{"line":19,"column":71}},"10":{"start":{"line":20,"column":4},"end":{"line":20,"column":20}},"11":{"start":{"line":25,"column":0},"end":{"line":25,"column":12}}},"fnMap":{"0":{"name":"bootstrap","decl":{"start":{"line":5,"column":15},"end":{"line":5,"column":24}},"loc":{"start":{"line":5,"column":24},"end":{"line":22,"column":1}}}},"branchMap":{"0":{"loc":{"start":{"line":18,"column":25},"end":{"line":18,"column":102}},"type":"cond-expr","locations":[{"start":{"line":18,"column":50},"end":{"line":18,"column":55}},{"start":{"line":18,"column":58},"end":{"line":18,"column":102}}]}},"s":{"0":0,"1":0,"2":0,"3":0,"4":0,"5":0,"6":0,"7":0,"8":0,"9":0,"10":0,"11":0},"f":{"0":0},"b":{"0":[0,0]}}
,"C:\\PAom\\FollowMee\\Backend\\src\\config\\cloudinary.config.ts": {"path":"C:\\PAom\\FollowMee\\Backend\\src\\config\\cloudinary.config.ts","statementMap":{"0":{"start":{"line":1,"column":0},"end":{"line":1,"column":46}},"1":{"start":{"line":2,"column":0},"end":{"line":2,"column":28}},"2":{"start":{"line":4,"column":0},"end":{"line":4,"column":16}},"3":{"start":{"line":7,"column":0},"end":{"line":12,"column":3}},"4":{"start":{"line":14,"column":34},"end":{"line":36,"column":1}},"5":{"start":{"line":18,"column":2},"end":{"line":35,"column":3}},"6":{"start":{"line":20,"column":16},"end":{"line":20,"column":59}},"7":{"start":{"line":21,"column":20},"end":{"line":21,"column":57}},"8":{"start":{"line":23,"column":19},"end":{"line":29,"column":6}},"9":{"start":{"line":31,"column":4},"end":{"line":31,"column":29}},"10":{"start":{"line":33,"column":4},"end":{"line":33,"column":59}},"11":{"start":{"line":34,"column":4},"end":{"line":34,"column":60}},"12":{"start":{"line":14,"column":13},"end":{"line":14,"column":34}},"13":{"start":{"line":41,"column":33},"end":{"line":67,"column":1}},"14":{"start":{"line":45,"column":2},"end":{"line":66,"column":3}},"15":{"start":{"line":47,"column":25},"end":{"line":47,"column":70}},"16":{"start":{"line":48,"column":20},"end":{"line":48,"column":46}},"17":{"start":{"line":50,"column":4},"end":{"line":52,"column":5}},"18":{"start":{"line":51,"column":6},"end":{"line":51,"column":51}},"19":{"start":{"line":54,"column":19},"end":{"line":60,"column":6}},"20":{"start":{"line":62,"column":4},"end":{"line":62,"column":29}},"21":{"start":{"line":64,"column":4},"end":{"line":64,"column":72}},"22":{"start":{"line":65,"column":4},"end":{"line":65,"column":60}},"23":{"start":{"line":41,"column":13},"end":{"line":41,"column":33}},"24":{"start":{"line":72,"column":36},"end":{"line":90,"column":1}},"25":{"start":{"line":73,"column":2},"end":{"line":89,"column":3}},"26":{"start":{"line":75,"column":21},"end":{"line":75,"column":40}},"27":{"start":{"line":76,"column":26},"end":{"line":76,"column":82}},"28":{"start":{"line":77,"column":21},"end":{"line":77,"column":59}},"29":{"start":{"line":79,"column":4},"end":{"line":81,"column":5}},"30":{"start":{"line":80,"column":6},"end":{"line":80,"column":43}},"31":{"start":{"line":84,"column":19},"end":{"line":84,"column":62}},"32":{"start":{"line":85,"column":4},"end":{"line":85,"column":34}},"33":{"start":{"line":87,"column":4},"end":{"line":87,"column":60}},"34":{"start":{"line":88,"column":4},"end":{"line":88,"column":17}},"35":{"start":{"line":72,"column":13},"end":{"line":72,"column":36}},"36":{"start":{"line":92,"column":0},"end":{"line":92,"column":26}}},"fnMap":{"0":{"name":"(anonymous_1)","decl":{"start":{"line":14,"column":34},"end":{"line":14,"column":39}},"loc":{"start":{"line":17,"column":21},"end":{"line":36,"column":1}}},"1":{"name":"(anonymous_2)","decl":{"start":{"line":41,"column":33},"end":{"line":41,"column":38}},"loc":{"start":{"line":44,"column":21},"end":{"line":67,"column":1}}},"2":{"name":"(anonymous_3)","decl":{"start":{"line":72,"column":36},"end":{"line":72,"column":41}},"loc":{"start":{"line":72,"column":81},"end":{"line":90,"column":1}}}},"branchMap":{"0":{"loc":{"start":{"line":16,"column":2},"end":{"line":16,"column":40}},"type":"default-arg","locations":[{"start":{"line":16,"column":19},"end":{"line":16,"column":40}}]},"1":{"loc":{"start":{"line":43,"column":2},"end":{"line":43,"column":40}},"type":"default-arg","locations":[{"start":{"line":43,"column":19},"end":{"line":43,"column":40}}]},"2":{"loc":{"start":{"line":50,"column":4},"end":{"line":52,"column":5}},"type":"if","locations":[{"start":{"line":50,"column":4},"end":{"line":52,"column":5}}]},"3":{"loc":{"start":{"line":79,"column":4},"end":{"line":81,"column":5}},"type":"if","locations":[{"start":{"line":79,"column":4},"end":{"line":81,"column":5}}]}},"s":{"0":0,"1":0,"2":0,"3":0,"4":0,"5":0,"6":0,"7":0,"8":0,"9":0,"10":0,"11":0,"12":0,"13":0,"14":0,"15":0,"16":0,"17":0,"18":0,"19":0,"20":0,"21":0,"22":0,"23":0,"24":0,"25":0,"26":0,"27":0,"28":0,"29":0,"30":0,"31":0,"32":0,"33":0,"34":0,"35":0,"36":0},"f":{"0":0,"1":0,"2":0},"b":{"0":[0],"1":[0],"2":[0],"3":[0]}}
,"C:\\PAom\\FollowMee\\Backend\\src\\config\\database.ts": {"path":"C:\\PAom\\FollowMee\\Backend\\src\\config\\database.ts","statementMap":{"0":{"start":{"line":1,"column":0},"end":{"line":1,"column":56}},"1":{"start":{"line":2,"column":0},"end":{"line":2,"column":28}},"2":{"start":{"line":3,"column":0},"end":{"line":3,"column":24}},"3":{"start":{"line":4,"column":0},"end":{"line":4,"column":40}},"4":{"start":{"line":5,"column":0},"end":{"line":5,"column":54}},"5":{"start":{"line":6,"column":0},"end":{"line":6,"column":48}},"6":{"start":{"line":7,"column":0},"end":{"line":7,"column":48}},"7":{"start":{"line":8,"column":0},"end":{"line":8,"column":40}},"8":{"start":{"line":9,"column":0},"end":{"line":9,"column":52}},"9":{"start":{"line":10,"column":0},"end":{"line":10,"column":60}},"10":{"start":{"line":11,"column":0},"end":{"line":11,"column":48}},"11":{"start":{"line":12,"column":0},"end":{"line":12,"column":40}},"12":{"start":{"line":13,"column":0},"end":{"line":13,"column":50}},"13":{"start":{"line":14,"column":0},"end":{"line":14,"column":54}},"14":{"start":{"line":15,"column":0},"end":{"line":15,"column":48}},"15":{"start":{"line":16,"column":0},"end":{"line":16,"column":62}},"16":{"start":{"line":17,"column":0},"end":{"line":17,"column":56}},"17":{"start":{"line":18,"column":0},"end":{"line":18,"column":74}},"18":{"start":{"line":19,"column":0},"end":{"line":19,"column":76}},"19":{"start":{"line":20,"column":0},"end":{"line":20,"column":80}},"20":{"start":{"line":22,"column":0},"end":{"line":22,"column":16}},"21":{"start":{"line":24,"column":21},"end":{"line":24,"column":58}},"22":{"start":{"line":26,"column":45},"end":{"line":65,"column":2}},"23":{"start":{"line":76,"column":19},"end":{"line":76,"column":52}},"24":{"start":{"line":78,"column":0},"end":{"line":78,"column":26}}},"fnMap":{},"branchMap":{"0":{"loc":{"start":{"line":28,"column":8},"end":{"line":28,"column":42}},"type":"binary-expr","locations":[{"start":{"line":28,"column":8},"end":{"line":28,"column":27}},{"start":{"line":28,"column":31},"end":{"line":28,"column":42}}]},"1":{"loc":{"start":{"line":29,"column":17},"end":{"line":29,"column":46}},"type":"binary-expr","locations":[{"start":{"line":29,"column":17},"end":{"line":29,"column":36}},{"start":{"line":29,"column":40},"end":{"line":29,"column":46}}]},"2":{"loc":{"start":{"line":30,"column":12},"end":{"line":30,"column":45}},"type":"binary-expr","locations":[{"start":{"line":30,"column":12},"end":{"line":30,"column":35}},{"start":{"line":30,"column":39},"end":{"line":30,"column":45}}]},"3":{"loc":{"start":{"line":31,"column":12},"end":{"line":31,"column":41}},"type":"binary-expr","locations":[{"start":{"line":31,"column":12},"end":{"line":31,"column":35}},{"start":{"line":31,"column":39},"end":{"line":31,"column":41}}]},"4":{"loc":{"start":{"line":32,"column":12},"end":{"line":32,"column":46}},"type":"binary-expr","locations":[{"start":{"line":32,"column":12},"end":{"line":32,"column":31}},{"start":{"line":32,"column":35},"end":{"line":32,"column":46}}]},"5":{"loc":{"start":{"line":37,"column":11},"end":{"line":37,"column":77}},"type":"cond-expr","locations":[{"start":{"line":37,"column":52},"end":{"line":37,"column":69}},{"start":{"line":37,"column":72},"end":{"line":37,"column":77}}]}},"s":{"0":0,"1":0,"2":0,"3":0,"4":0,"5":0,"6":0,"7":0,"8":0,"9":0,"10":0,"11":0,"12":0,"13":0,"14":0,"15":0,"16":0,"17":0,"18":0,"19":0,"20":0,"21":0,"22":0,"23":0,"24":0},"f":{},"b":{"0":[0,0],"1":[0,0],"2":[0,0],"3":[0,0],"4":[0,0],"5":[0,0]}}
,"C:\\PAom\\FollowMee\\Backend\\src\\config\\swagger.config.ts": {"path":"C:\\PAom\\FollowMee\\Backend\\src\\config\\swagger.config.ts","statementMap":{"0":{"start":{"line":1,"column":0},"end":{"line":1,"column":41}},"1":{"start":{"line":3,"column":38},"end":{"line":268,"column":2}},"2":{"start":{"line":270,"column":20},"end":{"line":270,"column":41}},"3":{"start":{"line":272,"column":0},"end":{"line":272,"column":27}}},"fnMap":{},"branchMap":{},"s":{"0":0,"1":0,"2":0,"3":0},"f":{},"b":{}}
,"C:\\PAom\\FollowMee\\Backend\\src\\controllers\\auth.controller.ts": {"path":"C:\\PAom\\FollowMee\\Backend\\src\\controllers\\auth.controller.ts","statementMap":{"0":{"start":{"line":2,"column":0},"end":{"line":2,"column":53}},"1":{"start":{"line":3,"column":0},"end":{"line":3,"column":69}},"2":{"start":{"line":4,"column":0},"end":{"line":4,"column":53}},"3":{"start":{"line":5,"column":0},"end":{"line":5,"column":53}},"4":{"start":{"line":6,"column":0},"end":{"line":6,"column":47}},"5":{"start":{"line":7,"column":0},"end":{"line":7,"column":40}},"6":{"start":{"line":8,"column":0},"end":{"line":8,"column":54}},"7":{"start":{"line":9,"column":0},"end":{"line":9,"column":40}},"8":{"start":{"line":10,"column":0},"end":{"line":10,"column":48}},"9":{"start":{"line":12,"column":0},"end":{"line":12,"column":43}},"10":{"start":{"line":13,"column":0},"end":{"line":13,"column":36}},"11":{"start":{"line":16,"column":21},"end":{"line":21,"column":2}},"12":{"start":{"line":25,"column":10},"end":{"line":25,"column":61}},"13":{"start":{"line":26,"column":10},"end":{"line":26,"column":71}},"14":{"start":{"line":27,"column":10},"end":{"line":27,"column":61}},"15":{"start":{"line":28,"column":10},"end":{"line":28,"column":69}},"16":{"start":{"line":30,"column":19},"end":{"line":30,"column":42}},"17":{"start":{"line":31,"column":19},"end":{"line":31,"column":53}},"18":{"start":{"line":52,"column":2},"end":{"line":212,"column":null}},"19":{"start":{"line":53,"column":4},"end":{"line":211,"column":5}},"20":{"start":{"line":54,"column":21},"end":{"line":54,"column":42}},"21":{"start":{"line":55,"column":6},"end":{"line":60,"column":7}},"22":{"start":{"line":56,"column":8},"end":{"line":59,"column":11}},"23":{"start":{"line":62,"column":88},"end":{"line":62,"column":96}},"24":{"start":{"line":65,"column":27},"end":{"line":67,"column":8}},"25":{"start":{"line":69,"column":6},"end":{"line":74,"column":7}},"26":{"start":{"line":70,"column":8},"end":{"line":73,"column":11}},"27":{"start":{"line":78,"column":6},"end":{"line":95,"column":7}},"28":{"start":{"line":80,"column":8},"end":{"line":80,"column":28}},"29":{"start":{"line":81,"column":8},"end":{"line":81,"column":33}},"30":{"start":{"line":82,"column":8},"end":{"line":82,"column":47}},"31":{"start":{"line":83,"column":8},"end":{"line":83,"column":43}},"32":{"start":{"line":84,"column":8},"end":{"line":84,"column":29}},"33":{"start":{"line":85,"column":8},"end":{"line":85,"column":41}},"34":{"start":{"line":88,"column":8},"end":{"line":88,"column":26}},"35":{"start":{"line":89,"column":8},"end":{"line":89,"column":31}},"36":{"start":{"line":90,"column":8},"end":{"line":90,"column":33}},"37":{"start":{"line":91,"column":8},"end":{"line":91,"column":47}},"38":{"start":{"line":92,"column":8},"end":{"line":92,"column":43}},"39":{"start":{"line":93,"column":8},"end":{"line":93,"column":29}},"40":{"start":{"line":94,"column":8},"end":{"line":94,"column":41}},"41":{"start":{"line":98,"column":24},"end":{"line":98,"column":60}},"42":{"start":{"line":101,"column":6},"end":{"line":189,"column":7}},"43":{"start":{"line":102,"column":25},"end":{"line":102,"column":52}},"44":{"start":{"line":105,"column":8},"end":{"line":116,"column":9}},"45":{"start":{"line":106,"column":37},"end":{"line":111,"column":21}},"46":{"start":{"line":113,"column":10},"end":{"line":115,"column":11}},"47":{"start":{"line":114,"column":12},"end":{"line":114,"column":33}},"48":{"start":{"line":118,"column":19},"end":{"line":120,"column":10}},"49":{"start":{"line":122,"column":8},"end":{"line":151,"column":9}},"50":{"start":{"line":124,"column":30},"end":{"line":141,"column":12}},"51":{"start":{"line":143,"column":25},"end":{"line":143,"column":76}},"52":{"start":{"line":144,"column":10},"end":{"line":149,"column":13}},"53":{"start":{"line":150,"column":10},"end":{"line":150,"column":54}},"54":{"start":{"line":155,"column":8},"end":{"line":179,"column":9}},"55":{"start":{"line":157,"column":10},"end":{"line":161,"column":23}},"56":{"start":{"line":165,"column":32},"end":{"line":169,"column":24}},"57":{"start":{"line":171,"column":10},"end":{"line":178,"column":11}},"58":{"start":{"line":173,"column":12},"end":{"line":177,"column":25}},"59":{"start":{"line":182,"column":25},"end":{"line":185,"column":10}},"60":{"start":{"line":186,"column":8},"end":{"line":186,"column":53}},"61":{"start":{"line":192,"column":21},"end":{"line":192,"column":80}},"62":{"start":{"line":195,"column":58},"end":{"line":195,"column":67}},"63":{"start":{"line":197,"column":29},"end":{"line":197,"column":67}},"64":{"start":{"line":199,"column":6},"end":{"line":203,"column":9}},"65":{"start":{"line":205,"column":6},"end":{"line":205,"column":50}},"66":{"start":{"line":206,"column":6},"end":{"line":210,"column":9}},"67":{"start":{"line":218,"column":2},"end":{"line":272,"column":null}},"68":{"start":{"line":219,"column":4},"end":{"line":271,"column":5}},"69":{"start":{"line":221,"column":21},"end":{"line":221,"column":42}},"70":{"start":{"line":222,"column":6},"end":{"line":227,"column":7}},"71":{"start":{"line":223,"column":8},"end":{"line":226,"column":11}},"72":{"start":{"line":229,"column":34},"end":{"line":229,"column":42}},"73":{"start":{"line":232,"column":19},"end":{"line":235,"column":8}},"74":{"start":{"line":237,"column":6},"end":{"line":239,"column":7}},"75":{"start":{"line":238,"column":8},"end":{"line":238,"column":53}},"76":{"start":{"line":242,"column":30},"end":{"line":242,"column":65}},"77":{"start":{"line":243,"column":6},"end":{"line":245,"column":7}},"78":{"start":{"line":244,"column":8},"end":{"line":244,"column":53}},"79":{"start":{"line":248,"column":21},"end":{"line":248,"column":76}},"80":{"start":{"line":250,"column":40},"end":{"line":250,"column":46}},"81":{"start":{"line":253,"column":6},"end":{"line":264,"column":9}},"82":{"start":{"line":266,"column":6},"end":{"line":266,"column":43}},"83":{"start":{"line":267,"column":6},"end":{"line":270,"column":9}},"84":{"start":{"line":283,"column":2},"end":{"line":335,"column":null}},"85":{"start":{"line":284,"column":4},"end":{"line":334,"column":5}},"86":{"start":{"line":286,"column":27},"end":{"line":286,"column":53}},"87":{"start":{"line":288,"column":6},"end":{"line":305,"column":7}},"88":{"start":{"line":290,"column":8},"end":{"line":293,"column":10}},"89":{"start":{"line":296,"column":8},"end":{"line":304,"column":9}},"90":{"start":{"line":297,"column":10},"end":{"line":303,"column":13}},"91":{"start":{"line":308,"column":6},"end":{"line":308,"column":38}},"92":{"start":{"line":309,"column":6},"end":{"line":309,"column":39}},"93":{"start":{"line":311,"column":6},"end":{"line":314,"column":9}},"94":{"start":{"line":316,"column":6},"end":{"line":316,"column":44}},"95":{"start":{"line":318,"column":6},"end":{"line":328,"column":9}},"96":{"start":{"line":330,"column":6},"end":{"line":333,"column":9}},"97":{"start":{"line":340,"column":2},"end":{"line":387,"column":null}},"98":{"start":{"line":341,"column":4},"end":{"line":386,"column":5}},"99":{"start":{"line":343,"column":6},"end":{"line":348,"column":7}},"100":{"start":{"line":344,"column":8},"end":{"line":347,"column":11}},"101":{"start":{"line":351,"column":19},"end":{"line":355,"column":8}},"102":{"start":{"line":357,"column":6},"end":{"line":362,"column":7}},"103":{"start":{"line":358,"column":8},"end":{"line":361,"column":11}},"104":{"start":{"line":364,"column":20},"end":{"line":364,"column":62}},"105":{"start":{"line":364,"column":45},"end":{"line":364,"column":61}},"106":{"start":{"line":366,"column":6},"end":{"line":379,"column":9}},"107":{"start":{"line":381,"column":6},"end":{"line":381,"column":54}},"108":{"start":{"line":382,"column":6},"end":{"line":385,"column":9}},"109":{"start":{"line":392,"column":2},"end":{"line":450,"column":null}},"110":{"start":{"line":393,"column":4},"end":{"line":449,"column":5}},"111":{"start":{"line":394,"column":21},"end":{"line":394,"column":42}},"112":{"start":{"line":395,"column":6},"end":{"line":400,"column":7}},"113":{"start":{"line":396,"column":8},"end":{"line":399,"column":11}},"114":{"start":{"line":402,"column":6},"end":{"line":407,"column":7}},"115":{"start":{"line":403,"column":8},"end":{"line":406,"column":11}},"116":{"start":{"line":409,"column":47},"end":{"line":409,"column":55}},"117":{"start":{"line":410,"column":21},"end":{"line":410,"column":36}},"118":{"start":{"line":413,"column":19},"end":{"line":416,"column":8}},"119":{"start":{"line":418,"column":6},"end":{"line":423,"column":7}},"120":{"start":{"line":419,"column":8},"end":{"line":422,"column":11}},"121":{"start":{"line":426,"column":30},"end":{"line":426,"column":72}},"122":{"start":{"line":427,"column":6},"end":{"line":432,"column":7}},"123":{"start":{"line":428,"column":8},"end":{"line":431,"column":11}},"124":{"start":{"line":435,"column":6},"end":{"line":435,"column":38}},"125":{"start":{"line":436,"column":6},"end":{"line":436,"column":43}},"126":{"start":{"line":438,"column":6},"end":{"line":441,"column":9}},"127":{"start":{"line":443,"column":6},"end":{"line":443,"column":53}},"128":{"start":{"line":444,"column":6},"end":{"line":448,"column":9}},"129":{"start":{"line":455,"column":2},"end":{"line":502,"column":4}},"130":{"start":{"line":456,"column":4},"end":{"line":501,"column":5}},"131":{"start":{"line":457,"column":24},"end":{"line":457,"column":32}},"132":{"start":{"line":460,"column":19},"end":{"line":462,"column":8}},"133":{"start":{"line":464,"column":6},"end":{"line":469,"column":7}},"134":{"start":{"line":465,"column":8},"end":{"line":468,"column":11}},"135":{"start":{"line":472,"column":25},"end":{"line":479,"column":null}},"136":{"start":{"line":483,"column":6},"end":{"line":483,"column":35}},"137":{"start":{"line":484,"column":6},"end":{"line":484,"column":62}},"138":{"start":{"line":485,"column":6},"end":{"line":485,"column":43}},"139":{"start":{"line":488,"column":6},"end":{"line":488,"column":67}},"140":{"start":{"line":490,"column":6},"end":{"line":493,"column":9}},"141":{"start":{"line":495,"column":6},"end":{"line":495,"column":60}},"142":{"start":{"line":496,"column":6},"end":{"line":500,"column":9}},"143":{"start":{"line":507,"column":2},"end":{"line":582,"column":4}},"144":{"start":{"line":508,"column":4},"end":{"line":581,"column":5}},"145":{"start":{"line":509,"column":37},"end":{"line":509,"column":45}},"146":{"start":{"line":511,"column":6},"end":{"line":516,"column":7}},"147":{"start":{"line":512,"column":8},"end":{"line":515,"column":11}},"148":{"start":{"line":518,"column":6},"end":{"line":573,"column":7}},"149":{"start":{"line":520,"column":21},"end":{"line":522,"column":10}},"150":{"start":{"line":524,"column":8},"end":{"line":529,"column":9}},"151":{"start":{"line":525,"column":10},"end":{"line":528,"column":13}},"152":{"start":{"line":532,"column":24},"end":{"line":532,"column":null}},"153":{"start":{"line":540,"column":8},"end":{"line":542,"column":9}},"154":{"start":{"line":541,"column":10},"end":{"line":541,"column":48}},"155":{"start":{"line":545,"column":8},"end":{"line":555,"column":9}},"156":{"start":{"line":547,"column":10},"end":{"line":547,"column":33}},"157":{"start":{"line":548,"column":10},"end":{"line":548,"column":40}},"158":{"start":{"line":549,"column":10},"end":{"line":549,"column":47}},"159":{"start":{"line":551,"column":10},"end":{"line":554,"column":13}},"160":{"start":{"line":558,"column":8},"end":{"line":558,"column":40}},"161":{"start":{"line":559,"column":8},"end":{"line":559,"column":31}},"162":{"start":{"line":560,"column":8},"end":{"line":560,"column":38}},"163":{"start":{"line":561,"column":8},"end":{"line":561,"column":45}},"164":{"start":{"line":563,"column":8},"end":{"line":566,"column":11}},"165":{"start":{"line":568,"column":8},"end":{"line":568,"column":58}},"166":{"start":{"line":569,"column":8},"end":{"line":572,"column":11}},"167":{"start":{"line":575,"column":6},"end":{"line":575,"column":52}},"168":{"start":{"line":576,"column":6},"end":{"line":580,"column":9}},"169":{"start":{"line":34,"column":4},"end":{"line":34,"column":41}},"170":{"start":{"line":35,"column":4},"end":{"line":35,"column":66}},"171":{"start":{"line":37,"column":4},"end":{"line":39,"column":5}},"172":{"start":{"line":38,"column":6},"end":{"line":38,"column":76}},"173":{"start":{"line":46,"column":4},"end":{"line":46,"column":24}},"174":{"start":{"line":585,"column":0},"end":{"line":585,"column":36}}},"fnMap":{"0":{"name":"(anonymous_10)","decl":{"start":{"line":33,"column":2},"end":{"line":33,"column":null}},"loc":{"start":{"line":33,"column":2},"end":{"line":40,"column":3}}},"1":{"name":"(anonymous_11)","decl":{"start":{"line":52,"column":13},"end":{"line":52,"column":18}},"loc":{"start":{"line":52,"column":51},"end":{"line":212,"column":3}}},"2":{"name":"(anonymous_12)","decl":{"start":{"line":218,"column":10},"end":{"line":218,"column":15}},"loc":{"start":{"line":218,"column":48},"end":{"line":272,"column":3}}},"3":{"name":"(anonymous_13)","decl":{"start":{"line":283,"column":11},"end":{"line":283,"column":16}},"loc":{"start":{"line":283,"column":49},"end":{"line":335,"column":3}}},"4":{"name":"(anonymous_14)","decl":{"start":{"line":340,"column":19},"end":{"line":340,"column":24}},"loc":{"start":{"line":340,"column":57},"end":{"line":387,"column":3}}},"5":{"name":"(anonymous_15)","decl":{"start":{"line":364,"column":39},"end":{"line":364,"column":41}},"loc":{"start":{"line":364,"column":45},"end":{"line":364,"column":61}}},"6":{"name":"(anonymous_16)","decl":{"start":{"line":392,"column":19},"end":{"line":392,"column":24}},"loc":{"start":{"line":392,"column":57},"end":{"line":450,"column":3}}},"7":{"name":"(anonymous_17)","decl":{"start":{"line":455,"column":25},"end":{"line":455,"column":30}},"loc":{"start":{"line":455,"column":63},"end":{"line":502,"column":3}}},"8":{"name":"(anonymous_18)","decl":{"start":{"line":507,"column":18},"end":{"line":507,"column":23}},"loc":{"start":{"line":507,"column":56},"end":{"line":582,"column":3}}},"9":{"name":"(anonymous_19)","decl":{"start":{"line":45,"column":2},"end":{"line":45,"column":6}},"loc":{"start":{"line":45,"column":22},"end":{"line":47,"column":3}}}},"branchMap":{"0":{"loc":{"start":{"line":55,"column":6},"end":{"line":60,"column":7}},"type":"if","locations":[{"start":{"line":55,"column":6},"end":{"line":60,"column":7}}]},"1":{"loc":{"start":{"line":69,"column":6},"end":{"line":74,"column":7}},"type":"if","locations":[{"start":{"line":69,"column":6},"end":{"line":74,"column":7}}]},"2":{"loc":{"start":{"line":69,"column":10},"end":{"line":69,"column":47}},"type":"binary-expr","locations":[{"start":{"line":69,"column":10},"end":{"line":69,"column":22}},{"start":{"line":69,"column":26},"end":{"line":69,"column":47}}]},"3":{"loc":{"start":{"line":78,"column":6},"end":{"line":95,"column":7}},"type":"if","locations":[{"start":{"line":78,"column":6},"end":{"line":95,"column":7}},{"start":{"line":86,"column":13},"end":{"line":95,"column":7}}]},"4":{"loc":{"start":{"line":78,"column":10},"end":{"line":78,"column":48}},"type":"binary-expr","locations":[{"start":{"line":78,"column":10},"end":{"line":78,"column":22}},{"start":{"line":78,"column":26},"end":{"line":78,"column":48}}]},"5":{"loc":{"start":{"line":82,"column":28},"end":{"line":82,"column":46}},"type":"binary-expr","locations":[{"start":{"line":82,"column":28},"end":{"line":82,"column":40}},{"start":{"line":82,"column":44},"end":{"line":82,"column":46}}]},"6":{"loc":{"start":{"line":83,"column":26},"end":{"line":83,"column":42}},"type":"binary-expr","locations":[{"start":{"line":83,"column":26},"end":{"line":83,"column":36}},{"start":{"line":83,"column":40},"end":{"line":83,"column":42}}]},"7":{"loc":{"start":{"line":91,"column":28},"end":{"line":91,"column":46}},"type":"binary-expr","locations":[{"start":{"line":91,"column":28},"end":{"line":91,"column":40}},{"start":{"line":91,"column":44},"end":{"line":91,"column":46}}]},"8":{"loc":{"start":{"line":92,"column":26},"end":{"line":92,"column":42}},"type":"binary-expr","locations":[{"start":{"line":92,"column":26},"end":{"line":92,"column":36}},{"start":{"line":92,"column":40},"end":{"line":92,"column":42}}]},"9":{"loc":{"start":{"line":102,"column":25},"end":{"line":102,"column":52}},"type":"binary-expr","locations":[{"start":{"line":102,"column":25},"end":{"line":102,"column":37}},{"start":{"line":102,"column":41},"end":{"line":102,"column":52}}]},"10":{"loc":{"start":{"line":105,"column":8},"end":{"line":116,"column":9}},"type":"if","locations":[{"start":{"line":105,"column":8},"end":{"line":116,"column":9}}]},"11":{"loc":{"start":{"line":113,"column":10},"end":{"line":115,"column":11}},"type":"if","locations":[{"start":{"line":113,"column":10},"end":{"line":115,"column":11}}]},"12":{"loc":{"start":{"line":122,"column":8},"end":{"line":151,"column":9}},"type":"if","locations":[{"start":{"line":122,"column":8},"end":{"line":151,"column":9}}]},"13":{"loc":{"start":{"line":143,"column":25},"end":{"line":143,"column":76}},"type":"binary-expr","locations":[{"start":{"line":143,"column":25},"end":{"line":143,"column":48}},{"start":{"line":143,"column":52},"end":{"line":143,"column":76}}]},"14":{"loc":{"start":{"line":155,"column":8},"end":{"line":179,"column":9}},"type":"if","locations":[{"start":{"line":155,"column":8},"end":{"line":179,"column":9}},{"start":{"line":162,"column":15},"end":{"line":179,"column":9}}]},"15":{"loc":{"start":{"line":155,"column":12},"end":{"line":155,"column":50}},"type":"binary-expr","locations":[{"start":{"line":155,"column":12},"end":{"line":155,"column":24}},{"start":{"line":155,"column":28},"end":{"line":155,"column":50}}]},"16":{"loc":{"start":{"line":171,"column":10},"end":{"line":178,"column":11}},"type":"if","locations":[{"start":{"line":171,"column":10},"end":{"line":178,"column":11}}]},"17":{"loc":{"start":{"line":197,"column":29},"end":{"line":197,"column":67}},"type":"binary-expr","locations":[{"start":{"line":197,"column":29},"end":{"line":197,"column":41}},{"start":{"line":197,"column":45},"end":{"line":197,"column":67}}]},"18":{"loc":{"start":{"line":202,"column":17},"end":{"line":202,"column":96}},"type":"cond-expr","locations":[{"start":{"line":202,"column":34},"end":{"line":202,"column":68}},{"start":{"line":202,"column":71},"end":{"line":202,"column":96}}]},"19":{"loc":{"start":{"line":209,"column":15},"end":{"line":209,"column":81}},"type":"cond-expr","locations":[{"start":{"line":209,"column":56},"end":{"line":209,"column":69}},{"start":{"line":209,"column":72},"end":{"line":209,"column":81}}]},"20":{"loc":{"start":{"line":222,"column":6},"end":{"line":227,"column":7}},"type":"if","locations":[{"start":{"line":222,"column":6},"end":{"line":227,"column":7}}]},"21":{"loc":{"start":{"line":237,"column":6},"end":{"line":239,"column":7}},"type":"if","locations":[{"start":{"line":237,"column":6},"end":{"line":239,"column":7}}]},"22":{"loc":{"start":{"line":243,"column":6},"end":{"line":245,"column":7}},"type":"if","locations":[{"start":{"line":243,"column":6},"end":{"line":245,"column":7}}]},"23":{"loc":{"start":{"line":269,"column":17},"end":{"line":269,"column":57}},"type":"binary-expr","locations":[{"start":{"line":269,"column":17},"end":{"line":269,"column":30}},{"start":{"line":269,"column":34},"end":{"line":269,"column":57}}]},"24":{"loc":{"start":{"line":286,"column":27},"end":{"line":286,"column":53}},"type":"cond-expr","locations":[{"start":{"line":286,"column":38},"end":{"line":286,"column":40}},{"start":{"line":286,"column":38},"end":{"line":286,"column":53}}]},"25":{"loc":{"start":{"line":286,"column":27},"end":{"line":286,"column":40}},"type":"binary-expr","locations":[{"start":{"line":286,"column":27},"end":{"line":286,"column":40}},{"start":{"line":286,"column":38},"end":{"line":286,"column":40}}]},"26":{"loc":{"start":{"line":288,"column":6},"end":{"line":305,"column":7}},"type":"if","locations":[{"start":{"line":288,"column":6},"end":{"line":305,"column":7}}]},"27":{"loc":{"start":{"line":296,"column":8},"end":{"line":304,"column":9}},"type":"if","locations":[{"start":{"line":296,"column":8},"end":{"line":304,"column":9}}]},"28":{"loc":{"start":{"line":319,"column":16},"end":{"line":319,"column":40}},"type":"binary-expr","locations":[{"start":{"line":319,"column":16},"end":{"line":319,"column":32}},{"start":{"line":319,"column":36},"end":{"line":319,"column":40}}]},"29":{"loc":{"start":{"line":319,"column":16},"end":{"line":319,"column":32}},"type":"cond-expr","locations":[{"start":{"line":319,"column":24},"end":{"line":319,"column":26}},{"start":{"line":319,"column":24},"end":{"line":319,"column":32}}]},"30":{"loc":{"start":{"line":319,"column":16},"end":{"line":319,"column":26}},"type":"binary-expr","locations":[{"start":{"line":319,"column":16},"end":{"line":319,"column":26}},{"start":{"line":319,"column":24},"end":{"line":319,"column":26}}]},"31":{"loc":{"start":{"line":325,"column":17},"end":{"line":325,"column":73}},"type":"cond-expr","locations":[{"start":{"line":325,"column":42},"end":{"line":325,"column":55}},{"start":{"line":325,"column":58},"end":{"line":325,"column":73}}]},"32":{"loc":{"start":{"line":326,"column":17},"end":{"line":326,"column":65}},"type":"cond-expr","locations":[{"start":{"line":326,"column":42},"end":{"line":326,"column":53}},{"start":{"line":326,"column":56},"end":{"line":326,"column":65}}]},"33":{"loc":{"start":{"line":343,"column":6},"end":{"line":348,"column":7}},"type":"if","locations":[{"start":{"line":343,"column":6},"end":{"line":348,"column":7}}]},"34":{"loc":{"start":{"line":357,"column":6},"end":{"line":362,"column":7}},"type":"if","locations":[{"start":{"line":357,"column":6},"end":{"line":362,"column":7}}]},"35":{"loc":{"start":{"line":395,"column":6},"end":{"line":400,"column":7}},"type":"if","locations":[{"start":{"line":395,"column":6},"end":{"line":400,"column":7}}]},"36":{"loc":{"start":{"line":402,"column":6},"end":{"line":407,"column":7}},"type":"if","locations":[{"start":{"line":402,"column":6},"end":{"line":407,"column":7}}]},"37":{"loc":{"start":{"line":418,"column":6},"end":{"line":423,"column":7}},"type":"if","locations":[{"start":{"line":418,"column":6},"end":{"line":423,"column":7}}]},"38":{"loc":{"start":{"line":427,"column":6},"end":{"line":432,"column":7}},"type":"if","locations":[{"start":{"line":427,"column":6},"end":{"line":432,"column":7}}]},"39":{"loc":{"start":{"line":447,"column":15},"end":{"line":447,"column":81}},"type":"cond-expr","locations":[{"start":{"line":447,"column":56},"end":{"line":447,"column":69}},{"start":{"line":447,"column":72},"end":{"line":447,"column":81}}]},"40":{"loc":{"start":{"line":464,"column":6},"end":{"line":469,"column":7}},"type":"if","locations":[{"start":{"line":464,"column":6},"end":{"line":469,"column":7}}]},"41":{"loc":{"start":{"line":478,"column":27},"end":{"line":478,"column":50}},"type":"binary-expr","locations":[{"start":{"line":478,"column":27},"end":{"line":478,"column":44}},{"start":{"line":478,"column":48},"end":{"line":478,"column":50}}]},"42":{"loc":{"start":{"line":499,"column":15},"end":{"line":499,"column":81}},"type":"cond-expr","locations":[{"start":{"line":499,"column":56},"end":{"line":499,"column":69}},{"start":{"line":499,"column":72},"end":{"line":499,"column":81}}]},"43":{"loc":{"start":{"line":511,"column":6},"end":{"line":516,"column":7}},"type":"if","locations":[{"start":{"line":511,"column":6},"end":{"line":516,"column":7}}]},"44":{"loc":{"start":{"line":511,"column":10},"end":{"line":511,"column":32}},"type":"binary-expr","locations":[{"start":{"line":511,"column":10},"end":{"line":511,"column":16}},{"start":{"line":511,"column":20},"end":{"line":511,"column":32}}]},"45":{"loc":{"start":{"line":524,"column":8},"end":{"line":529,"column":9}},"type":"if","locations":[{"start":{"line":524,"column":8},"end":{"line":529,"column":9}}]},"46":{"loc":{"start":{"line":532,"column":61},"end":{"line":532,"column":84}},"type":"binary-expr","locations":[{"start":{"line":532,"column":61},"end":{"line":532,"column":78}},{"start":{"line":532,"column":82},"end":{"line":532,"column":84}}]},"47":{"loc":{"start":{"line":540,"column":8},"end":{"line":542,"column":9}},"type":"if","locations":[{"start":{"line":540,"column":8},"end":{"line":542,"column":9}}]},"48":{"loc":{"start":{"line":545,"column":8},"end":{"line":555,"column":9}},"type":"if","locations":[{"start":{"line":545,"column":8},"end":{"line":555,"column":9}}]},"49":{"loc":{"start":{"line":579,"column":15},"end":{"line":579,"column":81}},"type":"cond-expr","locations":[{"start":{"line":579,"column":56},"end":{"line":579,"column":69}},{"start":{"line":579,"column":72},"end":{"line":579,"column":81}}]},"50":{"loc":{"start":{"line":35,"column":22},"end":{"line":35,"column":65}},"type":"binary-expr","locations":[{"start":{"line":35,"column":22},"end":{"line":35,"column":44}},{"start":{"line":35,"column":48},"end":{"line":35,"column":65}}]},"51":{"loc":{"start":{"line":37,"column":4},"end":{"line":39,"column":5}},"type":"if","locations":[{"start":{"line":37,"column":4},"end":{"line":39,"column":5}}]}},"s":{"0":0,"1":0,"2":0,"3":0,"4":0,"5":0,"6":0,"7":0,"8":0,"9":0,"10":0,"11":0,"12":0,"13":0,"14":0,"15":0,"16":0,"17":0,"18":0,"19":0,"20":0,"21":0,"22":0,"23":0,"24":0,"25":0,"26":0,"27":0,"28":0,"29":0,"30":0,"31":0,"32":0,"33":0,"34":0,"35":0,"36":0,"37":0,"38":0,"39":0,"40":0,"41":0,"42":0,"43":0,"44":0,"45":0,"46":0,"47":0,"48":0,"49":0,"50":0,"51":0,"52":0,"53":0,"54":0,"55":0,"56":0,"57":0,"58":0,"59":0,"60":0,"61":0,"62":0,"63":0,"64":0,"65":0,"66":0,"67":0,"68":0,"69":0,"70":0,"71":0,"72":0,"73":0,"74":0,"75":0,"76":0,"77":0,"78":0,"79":0,"80":0,"81":0,"82":0,"83":0,"84":0,"85":0,"86":0,"87":0,"88":0,"89":0,"90":0,"91":0,"92":0,"93":0,"94":0,"95":0,"96":0,"97":0,"98":0,"99":0,"100":0,"101":0,"102":0,"103":0,"104":0,"105":0,"106":0,"107":0,"108":0,"109":0,"110":0,"111":0,"112":0,"113":0,"114":0,"115":0,"116":0,"117":0,"118":0,"119":0,"120":0,"121":0,"122":0,"123":0,"124":0,"125":0,"126":0,"127":0,"128":0,"129":0,"130":0,"131":0,"132":0,"133":0,"134":0,"135":0,"136":0,"137":0,"138":0,"139":0,"140":0,"141":0,"142":0,"143":0,"144":0,"145":0,"146":0,"147":0,"148":0,"149":0,"150":0,"151":0,"152":0,"153":0,"154":0,"155":0,"156":0,"157":0,"158":0,"159":0,"160":0,"161":0,"162":0,"163":0,"164":0,"165":0,"166":0,"167":0,"168":0,"169":0,"170":0,"171":0,"172":0,"173":0,"174":0},"f":{"0":0,"1":0,"2":0,"3":0,"4":0,"5":0,"6":0,"7":0,"8":0,"9":0},"b":{"0":[0],"1":[0],"2":[0,0],"3":[0,0],"4":[0,0],"5":[0,0],"6":[0,0],"7":[0,0],"8":[0,0],"9":[0,0],"10":[0],"11":[0],"12":[0],"13":[0,0],"14":[0,0],"15":[0,0],"16":[0],"17":[0,0],"18":[0,0],"19":[0,0],"20":[0],"21":[0],"22":[0],"23":[0,0],"24":[0,0],"25":[0,0],"26":[0],"27":[0],"28":[0,0],"29":[0,0],"30":[0,0],"31":[0,0],"32":[0,0],"33":[0],"34":[0],"35":[0],"36":[0],"37":[0],"38":[0],"39":[0,0],"40":[0],"41":[0,0],"42":[0,0],"43":[0],"44":[0,0],"45":[0],"46":[0,0],"47":[0],"48":[0],"49":[0,0],"50":[0,0],"51":[0]}}
,"C:\\PAom\\FollowMee\\Backend\\src\\controllers\\comment-reaction.controller.ts": {"path":"C:\\PAom\\FollowMee\\Backend\\src\\controllers\\comment-reaction.controller.ts","statementMap":{"0":{"start":{"line":6,"column":0},"end":{"line":6,"column":47}},"1":{"start":{"line":7,"column":0},"end":{"line":7,"column":40}},"2":{"start":{"line":11,"column":21},"end":{"line":11,"column":67}},"3":{"start":{"line":12,"column":21},"end":{"line":12,"column":59}},"4":{"start":{"line":15,"column":10},"end":{"line":15,"column":61}},"5":{"start":{"line":21,"column":17},"end":{"line":23,"column":6}},"6":{"start":{"line":24,"column":4},"end":{"line":24,"column":18}},"7":{"start":{"line":28,"column":4},"end":{"line":53,"column":5}},"8":{"start":{"line":29,"column":28},"end":{"line":29,"column":38}},"9":{"start":{"line":30,"column":58},"end":{"line":30,"column":66}},"10":{"start":{"line":31,"column":21},"end":{"line":31,"column":37}},"11":{"start":{"line":33,"column":6},"end":{"line":36,"column":7}},"12":{"start":{"line":34,"column":8},"end":{"line":34,"column":68}},"13":{"start":{"line":35,"column":8},"end":{"line":35,"column":15}},"14":{"start":{"line":39,"column":27},"end":{"line":39,"column":61}},"15":{"start":{"line":40,"column":6},"end":{"line":43,"column":7}},"16":{"start":{"line":41,"column":8},"end":{"line":41,"column":72}},"17":{"start":{"line":42,"column":8},"end":{"line":42,"column":15}},"18":{"start":{"line":45,"column":21},"end":{"line":48,"column":null}},"19":{"start":{"line":50,"column":6},"end":{"line":50,"column":60}},"20":{"start":{"line":52,"column":6},"end":{"line":52,"column":18}},"21":{"start":{"line":57,"column":4},"end":{"line":77,"column":5}},"22":{"start":{"line":58,"column":28},"end":{"line":58,"column":38}},"23":{"start":{"line":59,"column":21},"end":{"line":59,"column":37}},"24":{"start":{"line":61,"column":6},"end":{"line":64,"column":7}},"25":{"start":{"line":62,"column":8},"end":{"line":62,"column":68}},"26":{"start":{"line":63,"column":8},"end":{"line":63,"column":15}},"27":{"start":{"line":67,"column":27},"end":{"line":67,"column":61}},"28":{"start":{"line":68,"column":6},"end":{"line":71,"column":7}},"29":{"start":{"line":69,"column":8},"end":{"line":69,"column":72}},"30":{"start":{"line":70,"column":8},"end":{"line":70,"column":15}},"31":{"start":{"line":73,"column":6},"end":{"line":73,"column":82}},"32":{"start":{"line":74,"column":6},"end":{"line":74,"column":88}},"33":{"start":{"line":76,"column":6},"end":{"line":76,"column":18}},"34":{"start":{"line":81,"column":4},"end":{"line":87,"column":5}},"35":{"start":{"line":82,"column":28},"end":{"line":82,"column":38}},"36":{"start":{"line":83,"column":21},"end":{"line":83,"column":93}},"37":{"start":{"line":84,"column":6},"end":{"line":84,"column":60}},"38":{"start":{"line":86,"column":6},"end":{"line":86,"column":18}},"39":{"start":{"line":91,"column":4},"end":{"line":109,"column":5}},"40":{"start":{"line":92,"column":19},"end":{"line":92,"column":27}},"41":{"start":{"line":93,"column":21},"end":{"line":93,"column":46}},"42":{"start":{"line":95,"column":6},"end":{"line":98,"column":7}},"43":{"start":{"line":96,"column":8},"end":{"line":96,"column":62}},"44":{"start":{"line":97,"column":8},"end":{"line":97,"column":15}},"45":{"start":{"line":100,"column":6},"end":{"line":103,"column":7}},"46":{"start":{"line":101,"column":8},"end":{"line":101,"column":58}},"47":{"start":{"line":102,"column":8},"end":{"line":102,"column":15}},"48":{"start":{"line":105,"column":21},"end":{"line":105,"column":90}},"49":{"start":{"line":106,"column":6},"end":{"line":106,"column":60}},"50":{"start":{"line":108,"column":6},"end":{"line":108,"column":18}},"51":{"start":{"line":9,"column":0},"end":{"line":9,"column":13}}},"fnMap":{"0":{"name":"(anonymous_1)","decl":{"start":{"line":10,"column":2},"end":{"line":10,"column":null}},"loc":{"start":{"line":12,"column":59},"end":{"line":13,"column":6}}},"1":{"name":"(anonymous_2)","decl":{"start":{"line":20,"column":10},"end":{"line":20,"column":15}},"loc":{"start":{"line":20,"column":46},"end":{"line":25,"column":3}}},"2":{"name":"(anonymous_3)","decl":{"start":{"line":27,"column":2},"end":{"line":27,"column":7}},"loc":{"start":{"line":27,"column":78},"end":{"line":54,"column":3}}},"3":{"name":"(anonymous_4)","decl":{"start":{"line":56,"column":2},"end":{"line":56,"column":7}},"loc":{"start":{"line":56,"column":70},"end":{"line":78,"column":3}}},"4":{"name":"(anonymous_5)","decl":{"start":{"line":80,"column":2},"end":{"line":80,"column":7}},"loc":{"start":{"line":80,"column":75},"end":{"line":88,"column":3}}},"5":{"name":"(anonymous_6)","decl":{"start":{"line":90,"column":2},"end":{"line":90,"column":7}},"loc":{"start":{"line":90,"column":74},"end":{"line":110,"column":3}}}},"branchMap":{"0":{"loc":{"start":{"line":31,"column":21},"end":{"line":31,"column":37}},"type":"cond-expr","locations":[{"start":{"line":31,"column":29},"end":{"line":31,"column":31}},{"start":{"line":31,"column":29},"end":{"line":31,"column":37}}]},"1":{"loc":{"start":{"line":31,"column":21},"end":{"line":31,"column":31}},"type":"binary-expr","locations":[{"start":{"line":31,"column":21},"end":{"line":31,"column":31}},{"start":{"line":31,"column":29},"end":{"line":31,"column":31}}]},"2":{"loc":{"start":{"line":33,"column":6},"end":{"line":36,"column":7}},"type":"if","locations":[{"start":{"line":33,"column":6},"end":{"line":36,"column":7}}]},"3":{"loc":{"start":{"line":40,"column":6},"end":{"line":43,"column":7}},"type":"if","locations":[{"start":{"line":40,"column":6},"end":{"line":43,"column":7}}]},"4":{"loc":{"start":{"line":59,"column":21},"end":{"line":59,"column":37}},"type":"cond-expr","locations":[{"start":{"line":59,"column":29},"end":{"line":59,"column":31}},{"start":{"line":59,"column":29},"end":{"line":59,"column":37}}]},"5":{"loc":{"start":{"line":59,"column":21},"end":{"line":59,"column":31}},"type":"binary-expr","locations":[{"start":{"line":59,"column":21},"end":{"line":59,"column":31}},{"start":{"line":59,"column":29},"end":{"line":59,"column":31}}]},"6":{"loc":{"start":{"line":61,"column":6},"end":{"line":64,"column":7}},"type":"if","locations":[{"start":{"line":61,"column":6},"end":{"line":64,"column":7}}]},"7":{"loc":{"start":{"line":68,"column":6},"end":{"line":71,"column":7}},"type":"if","locations":[{"start":{"line":68,"column":6},"end":{"line":71,"column":7}}]},"8":{"loc":{"start":{"line":93,"column":21},"end":{"line":93,"column":46}},"type":"cond-expr","locations":[{"start":{"line":93,"column":38},"end":{"line":93,"column":40}},{"start":{"line":93,"column":38},"end":{"line":93,"column":46}}]},"9":{"loc":{"start":{"line":93,"column":21},"end":{"line":93,"column":40}},"type":"binary-expr","locations":[{"start":{"line":93,"column":21},"end":{"line":93,"column":40}},{"start":{"line":93,"column":38},"end":{"line":93,"column":40}}]},"10":{"loc":{"start":{"line":95,"column":6},"end":{"line":98,"column":7}},"type":"if","locations":[{"start":{"line":95,"column":6},"end":{"line":98,"column":7}}]},"11":{"loc":{"start":{"line":100,"column":6},"end":{"line":103,"column":7}},"type":"if","locations":[{"start":{"line":100,"column":6},"end":{"line":103,"column":7}}]}},"s":{"0":0,"1":0,"2":0,"3":0,"4":0,"5":0,"6":0,"7":0,"8":0,"9":0,"10":0,"11":0,"12":0,"13":0,"14":0,"15":0,"16":0,"17":0,"18":0,"19":0,"20":0,"21":0,"22":0,"23":0,"24":0,"25":0,"26":0,"27":0,"28":0,"29":0,"30":0,"31":0,"32":0,"33":0,"34":0,"35":0,"36":0,"37":0,"38":0,"39":0,"40":0,"41":0,"42":0,"43":0,"44":0,"45":0,"46":0,"47":0,"48":0,"49":0,"50":0,"51":0},"f":{"0":0,"1":0,"2":0,"3":0,"4":0,"5":0},"b":{"0":[0,0],"1":[0,0],"2":[0],"3":[0],"4":[0,0],"5":[0,0],"6":[0],"7":[0],"8":[0,0],"9":[0,0],"10":[0],"11":[0]}}
,"C:\\PAom\\FollowMee\\Backend\\src\\controllers\\customer.controller.ts": {"path":"C:\\PAom\\FollowMee\\Backend\\src\\controllers\\customer.controller.ts","statementMap":{"0":{"start":{"line":3,"column":0},"end":{"line":3,"column":64}},"1":{"start":{"line":4,"column":0},"end":{"line":4,"column":64}},"2":{"start":{"line":5,"column":0},"end":{"line":5,"column":43}},"3":{"start":{"line":6,"column":0},"end":{"line":6,"column":52}},"4":{"start":{"line":7,"column":0},"end":{"line":7,"column":68}},"5":{"start":{"line":8,"column":0},"end":{"line":8,"column":106}},"6":{"start":{"line":11,"column":31},"end":{"line":11,"column":63}},"7":{"start":{"line":17,"column":4},"end":{"line":46,"column":5}},"8":{"start":{"line":18,"column":21},"end":{"line":18,"column":31}},"9":{"start":{"line":19,"column":6},"end":{"line":24,"column":7}},"10":{"start":{"line":20,"column":8},"end":{"line":23,"column":11}},"11":{"start":{"line":26,"column":23},"end":{"line":26,"column":70}},"12":{"start":{"line":27,"column":6},"end":{"line":32,"column":7}},"13":{"start":{"line":28,"column":8},"end":{"line":31,"column":11}},"14":{"start":{"line":34,"column":6},"end":{"line":37,"column":9}},"15":{"start":{"line":39,"column":6},"end":{"line":39,"column":69}},"16":{"start":{"line":40,"column":27},"end":{"line":40,"column":95}},"17":{"start":{"line":41,"column":6},"end":{"line":45,"column":9}},"18":{"start":{"line":53,"column":4},"end":{"line":84,"column":5}},"19":{"start":{"line":54,"column":19},"end":{"line":54,"column":58}},"20":{"start":{"line":55,"column":20},"end":{"line":55,"column":61}},"21":{"start":{"line":56,"column":30},"end":{"line":56,"column":61}},"22":{"start":{"line":59,"column":24},"end":{"line":59,"column":75}},"23":{"start":{"line":62,"column":20},"end":{"line":62,"column":36}},"24":{"start":{"line":63,"column":20},"end":{"line":63,"column":38}},"25":{"start":{"line":64,"column":33},"end":{"line":64,"column":70}},"26":{"start":{"line":66,"column":6},"end":{"line":75,"column":9}},"27":{"start":{"line":77,"column":6},"end":{"line":77,"column":55}},"28":{"start":{"line":78,"column":27},"end":{"line":78,"column":95}},"29":{"start":{"line":79,"column":6},"end":{"line":83,"column":9}},"30":{"start":{"line":91,"column":4},"end":{"line":119,"column":5}},"31":{"start":{"line":92,"column":25},"end":{"line":92,"column":34}},"32":{"start":{"line":93,"column":6},"end":{"line":98,"column":7}},"33":{"start":{"line":94,"column":8},"end":{"line":97,"column":11}},"34":{"start":{"line":100,"column":22},"end":{"line":100,"column":82}},"35":{"start":{"line":102,"column":6},"end":{"line":110,"column":9}},"36":{"start":{"line":112,"column":6},"end":{"line":112,"column":57}},"37":{"start":{"line":113,"column":27},"end":{"line":113,"column":95}},"38":{"start":{"line":114,"column":6},"end":{"line":118,"column":9}},"39":{"start":{"line":126,"column":4},"end":{"line":149,"column":5}},"40":{"start":{"line":127,"column":21},"end":{"line":127,"column":31}},"41":{"start":{"line":128,"column":23},"end":{"line":128,"column":61}},"42":{"start":{"line":130,"column":6},"end":{"line":135,"column":7}},"43":{"start":{"line":131,"column":8},"end":{"line":134,"column":11}},"44":{"start":{"line":137,"column":6},"end":{"line":140,"column":9}},"45":{"start":{"line":142,"column":6},"end":{"line":142,"column":54}},"46":{"start":{"line":143,"column":27},"end":{"line":143,"column":95}},"47":{"start":{"line":144,"column":6},"end":{"line":148,"column":9}},"48":{"start":{"line":156,"column":4},"end":{"line":213,"column":5}},"49":{"start":{"line":158,"column":47},"end":{"line":158,"column":55}},"50":{"start":{"line":160,"column":32},"end":{"line":160,"column":80}},"51":{"start":{"line":161,"column":21},"end":{"line":161,"column":54}},"52":{"start":{"line":163,"column":6},"end":{"line":169,"column":7}},"53":{"start":{"line":164,"column":8},"end":{"line":168,"column":11}},"54":{"start":{"line":167,"column":36},"end":{"line":167,"column":72}},"55":{"start":{"line":172,"column":23},"end":{"line":172,"column":75}},"56":{"start":{"line":175,"column":6},"end":{"line":186,"column":7}},"57":{"start":{"line":176,"column":8},"end":{"line":185,"column":9}},"58":{"start":{"line":177,"column":27},"end":{"line":177,"column":63}},"59":{"start":{"line":178,"column":10},"end":{"line":180,"column":13}},"60":{"start":{"line":182,"column":10},"end":{"line":182,"column":66}},"61":{"start":{"line":188,"column":22},"end":{"line":188,"column":90}},"62":{"start":{"line":190,"column":6},"end":{"line":194,"column":9}},"63":{"start":{"line":196,"column":6},"end":{"line":196,"column":55}},"64":{"start":{"line":197,"column":27},"end":{"line":197,"column":95}},"65":{"start":{"line":200,"column":6},"end":{"line":206,"column":7}},"66":{"start":{"line":201,"column":8},"end":{"line":205,"column":11}},"67":{"start":{"line":208,"column":6},"end":{"line":212,"column":9}},"68":{"start":{"line":220,"column":4},"end":{"line":298,"column":5}},"69":{"start":{"line":221,"column":21},"end":{"line":221,"column":31}},"70":{"start":{"line":222,"column":44},"end":{"line":222,"column":52}},"71":{"start":{"line":225,"column":25},"end":{"line":225,"column":70}},"72":{"start":{"line":227,"column":21},"end":{"line":227,"column":80}},"73":{"start":{"line":229,"column":6},"end":{"line":235,"column":7}},"74":{"start":{"line":230,"column":8},"end":{"line":234,"column":11}},"75":{"start":{"line":233,"column":36},"end":{"line":233,"column":72}},"76":{"start":{"line":238,"column":6},"end":{"line":251,"column":7}},"77":{"start":{"line":240,"column":25},"end":{"line":240,"column":63}},"78":{"start":{"line":241,"column":8},"end":{"line":248,"column":9}},"79":{"start":{"line":242,"column":10},"end":{"line":247,"column":11}},"80":{"start":{"line":243,"column":12},"end":{"line":243,"column":66}},"81":{"start":{"line":245,"column":12},"end":{"line":245,"column":74}},"82":{"start":{"line":250,"column":8},"end":{"line":250,"column":43}},"83":{"start":{"line":254,"column":6},"end":{"line":263,"column":7}},"84":{"start":{"line":255,"column":8},"end":{"line":262,"column":9}},"85":{"start":{"line":256,"column":27},"end":{"line":256,"column":63}},"86":{"start":{"line":257,"column":10},"end":{"line":257,"column":49}},"87":{"start":{"line":259,"column":10},"end":{"line":259,"column":66}},"88":{"start":{"line":265,"column":23},"end":{"line":265,"column":72}},"89":{"start":{"line":267,"column":6},"end":{"line":272,"column":7}},"90":{"start":{"line":268,"column":8},"end":{"line":271,"column":11}},"91":{"start":{"line":274,"column":6},"end":{"line":279,"column":9}},"92":{"start":{"line":281,"column":6},"end":{"line":281,"column":55}},"93":{"start":{"line":282,"column":27},"end":{"line":282,"column":95}},"94":{"start":{"line":285,"column":6},"end":{"line":291,"column":7}},"95":{"start":{"line":286,"column":8},"end":{"line":290,"column":11}},"96":{"start":{"line":293,"column":6},"end":{"line":297,"column":9}},"97":{"start":{"line":305,"column":4},"end":{"line":368,"column":5}},"98":{"start":{"line":306,"column":29},"end":{"line":306,"column":39}},"99":{"start":{"line":307,"column":19},"end":{"line":307,"column":62}},"100":{"start":{"line":309,"column":6},"end":{"line":314,"column":7}},"101":{"start":{"line":310,"column":8},"end":{"line":313,"column":11}},"102":{"start":{"line":317,"column":25},"end":{"line":317,"column":48}},"103":{"start":{"line":318,"column":6},"end":{"line":323,"column":7}},"104":{"start":{"line":319,"column":8},"end":{"line":322,"column":11}},"105":{"start":{"line":326,"column":23},"end":{"line":326,"column":69}},"106":{"start":{"line":327,"column":6},"end":{"line":332,"column":7}},"107":{"start":{"line":328,"column":8},"end":{"line":331,"column":11}},"108":{"start":{"line":335,"column":23},"end":{"line":335,"column":80}},"109":{"start":{"line":338,"column":6},"end":{"line":345,"column":7}},"110":{"start":{"line":339,"column":8},"end":{"line":344,"column":9}},"111":{"start":{"line":340,"column":10},"end":{"line":340,"column":64}},"112":{"start":{"line":342,"column":10},"end":{"line":342,"column":76}},"113":{"start":{"line":348,"column":30},"end":{"line":350,"column":29}},"114":{"start":{"line":352,"column":6},"end":{"line":359,"column":9}},"115":{"start":{"line":361,"column":6},"end":{"line":361,"column":76}},"116":{"start":{"line":362,"column":27},"end":{"line":362,"column":95}},"117":{"start":{"line":363,"column":6},"end":{"line":367,"column":9}},"118":{"start":{"line":375,"column":4},"end":{"line":413,"column":5}},"119":{"start":{"line":376,"column":29},"end":{"line":376,"column":39}},"120":{"start":{"line":379,"column":23},"end":{"line":379,"column":69}},"121":{"start":{"line":380,"column":6},"end":{"line":385,"column":7}},"122":{"start":{"line":381,"column":8},"end":{"line":384,"column":11}},"123":{"start":{"line":388,"column":6},"end":{"line":393,"column":7}},"124":{"start":{"line":389,"column":8},"end":{"line":389,"column":62}},"125":{"start":{"line":391,"column":8},"end":{"line":391,"column":70}},"126":{"start":{"line":396,"column":30},"end":{"line":398,"column":29}},"127":{"start":{"line":400,"column":6},"end":{"line":404,"column":9}},"128":{"start":{"line":406,"column":6},"end":{"line":406,"column":61}},"129":{"start":{"line":407,"column":27},"end":{"line":407,"column":95}},"130":{"start":{"line":408,"column":6},"end":{"line":412,"column":9}},"131":{"start":{"line":420,"column":4},"end":{"line":457,"column":5}},"132":{"start":{"line":421,"column":21},"end":{"line":421,"column":31}},"133":{"start":{"line":424,"column":23},"end":{"line":424,"column":61}},"134":{"start":{"line":425,"column":6},"end":{"line":430,"column":7}},"135":{"start":{"line":426,"column":8},"end":{"line":429,"column":11}},"136":{"start":{"line":433,"column":6},"end":{"line":440,"column":7}},"137":{"start":{"line":434,"column":8},"end":{"line":439,"column":9}},"138":{"start":{"line":435,"column":10},"end":{"line":435,"column":64}},"139":{"start":{"line":437,"column":10},"end":{"line":437,"column":72}},"140":{"start":{"line":443,"column":6},"end":{"line":443,"column":44}},"141":{"start":{"line":445,"column":6},"end":{"line":448,"column":9}},"142":{"start":{"line":450,"column":6},"end":{"line":450,"column":55}},"143":{"start":{"line":451,"column":27},"end":{"line":451,"column":95}},"144":{"start":{"line":452,"column":6},"end":{"line":456,"column":9}},"145":{"start":{"line":470,"column":4},"end":{"line":484,"column":5}},"146":{"start":{"line":471,"column":34},"end":{"line":471,"column":78}},"147":{"start":{"line":472,"column":6},"end":{"line":475,"column":9}},"148":{"start":{"line":477,"column":27},"end":{"line":477,"column":95}},"149":{"start":{"line":478,"column":6},"end":{"line":478,"column":74}},"150":{"start":{"line":479,"column":6},"end":{"line":483,"column":9}},"151":{"start":{"line":10,"column":0},"end":{"line":10,"column":13}}},"fnMap":{"0":{"name":"(anonymous_0)","decl":{"start":{"line":11,"column":2},"end":{"line":11,"column":31}},"loc":{"start":{"line":11,"column":63},"end":{"line":11,"column":67}}},"1":{"name":"(anonymous_1)","decl":{"start":{"line":16,"column":2},"end":{"line":16,"column":7}},"loc":{"start":{"line":16,"column":60},"end":{"line":47,"column":3}}},"2":{"name":"(anonymous_2)","decl":{"start":{"line":52,"column":2},"end":{"line":52,"column":7}},"loc":{"start":{"line":52,"column":48},"end":{"line":85,"column":3}}},"3":{"name":"(anonymous_3)","decl":{"start":{"line":90,"column":2},"end":{"line":90,"column":7}},"loc":{"start":{"line":90,"column":51},"end":{"line":120,"column":3}}},"4":{"name":"(anonymous_4)","decl":{"start":{"line":125,"column":2},"end":{"line":125,"column":7}},"loc":{"start":{"line":125,"column":51},"end":{"line":150,"column":3}}},"5":{"name":"(anonymous_5)","decl":{"start":{"line":155,"column":2},"end":{"line":155,"column":7}},"loc":{"start":{"line":155,"column":50},"end":{"line":214,"column":3}}},"6":{"name":"(anonymous_6)","decl":{"start":{"line":167,"column":29},"end":{"line":167,"column":32}},"loc":{"start":{"line":167,"column":36},"end":{"line":167,"column":72}}},"7":{"name":"(anonymous_7)","decl":{"start":{"line":219,"column":2},"end":{"line":219,"column":7}},"loc":{"start":{"line":219,"column":50},"end":{"line":299,"column":3}}},"8":{"name":"(anonymous_8)","decl":{"start":{"line":233,"column":29},"end":{"line":233,"column":32}},"loc":{"start":{"line":233,"column":36},"end":{"line":233,"column":72}}},"9":{"name":"(anonymous_9)","decl":{"start":{"line":304,"column":2},"end":{"line":304,"column":7}},"loc":{"start":{"line":304,"column":55},"end":{"line":369,"column":3}}},"10":{"name":"(anonymous_10)","decl":{"start":{"line":374,"column":2},"end":{"line":374,"column":7}},"loc":{"start":{"line":374,"column":55},"end":{"line":414,"column":3}}},"11":{"name":"(anonymous_11)","decl":{"start":{"line":419,"column":2},"end":{"line":419,"column":7}},"loc":{"start":{"line":419,"column":50},"end":{"line":458,"column":3}}},"12":{"name":"(anonymous_12)","decl":{"start":{"line":469,"column":2},"end":{"line":469,"column":7}},"loc":{"start":{"line":469,"column":59},"end":{"line":485,"column":3}}}},"branchMap":{"0":{"loc":{"start":{"line":19,"column":6},"end":{"line":24,"column":7}},"type":"if","locations":[{"start":{"line":19,"column":6},"end":{"line":24,"column":7}}]},"1":{"loc":{"start":{"line":27,"column":6},"end":{"line":32,"column":7}},"type":"if","locations":[{"start":{"line":27,"column":6},"end":{"line":32,"column":7}}]},"2":{"loc":{"start":{"line":40,"column":27},"end":{"line":40,"column":95}},"type":"cond-expr","locations":[{"start":{"line":40,"column":52},"end":{"line":40,"column":65}},{"start":{"line":40,"column":68},"end":{"line":40,"column":95}}]},"3":{"loc":{"start":{"line":54,"column":19},"end":{"line":54,"column":58}},"type":"binary-expr","locations":[{"start":{"line":54,"column":19},"end":{"line":54,"column":53}},{"start":{"line":54,"column":57},"end":{"line":54,"column":58}}]},"4":{"loc":{"start":{"line":55,"column":20},"end":{"line":55,"column":61}},"type":"binary-expr","locations":[{"start":{"line":55,"column":20},"end":{"line":55,"column":55}},{"start":{"line":55,"column":59},"end":{"line":55,"column":61}}]},"5":{"loc":{"start":{"line":78,"column":27},"end":{"line":78,"column":95}},"type":"cond-expr","locations":[{"start":{"line":78,"column":52},"end":{"line":78,"column":65}},{"start":{"line":78,"column":68},"end":{"line":78,"column":95}}]},"6":{"loc":{"start":{"line":93,"column":6},"end":{"line":98,"column":7}},"type":"if","locations":[{"start":{"line":93,"column":6},"end":{"line":98,"column":7}}]},"7":{"loc":{"start":{"line":113,"column":27},"end":{"line":113,"column":95}},"type":"cond-expr","locations":[{"start":{"line":113,"column":52},"end":{"line":113,"column":65}},{"start":{"line":113,"column":68},"end":{"line":113,"column":95}}]},"8":{"loc":{"start":{"line":130,"column":6},"end":{"line":135,"column":7}},"type":"if","locations":[{"start":{"line":130,"column":6},"end":{"line":135,"column":7}}]},"9":{"loc":{"start":{"line":143,"column":27},"end":{"line":143,"column":95}},"type":"cond-expr","locations":[{"start":{"line":143,"column":52},"end":{"line":143,"column":65}},{"start":{"line":143,"column":68},"end":{"line":143,"column":95}}]},"10":{"loc":{"start":{"line":163,"column":6},"end":{"line":169,"column":7}},"type":"if","locations":[{"start":{"line":163,"column":6},"end":{"line":169,"column":7}}]},"11":{"loc":{"start":{"line":167,"column":50},"end":{"line":167,"column":71}},"type":"binary-expr","locations":[{"start":{"line":167,"column":50},"end":{"line":167,"column":65}},{"start":{"line":167,"column":69},"end":{"line":167,"column":71}}]},"12":{"loc":{"start":{"line":175,"column":6},"end":{"line":186,"column":7}},"type":"if","locations":[{"start":{"line":175,"column":6},"end":{"line":186,"column":7}}]},"13":{"loc":{"start":{"line":188,"column":57},"end":{"line":188,"column":89}},"type":"cond-expr","locations":[{"start":{"line":188,"column":71},"end":{"line":188,"column":84}},{"start":{"line":188,"column":87},"end":{"line":188,"column":89}}]},"14":{"loc":{"start":{"line":197,"column":27},"end":{"line":197,"column":95}},"type":"cond-expr","locations":[{"start":{"line":197,"column":52},"end":{"line":197,"column":65}},{"start":{"line":197,"column":68},"end":{"line":197,"column":95}}]},"15":{"loc":{"start":{"line":200,"column":6},"end":{"line":206,"column":7}},"type":"if","locations":[{"start":{"line":200,"column":6},"end":{"line":206,"column":7}}]},"16":{"loc":{"start":{"line":200,"column":10},"end":{"line":200,"column":141}},"type":"binary-expr","locations":[{"start":{"line":200,"column":10},"end":{"line":200,"column":55}},{"start":{"line":200,"column":59},"end":{"line":200,"column":93}},{"start":{"line":200,"column":97},"end":{"line":200,"column":141}}]},"17":{"loc":{"start":{"line":229,"column":6},"end":{"line":235,"column":7}},"type":"if","locations":[{"start":{"line":229,"column":6},"end":{"line":235,"column":7}}]},"18":{"loc":{"start":{"line":233,"column":50},"end":{"line":233,"column":71}},"type":"binary-expr","locations":[{"start":{"line":233,"column":50},"end":{"line":233,"column":65}},{"start":{"line":233,"column":69},"end":{"line":233,"column":71}}]},"19":{"loc":{"start":{"line":238,"column":6},"end":{"line":251,"column":7}},"type":"if","locations":[{"start":{"line":238,"column":6},"end":{"line":251,"column":7}}]},"20":{"loc":{"start":{"line":241,"column":8},"end":{"line":248,"column":9}},"type":"if","locations":[{"start":{"line":241,"column":8},"end":{"line":248,"column":9}}]},"21":{"loc":{"start":{"line":241,"column":12},"end":{"line":241,"column":49}},"type":"binary-expr","locations":[{"start":{"line":241,"column":12},"end":{"line":241,"column":20}},{"start":{"line":241,"column":24},"end":{"line":241,"column":49}}]},"22":{"loc":{"start":{"line":254,"column":6},"end":{"line":263,"column":7}},"type":"if","locations":[{"start":{"line":254,"column":6},"end":{"line":263,"column":7}}]},"23":{"loc":{"start":{"line":254,"column":10},"end":{"line":254,"column":48}},"type":"binary-expr","locations":[{"start":{"line":254,"column":10},"end":{"line":254,"column":21}},{"start":{"line":254,"column":25},"end":{"line":254,"column":48}}]},"24":{"loc":{"start":{"line":267,"column":6},"end":{"line":272,"column":7}},"type":"if","locations":[{"start":{"line":267,"column":6},"end":{"line":272,"column":7}}]},"25":{"loc":{"start":{"line":277,"column":17},"end":{"line":278,"column":112}},"type":"cond-expr","locations":[{"start":{"line":277,"column":42},"end":{"line":277,"column":91}},{"start":{"line":278,"column":18},"end":{"line":278,"column":112}}]},"26":{"loc":{"start":{"line":278,"column":18},"end":{"line":278,"column":112}},"type":"cond-expr","locations":[{"start":{"line":278,"column":32},"end":{"line":278,"column":78}},{"start":{"line":278,"column":81},"end":{"line":278,"column":112}}]},"27":{"loc":{"start":{"line":282,"column":27},"end":{"line":282,"column":95}},"type":"cond-exp
[...]
,"C:\\PAom\\FollowMee\\Backend\\src\\utils\\crypto.util.ts": {"path":"C:\\PAom\\FollowMee\\Backend\\src\\utils\\crypto.util.ts","statementMap":{"0":{"start":{"line":12,"column":0},"end":{"line":12,"column":16}},"1":{"start":{"line":24,"column":0},"end":{"line":24,"column":16}},"2":{"start":{"line":36,"column":0},"end":{"line":36,"column":16}},"3":{"start":{"line":1,"column":0},"end":{"line":1,"column":33}},"4":{"start":{"line":13,"column":2},"end":{"line":13,"column":64}},"5":{"start":{"line":28,"column":2},"end":{"line":28,"column":30}},"6":{"start":{"line":37,"column":2},"end":{"line":37,"column":84}}},"fnMap":{"0":{"name":"sha256","decl":{"start":{"line":12,"column":16},"end":{"line":12,"column":22}},"loc":{"start":{"line":12,"column":35},"end":{"line":14,"column":1}}},"1":{"name":"verifyClientHash","decl":{"start":{"line":24,"column":16},"end":{"line":24,"column":32}},"loc":{"start":{"line":24,"column":101},"end":{"line":29,"column":1}}},"2":{"name":"generateSalt","decl":{"start":{"line":36,"column":16},"end":{"line":36,"column":28}},"loc":{"start":{"line":36,"column":48},"end":{"line":38,"column":1}}}},"branchMap":{"0":{"loc":{"start":{"line":24,"column":63},"end":{"line":24,"column":101}},"type":"default-arg","locations":[{"start":{"line":24,"column":78},"end":{"line":24,"column":101}}]},"1":{"loc":{"start":{"line":36,"column":29},"end":{"line":36,"column":48}},"type":"default-arg","locations":[{"start":{"line":36,"column":46},"end":{"line":36,"column":48}}]}},"s":{"0":0,"1":0,"2":0,"3":0,"4":0,"5":0,"6":0},"f":{"0":0,"1":0,"2":0},"b":{"0":[0],"1":[0]}}
,"C:\\PAom\\FollowMee\\Backend\\src\\utils\\date.utils.ts": {"path":"C:\\PAom\\FollowMee\\Backend\\src\\utils\\date.utils.ts","statementMap":{"0":{"start":{"line":10,"column":0},"end":{"line":10,"column":16}},"1":{"start":{"line":37,"column":0},"end":{"line":37,"column":16}},"2":{"start":{"line":72,"column":0},"end":{"line":72,"column":16}},"3":{"start":{"line":11,"column":2},"end":{"line":11,"column":25}},"4":{"start":{"line":11,"column":13},"end":{"line":11,"column":25}},"5":{"start":{"line":13,"column":2},"end":{"line":29,"column":3}},"6":{"start":{"line":15,"column":22},"end":{"line":15,"column":70}},"7":{"start":{"line":17,"column":6},"end":{"line":20,"column":7}},"8":{"start":{"line":18,"column":10},"end":{"line":18,"column":81}},"9":{"start":{"line":19,"column":10},"end":{"line":19,"column":22}},"10":{"start":{"line":23,"column":6},"end":{"line":25,"column":34}},"11":{"start":{"line":27,"column":6},"end":{"line":27,"column":53}},"12":{"start":{"line":28,"column":6},"end":{"line":28,"column":18}},"13":{"start":{"line":38,"column":2},"end":{"line":38,"column":50}},"14":{"start":{"line":38,"column":39},"end":{"line":38,"column":50}},"15":{"start":{"line":40,"column":2},"end":{"line":42,"column":3}},"16":{"start":{"line":41,"column":6},"end":{"line":41,"column":48}},"17":{"start":{"line":44,"column":2},"end":{"line":46,"column":3}},"18":{"start":{"line":45,"column":6},"end":{"line":45,"column":62}},"19":{"start":{"line":45,"column":29},"end":{"line":45,"column":53}},"20":{"start":{"line":48,"column":22},"end":{"line":48,"column":24}},"21":{"start":{"line":49,"column":2},"end":{"line":64,"column":3}},"22":{"start":{"line":50,"column":6},"end":{"line":63,"column":7}},"23":{"start":{"line":51,"column":25},"end":{"line":51,"column":41}},"24":{"start":{"line":54,"column":10},"end":{"line":59,"column":11}},"25":{"start":{"line":55,"column":14},"end":{"line":58,"column":15}},"26":{"start":{"line":56,"column":18},"end":{"line":56,"column":62}},"27":{"start":{"line":57,"column":18},"end":{"line":57,"column":27}},"28":{"start":{"line":62,"column":10},"end":{"line":62,"column":50}},"29":{"start":{"line":66,"column":2},"end":{"line":66,"column":16}},"30":{"start":{"line":73,"column":23},"end":{"line":73,"column":31}},"31":{"start":{"line":75,"column":2},"end":{"line":82,"column":4}},"32":{"start":{"line":76,"column":4},"end":{"line":80,"column":5}},"33":{"start":{"line":78,"column":28},"end":{"line":78,"column":52}},"34":{"start":{"line":79,"column":6},"end":{"line":79,"column":52}},"35":{"start":{"line":81,"column":4},"end":{"line":81,"column":41}},"36":{"start":{"line":84,"column":2},"end":{"line":84,"column":9}}},"fnMap":{"0":{"name":"formatDateWithTimezone","decl":{"start":{"line":10,"column":16},"end":{"line":10,"column":38}},"loc":{"start":{"line":10,"column":77},"end":{"line":30,"column":1}}},"1":{"name":"processObjectDates","decl":{"start":{"line":37,"column":16},"end":{"line":37,"column":34}},"loc":{"start":{"line":37,"column":44},"end":{"line":67,"column":1}}},"2":{"name":"(anonymous_2)","decl":{"start":{"line":45,"column":21},"end":{"line":45,"column":25}},"loc":{"start":{"line":45,"column":29},"end":{"line":45,"column":53}}},"3":{"name":"dateResponseFormatter","decl":{"start":{"line":72,"column":16},"end":{"line":72,"column":37}},"loc":{"start":{"line":72,"column":72},"end":{"line":85,"column":1}}},"4":{"name":"(anonymous_4)","decl":{"start":{"line":75,"column":13},"end":{"line":75,"column":22}},"loc":{"start":{"line":75,"column":31},"end":{"line":82,"column":3}}}},"branchMap":{"0":{"loc":{"start":{"line":11,"column":2},"end":{"line":11,"column":25}},"type":"if","locations":[{"start":{"line":11,"column":2},"end":{"line":11,"column":25}}]},"1":{"loc":{"start":{"line":15,"column":22},"end":{"line":15,"column":70}},"type":"cond-expr","locations":[{"start":{"line":15,"column":49},"end":{"line":15,"column":63}},{"start":{"line":15,"column":66},"end":{"line":15,"column":70}}]},"2":{"loc":{"start":{"line":17,"column":6},"end":{"line":20,"column":7}},"type":"if","locations":[{"start":{"line":17,"column":6},"end":{"line":20,"column":7}}]},"3":{"loc":{"start":{"line":38,"column":2},"end":{"line":38,"column":50}},"type":"if","locations":[{"start":{"line":38,"column":2},"end":{"line":38,"column":50}}]},"4":{"loc":{"start":{"line":38,"column":6},"end":{"line":38,"column":37}},"type":"binary-expr","locations":[{"start":{"line":38,"column":6},"end":{"line":38,"column":10}},{"start":{"line":38,"column":14},"end":{"line":38,"column":37}}]},"5":{"loc":{"start":{"line":40,"column":2},"end":{"line":42,"column":3}},"type":"if","locations":[{"start":{"line":40,"column":2},"end":{"line":42,"column":3}}]},"6":{"loc":{"start":{"line":44,"column":2},"end":{"line":46,"column":3}},"type":"if","locations":[{"start":{"line":44,"column":2},"end":{"line":46,"column":3}}]},"7":{"loc":{"start":{"line":50,"column":6},"end":{"line":63,"column":7}},"type":"if","locations":[{"start":{"line":50,"column":6},"end":{"line":63,"column":7}}]},"8":{"loc":{"start":{"line":54,"column":10},"end":{"line":59,"column":11}},"type":"if","locations":[{"start":{"line":54,"column":10},"end":{"line":59,"column":11}}]},"9":{"loc":{"start":{"line":54,"column":14},"end":{"line":54,"column":84}},"type":"binary-expr","locations":[{"start":{"line":54,"column":14},"end":{"line":54,"column":48}},{"start":{"line":54,"column":52},"end":{"line":54,"column":84}}]},"10":{"loc":{"start":{"line":55,"column":14},"end":{"line":58,"column":15}},"type":"if","locations":[{"start":{"line":55,"column":14},"end":{"line":58,"column":15}}]},"11":{"loc":{"start":{"line":55,"column":18},"end":{"line":55,"column":99}},"type":"binary-expr","locations":[{"start":{"line":55,"column":18},"end":{"line":55,"column":39}},{"start":{"line":55,"column":44},"end":{"line":55,"column":69}},{"start":{"line":55,"column":73},"end":{"line":55,"column":98}}]},"12":{"loc":{"start":{"line":76,"column":4},"end":{"line":80,"column":5}},"type":"if","locations":[{"start":{"line":76,"column":4},"end":{"line":80,"column":5}}]},"13":{"loc":{"start":{"line":76,"column":8},"end":{"line":76,"column":40}},"type":"binary-expr","locations":[{"start":{"line":76,"column":8},"end":{"line":76,"column":12}},{"start":{"line":76,"column":16},"end":{"line":76,"column":40}}]}},"s":{"0":0,"1":0,"2":0,"3":0,"4":0,"5":0,"6":0,"7":0,"8":0,"9":0,"10":0,"11":0,"12":0,"13":0,"14":0,"15":0,"16":0,"17":0,"18":0,"19":0,"20":0,"21":0,"22":0,"23":0,"24":0,"25":0,"26":0,"27":0,"28":0,"29":0,"30":0,"31":0,"32":0,"33":0,"34":0,"35":0,"36":0},"f":{"0":0,"1":0,"2":0,"3":0,"4":0},"b":{"0":[0],"1":[0,0],"2":[0],"3":[0],"4":[0,0],"5":[0],"6":[0],"7":[0],"8":[0],"9":[0,0],"10":[0],"11":[0,0,0],"12":[0],"13":[0,0]}}
,"C:\\PAom\\FollowMee\\Backend\\src\\utils\\file-upload.util.ts": {"path":"C:\\PAom\\FollowMee\\Backend\\src\\utils\\file-upload.util.ts","statementMap":{"0":{"start":{"line":1,"column":0},"end":{"line":1,"column":28}},"1":{"start":{"line":6,"column":16},"end":{"line":6,"column":38}},"2":{"start":{"line":8,"column":19},"end":{"line":15,"column":1}},"3":{"start":{"line":10,"column":2},"end":{"line":14,"column":3}},"4":{"start":{"line":11,"column":4},"end":{"line":11,"column":19}},"5":{"start":{"line":13,"column":4},"end":{"line":13,"column":50}},"6":{"start":{"line":17,"column":13},"end":{"line":24,"column":3}},"7":{"start":{"line":27,"column":13},"end":{"line":27,"column":51}},"8":{"start":{"line":30,"column":13},"end":{"line":30,"column":57}}},"fnMap":{"0":{"name":"(anonymous_1)","decl":{"start":{"line":8,"column":19},"end":{"line":8,"column":20}},"loc":{"start":{"line":8,"column":94},"end":{"line":15,"column":1}}}},"branchMap":{"0":{"loc":{"start":{"line":10,"column":2},"end":{"line":14,"column":3}},"type":"if","locations":[{"start":{"line":10,"column":2},"end":{"line":14,"column":3}},{"start":{"line":12,"column":9},"end":{"line":14,"column":3}}]}},"s":{"0":0,"1":0,"2":0,"3":0,"4":0,"5":0,"6":0,"7":0,"8":0},"f":{"0":0},"b":{"0":[0,0]}}
,"C:\\PAom\\FollowMee\\Backend\\src\\utils\\logger.ts": {"path":"C:\\PAom\\FollowMee\\Backend\\src\\utils\\logger.ts","statementMap":{"0":{"start":{"line":1,"column":0},"end":{"line":1,"column":26}},"1":{"start":{"line":9,"column":4},"end":{"line":9,"column":39}},"2":{"start":{"line":10,"column":4},"end":{"line":10,"column":62}},"3":{"start":{"line":14,"column":4},"end":{"line":16,"column":5}},"4":{"start":{"line":15,"column":6},"end":{"line":15,"column":37}},"5":{"start":{"line":17,"column":4},"end":{"line":17,"column":27}},"6":{"start":{"line":21,"column":4},"end":{"line":21,"column":36}},"7":{"start":{"line":25,"column":22},"end":{"line":25,"column":60}},"8":{"start":{"line":26,"column":16},"end":{"line":26,"column":53}},"9":{"start":{"line":27,"column":21},"end":{"line":27,"column":40}},"10":{"start":{"line":28,"column":4},"end":{"line":28,"column":56}},"11":{"start":{"line":32,"column":4},"end":{"line":32,"column":65}},"12":{"start":{"line":36,"column":4},"end":{"line":36,"column":69}},"13":{"start":{"line":40,"column":4},"end":{"line":40,"column":67}},"14":{"start":{"line":41,"column":4},"end":{"line":43,"column":5}},"15":{"start":{"line":42,"column":6},"end":{"line":42,"column":61}},"16":{"start":{"line":47,"column":4},"end":{"line":47,"column":68}},"17":{"start":{"line":51,"column":20},"end":{"line":51,"column":34}},"18":{"start":{"line":52,"column":18},"end":{"line":52,"column":46}},"19":{"start":{"line":3,"column":0},"end":{"line":3,"column":13}},"20":{"start":{"line":69,"column":13},"end":{"line":69,"column":43}}},"fnMap":{"0":{"name":"(anonymous_1)","decl":{"start":{"line":8,"column":2},"end":{"line":8,"column":null}},"loc":{"start":{"line":8,"column":2},"end":{"line":11,"column":3}}},"1":{"name":"(anonymous_2)","decl":{"start":{"line":13,"column":9},"end":{"line":13,"column":15}},"loc":{"start":{"line":13,"column":27},"end":{"line":18,"column":3}}},"2":{"name":"(anonymous_3)","decl":{"start":{"line":20,"column":10},"end":{"line":20,"column":22}},"loc":{"start":{"line":20,"column":22},"end":{"line":22,"column":3}}},"3":{"name":"(anonymous_4)","decl":{"start":{"line":24,"column":10},"end":{"line":24,"column":23}},"loc":{"start":{"line":24,"column":82},"end":{"line":29,"column":3}}},"4":{"name":"(anonymous_5)","decl":{"start":{"line":31,"column":9},"end":{"line":31,"column":13}},"loc":{"start":{"line":31,"column":29},"end":{"line":33,"column":3}}},"5":{"name":"(anonymous_6)","decl":{"start":{"line":35,"column":9},"end":{"line":35,"column":16}},"loc":{"start":{"line":35,"column":32},"end":{"line":37,"column":3}}},"6":{"name":"(anonymous_7)","decl":{"start":{"line":39,"column":9},"end":{"line":39,"column":14}},"loc":{"start":{"line":39,"column":45},"end":{"line":44,"column":3}}},"7":{"name":"(anonymous_8)","decl":{"start":{"line":46,"column":9},"end":{"line":46,"column":13}},"loc":{"start":{"line":46,"column":29},"end":{"line":48,"column":3}}},"8":{"name":"(anonymous_9)","decl":{"start":{"line":50,"column":9},"end":{"line":50,"column":20}},"loc":{"start":{"line":50,"column":42},"end":{"line":66,"column":3}}}},"branchMap":{"0":{"loc":{"start":{"line":14,"column":4},"end":{"line":16,"column":5}},"type":"if","locations":[{"start":{"line":14,"column":4},"end":{"line":16,"column":5}}]},"1":{"loc":{"start":{"line":41,"column":4},"end":{"line":43,"column":5}},"type":"if","locations":[{"start":{"line":41,"column":4},"end":{"line":43,"column":5}}]},"2":{"loc":{"start":{"line":41,"column":8},"end":{"line":41,"column":35}},"type":"binary-expr","locations":[{"start":{"line":41,"column":8},"end":{"line":41,"column":13}},{"start":{"line":41,"column":17},"end":{"line":41,"column":35}}]},"3":{"loc":{"start":{"line":42,"column":30},"end":{"line":42,"column":58}},"type":"binary-expr","locations":[{"start":{"line":42,"column":30},"end":{"line":42,"column":41}},{"start":{"line":42,"column":45},"end":{"line":42,"column":58}}]}},"s":{"0":0,"1":0,"2":0,"3":0,"4":0,"5":0,"6":0,"7":0,"8":0,"9":0,"10":0,"11":0,"12":0,"13":0,"14":0,"15":0,"16":0,"17":0,"18":0,"19":0,"20":0},"f":{"0":0,"1":0,"2":0,"3":0,"4":0,"5":0,"6":0,"7":0,"8":0},"b":{"0":[0],"1":[0],"2":[0,0],"3":[0,0]}}
,"C:\\PAom\\FollowMee\\Backend\\src\\utils\\notification.util.ts": {"path":"C:\\PAom\\FollowMee\\Backend\\src\\utils\\notification.util.ts","statementMap":{"0":{"start":{"line":7,"column":0},"end":{"line":7,"column":null}},"1":{"start":{"line":9,"column":2},"end":{"line":9,"column":null}},"2":{"start":{"line":10,"column":2},"end":{"line":10,"column":null}},"3":{"start":{"line":11,"column":2},"end":{"line":11,"column":null}},"4":{"start":{"line":12,"column":2},"end":{"line":12,"column":null}},"5":{"start":{"line":15,"column":2},"end":{"line":15,"column":null}},"6":{"start":{"line":16,"column":2},"end":{"line":16,"column":null}},"7":{"start":{"line":17,"column":2},"end":{"line":17,"column":null}},"8":{"start":{"line":18,"column":2},"end":{"line":18,"column":null}},"9":{"start":{"line":19,"column":2},"end":{"line":19,"column":null}},"10":{"start":{"line":22,"column":2},"end":{"line":22,"column":null}},"11":{"start":{"line":23,"column":2},"end":{"line":23,"column":null}},"12":{"start":{"line":24,"column":2},"end":{"line":24,"column":null}},"13":{"start":{"line":27,"column":2},"end":{"line":27,"column":null}},"14":{"start":{"line":28,"column":2},"end":{"line":28,"column":null}},"15":{"start":{"line":29,"column":2},"end":{"line":29,"column":null}},"16":{"start":{"line":39,"column":4},"end":{"line":39,"column":39}},"17":{"start":{"line":51,"column":4},"end":{"line":60,"column":7}},"18":{"start":{"line":72,"column":4},"end":{"line":81,"column":7}},"19":{"start":{"line":94,"column":4},"end":{"line":104,"column":7}},"20":{"start":{"line":117,"column":4},"end":{"line":126,"column":7}},"21":{"start":{"line":137,"column":4},"end":{"line":145,"column":7}},"22":{"start":{"line":156,"column":4},"end":{"line":164,"column":7}},"23":{"start":{"line":176,"column":4},"end":{"line":185,"column":7}},"24":{"start":{"line":192,"column":4},"end":{"line":195,"column":5}},"25":{"start":{"line":193,"column":6},"end":{"line":193,"column":103}},"26":{"start":{"line":194,"column":6},"end":{"line":194,"column":13}},"27":{"start":{"line":197,"column":4},"end":{"line":201,"column":5}},"28":{"start":{"line":198,"column":6},"end":{"line":198,"column":61}},"29":{"start":{"line":200,"column":6},"end":{"line":200,"column":61}},"30":{"start":{"line":35,"column":0},"end":{"line":35,"column":13}},"31":{"start":{"line":36,"column":17},"end":{"line":36,"column":72}}},"fnMap":{"0":{"name":"(anonymous_0)","decl":{"start":{"line":7,"column":0},"end":{"line":7,"column":12}},"loc":{"start":{"line":7,"column":28},"end":{"line":30,"column":1}}},"1":{"name":"(anonymous_1)","decl":{"start":{"line":38,"column":2},"end":{"line":38,"column":8}},"loc":{"start":{"line":38,"column":48},"end":{"line":40,"column":3}}},"2":{"name":"(anonymous_2)","decl":{"start":{"line":45,"column":2},"end":{"line":45,"column":8}},"loc":{"start":{"line":49,"column":30},"end":{"line":61,"column":3}}},"3":{"name":"(anonymous_3)","decl":{"start":{"line":66,"column":2},"end":{"line":66,"column":8}},"loc":{"start":{"line":70,"column":30},"end":{"line":82,"column":3}}},"4":{"name":"(anonymous_4)","decl":{"start":{"line":87,"column":2},"end":{"line":87,"column":8}},"loc":{"start":{"line":92,"column":32},"end":{"line":105,"column":3}}},"5":{"name":"(anonymous_5)","decl":{"start":{"line":110,"column":2},"end":{"line":110,"column":8}},"loc":{"start":{"line":115,"column":28},"end":{"line":127,"column":3}}},"6":{"name":"(anonymous_6)","decl":{"start":{"line":132,"column":2},"end":{"line":132,"column":8}},"loc":{"start":{"line":135,"column":30},"end":{"line":146,"column":3}}},"7":{"name":"(anonymous_7)","decl":{"start":{"line":151,"column":2},"end":{"line":151,"column":8}},"loc":{"start":{"line":154,"column":22},"end":{"line":165,"column":3}}},"8":{"name":"(anonymous_8)","decl":{"start":{"line":170,"column":2},"end":{"line":170,"column":8}},"loc":{"start":{"line":174,"column":30},"end":{"line":186,"column":3}}},"9":{"name":"(anonymous_9)","decl":{"start":{"line":191,"column":10},"end":{"line":191,"column":16}},"loc":{"start":{"line":191,"column":68},"end":{"line":202,"column":3}}}},"branchMap":{"0":{"loc":{"start":{"line":7,"column":12},"end":{"line":7,"column":null}},"type":"binary-expr","locations":[{"start":{"line":7,"column":12},"end":{"line":7,"column":28}},{"start":{"line":7,"column":28},"end":{"line":7,"column":null}}]},"1":{"loc":{"start":{"line":55,"column":16},"end":{"line":55,"column":46}},"type":"binary-expr","locations":[{"start":{"line":55,"column":16},"end":{"line":55,"column":40}},{"start":{"line":55,"column":44},"end":{"line":55,"column":46}}]},"2":{"loc":{"start":{"line":76,"column":16},"end":{"line":76,"column":46}},"type":"binary-expr","locations":[{"start":{"line":76,"column":16},"end":{"line":76,"column":40}},{"start":{"line":76,"column":44},"end":{"line":76,"column":46}}]},"3":{"loc":{"start":{"line":98,"column":16},"end":{"line":98,"column":46}},"type":"binary-expr","locations":[{"start":{"line":98,"column":16},"end":{"line":98,"column":40}},{"start":{"line":98,"column":44},"end":{"line":98,"column":46}}]},"4":{"loc":{"start":{"line":121,"column":16},"end":{"line":121,"column":115}},"type":"cond-expr","locations":[{"start":{"line":121,"column":34},"end":{"line":121,"column":82}},{"start":{"line":121,"column":85},"end":{"line":121,"column":115}}]},"5":{"loc":{"start":{"line":121,"column":85},"end":{"line":121,"column":115}},"type":"binary-expr","locations":[{"start":{"line":121,"column":85},"end":{"line":121,"column":109}},{"start":{"line":121,"column":113},"end":{"line":121,"column":115}}]},"6":{"loc":{"start":{"line":180,"column":16},"end":{"line":180,"column":50}},"type":"binary-expr","locations":[{"start":{"line":180,"column":16},"end":{"line":180,"column":44}},{"start":{"line":180,"column":48},"end":{"line":180,"column":50}}]},"7":{"loc":{"start":{"line":192,"column":4},"end":{"line":195,"column":5}},"type":"if","locations":[{"start":{"line":192,"column":4},"end":{"line":195,"column":5}}]}},"s":{"0":0,"1":0,"2":0,"3":0,"4":0,"5":0,"6":0,"7":0,"8":0,"9":0,"10":0,"11":0,"12":0,"13":0,"14":0,"15":0,"16":0,"17":0,"18":0,"19":0,"20":0,"21":0,"22":0,"23":0,"24":0,"25":0,"26":0,"27":0,"28":0,"29":0,"30":0,"31":0},"f":{"0":0,"1":0,"2":0,"3":0,"4":0,"5":0,"6":0,"7":0,"8":0,"9":0},"b":{"0":[0,0],"1":[0,0],"2":[0,0],"3":[0,0],"4":[0,0],"5":[0,0],"6":[0,0],"7":[0]}}
}
