TN:
SF:src\app.ts
FN:41,(anonymous_1)
FN:48,(anonymous_2)
FN:71,(anonymous_3)
FN:76,(anonymous_4)
FN:89,(anonymous_5)
FN:92,(anonymous_6)
FN:105,(anonymous_7)
FN:132,(anonymous_8)
FN:134,(anonymous_9)
FN:150,(anonymous_10)
FN:152,(anonymous_11)
FN:189,(anonymous_12)
FN:194,(anonymous_13)
FN:195,(anonymous_14)
FN:200,(anonymous_15)
FN:211,(anonymous_16)
FN:224,(anonymous_17)
FN:239,(anonymous_18)
FN:244,(anonymous_19)
FN:260,(anonymous_20)
FN:261,(anonymous_21)
FNF:21
FNH:0
FNDA:0,(anonymous_1)
FNDA:0,(anonymous_2)
FNDA:0,(anonymous_3)
FNDA:0,(anonymous_4)
FNDA:0,(anonymous_5)
FNDA:0,(anonymous_6)
FNDA:0,(anonymous_7)
FNDA:0,(anonymous_8)
FNDA:0,(anonymous_9)
FNDA:0,(anonymous_10)
FNDA:0,(anonymous_11)
FNDA:0,(anonymous_12)
FNDA:0,(anonymous_13)
FNDA:0,(anonymous_14)
FNDA:0,(anonymous_15)
FNDA:0,(anonymous_16)
FNDA:0,(anonymous_17)
FNDA:0,(anonymous_18)
FNDA:0,(anonymous_19)
FNDA:0,(anonymous_20)
FNDA:0,(anonymous_21)
DA:1,0
DA:2,0
DA:3,0
DA:5,0
DA:6,0
DA:7,0
DA:8,0
DA:9,0
DA:10,0
DA:11,0
DA:12,0
DA:13,0
DA:14,0
DA:15,0
DA:16,0
DA:17,0
DA:20,0
DA:21,0
DA:22,0
DA:23,0
DA:24,0
DA:25,0
DA:26,0
DA:27,0
DA:28,0
DA:29,0
DA:30,0
DA:33,0
DA:39,0
DA:42,0
DA:43,0
DA:44,0
DA:49,0
DA:51,0
DA:54,0
DA:55,0
DA:58,0
DA:59,0
DA:60,0
DA:62,0
DA:64,0
DA:65,0
DA:66,0
DA:72,0
DA:77,0
DA:78,0
DA:79,0
DA:80,0
DA:83,0
DA:84,0
DA:85,0
DA:91,0
DA:94,0
DA:97,0
DA:105,0
DA:106,0
DA:108,0
DA:118,0
DA:121,0
DA:124,0
DA:127,0
DA:128,0
DA:132,0
DA:133,0
DA:134,0
DA:136,0
DA:138,0
DA:139,0
DA:141,0
DA:144,0
DA:146,0
DA:152,0
DA:153,0
DA:157,0
DA:164,0
DA:167,0
DA:170,0
DA:173,0
DA:176,0
DA:179,0
DA:180,0
DA:181,0
DA:182,0
DA:183,0
DA:186,0
DA:189,0
DA:190,0
DA:195,0
DA:196,0
DA:197,0
DA:200,0
DA:201,0
DA:202,0
DA:212,0
DA:213,0
DA:214,0
DA:215,0
DA:216,0
DA:217,0
DA:221,0
DA:225,0
DA:227,0
DA:230,0
DA:237,0
DA:241,0
DA:244,0
DA:245,0
DA:247,0
DA:255,0
DA:257,0
DA:260,0
DA:261,0
DA:262,0
DA:263,0
DA:264,0
DA:265,0
DA:266,0
DA:270,0
DA:271,0
DA:272,0
DA:277,0
LF:121
LH:0
BRDA:43,0,0,0
BRDA:43,0,1,0
BRDA:64,1,0,0
BRDA:64,1,1,0
BRDA:78,2,0,0
BRDA:83,3,0,0
BRDA:83,3,1,0
BRDA:94,4,0,0
BRDA:100,5,0,0
BRDA:100,5,1,0
BRDA:101,6,0,0
BRDA:101,6,1,0
BRDA:105,7,0,0
BRDA:105,7,1,0
BRDA:105,8,0,0
BRDA:105,8,1,0
BRDA:105,9,0,0
BRDA:105,9,1,0
BRDA:105,10,0,0
BRDA:105,10,1,0
BRDA:127,11,0,0
BRDA:136,12,0,0
BRDA:136,13,0,0
BRDA:136,13,1,0
BRDA:138,14,0,0
BRDA:138,14,1,0
BRDA:204,15,0,0
BRDA:204,15,1,0
BRDA:216,16,0,0
BRDA:216,17,0,0
BRDA:216,17,1,0
BRDA:233,18,0,0
BRDA:233,18,1,0
BRDA:234,19,0,0
BRDA:234,19,1,0
BRDA:241,20,0,0
BRDA:244,21,0,0
BRDA:244,21,1,0
BRDA:244,22,0,0
BRDA:244,22,1,0
BRDA:244,23,0,0
BRDA:244,23,1,0
BRDA:244,24,0,0
BRDA:244,24,1,0
BRDA:270,25,0,0
BRDA:270,25,1,0
BRF:46
BRH:0
end_of_record
TN:
SF:src\server.ts
FN:5,bootstrap
FNF:1
FNH:0
FNDA:0,bootstrap
DA:1,0
DA:2,0
DA:3,0
DA:6,0
DA:8,0
DA:11,0
DA:14,0
DA:16,0
DA:18,0
DA:19,0
DA:20,0
DA:25,0
LF:12
LH:0
BRDA:18,0,0,0
BRDA:18,0,1,0
BRF:2
BRH:0
end_of_record
TN:
SF:src\config\cloudinary.config.ts
FN:14,(anonymous_1)
FN:41,(anonymous_2)
FN:72,(anonymous_3)
FNF:3
FNH:0
FNDA:0,(anonymous_1)
FNDA:0,(anonymous_2)
FNDA:0,(anonymous_3)
DA:1,0
DA:2,0
DA:4,0
DA:7,0
DA:14,0
DA:18,0
DA:20,0
DA:21,0
DA:23,0
DA:31,0
DA:33,0
DA:34,0
DA:41,0
DA:45,0
DA:47,0
DA:48,0
DA:50,0
DA:51,0
DA:54,0
DA:62,0
DA:64,0
DA:65,0
DA:72,0
DA:73,0
DA:75,0
DA:76,0
DA:77,0
DA:79,0
DA:80,0
DA:84,0
DA:85,0
DA:87,0
DA:88,0
DA:92,0
LF:34
LH:0
BRDA:16,0,0,0
BRDA:43,1,0,0
BRDA:50,2,0,0
BRDA:79,3,0,0
BRF:4
BRH:0
end_of_record
TN:
SF:src\config\database.ts
FNF:0
FNH:0
DA:1,0
DA:2,0
DA:3,0
DA:4,0
DA:5,0
DA:6,0
DA:7,0
DA:8,0
DA:9,0
DA:10,0
DA:11,0
DA:12,0
DA:13,0
DA:14,0
DA:15,0
DA:16,0
DA:17,0
DA:18,0
DA:19,0
DA:20,0
DA:22,0
DA:24,0
DA:26,0
DA:76,0
DA:78,0
LF:25
LH:0
BRDA:28,0,0,0
BRDA:28,0,1,0
BRDA:29,1,0,0
BRDA:29,1,1,0
BRDA:30,2,0,0
BRDA:30,2,1,0
BRDA:31,3,0,0
BRDA:31,3,1,0
BRDA:32,4,0,0
BRDA:32,4,1,0
BRDA:37,5,0,0
BRDA:37,5,1,0
BRF:12
BRH:0
end_of_record
TN:
SF:src\config\swagger.config.ts
FNF:0
FNH:0
DA:1,0
DA:3,0
DA:270,0
DA:272,0
LF:4
LH:0
BRF:0
BRH:0
end_of_record
TN:
SF:src\controllers\auth.controller.ts
FN:33,(anonymous_10)
FN:52,(anonymous_11)
FN:218,(anonymous_12)
FN:283,(anonymous_13)
FN:340,(anonymous_14)
FN:364,(anonymous_15)
FN:392,(anonymous_16)
FN:455,(anonymous_17)
FN:507,(anonymous_18)
FN:45,(anonymous_19)
FNF:10
FNH:0
FNDA:0,(anonymous_10)
FNDA:0,(anonymous_11)
FNDA:0,(anonymous_12)
FNDA:0,(anonymous_13)
FNDA:0,(anonymous_14)
FNDA:0,(anonymous_15)
FNDA:0,(anonymous_16)
FNDA:0,(anonymous_17)
FNDA:0,(anonymous_18)
FNDA:0,(anonymous_19)
DA:2,0
DA:3,0
DA:4,0
DA:5,0
DA:6,0
DA:7,0
DA:8,0
DA:9,0
DA:10,0
DA:12,0
DA:13,0
DA:16,0
DA:25,0
DA:26,0
DA:27,0
DA:28,0
DA:30,0
DA:31,0
DA:34,0
DA:35,0
DA:37,0
DA:38,0
DA:46,0
DA:52,0
DA:53,0
DA:54,0
DA:55,0
DA:56,0
DA:62,0
DA:65,0
DA:69,0
DA:70,0
DA:78,0
DA:80,0
DA:81,0
DA:82,0
DA:83,0
DA:84,0
DA:85,0
DA:88,0
DA:89,0
DA:90,0
DA:91,0
DA:92,0
DA:93,0
DA:94,0
DA:98,0
DA:101,0
DA:102,0
DA:105,0
DA:106,0
DA:113,0
DA:114,0
DA:118,0
DA:122,0
DA:124,0
DA:143,0
DA:144,0
DA:150,0
DA:155,0
DA:157,0
DA:165,0
DA:171,0
DA:173,0
DA:182,0
DA:186,0
DA:192,0
DA:195,0
DA:197,0
DA:199,0
DA:205,0
DA:206,0
DA:218,0
DA:219,0
DA:221,0
DA:222,0
DA:223,0
DA:229,0
DA:232,0
DA:237,0
DA:238,0
DA:242,0
DA:243,0
DA:244,0
DA:248,0
DA:250,0
DA:253,0
DA:266,0
DA:267,0
DA:283,0
DA:284,0
DA:286,0
DA:288,0
DA:290,0
DA:296,0
DA:297,0
DA:308,0
DA:309,0
DA:311,0
DA:316,0
DA:318,0
DA:330,0
DA:340,0
DA:341,0
DA:343,0
DA:344,0
DA:351,0
DA:357,0
DA:358,0
DA:364,0
DA:366,0
DA:381,0
DA:382,0
DA:392,0
DA:393,0
DA:394,0
DA:395,0
DA:396,0
DA:402,0
DA:403,0
DA:409,0
DA:410,0
DA:413,0
DA:418,0
DA:419,0
DA:426,0
DA:427,0
DA:428,0
DA:435,0
DA:436,0
DA:438,0
DA:443,0
DA:444,0
DA:455,0
DA:456,0
DA:457,0
DA:460,0
DA:464,0
DA:465,0
DA:472,0
DA:483,0
DA:484,0
DA:485,0
DA:488,0
DA:490,0
DA:495,0
DA:496,0
DA:507,0
DA:508,0
DA:509,0
DA:511,0
DA:512,0
DA:518,0
DA:520,0
DA:524,0
DA:525,0
DA:532,0
DA:540,0
DA:541,0
DA:545,0
DA:547,0
DA:548,0
DA:549,0
DA:551,0
DA:558,0
DA:559,0
DA:560,0
DA:561,0
DA:563,0
DA:568,0
DA:569,0
DA:575,0
DA:576,0
DA:585,0
LF:174
LH:0
BRDA:55,0,0,0
BRDA:69,1,0,0
BRDA:69,2,0,0
BRDA:69,2,1,0
BRDA:78,3,0,0
BRDA:78,3,1,0
BRDA:78,4,0,0
BRDA:78,4,1,0
BRDA:82,5,0,0
BRDA:82,5,1,0
BRDA:83,6,0,0
BRDA:83,6,1,0
BRDA:91,7,0,0
BRDA:91,7,1,0
BRDA:92,8,0,0
BRDA:92,8,1,0
BRDA:102,9,0,0
BRDA:102,9,1,0
BRDA:105,10,0,0
BRDA:113,11,0,0
BRDA:122,12,0,0
BRDA:143,13,0,0
BRDA:143,13,1,0
BRDA:155,14,0,0
BRDA:155,14,1,0
BRDA:155,15,0,0
BRDA:155,15,1,0
BRDA:171,16,0,0
BRDA:197,17,0,0
BRDA:197,17,1,0
BRDA:202,18,0,0
BRDA:202,18,1,0
BRDA:209,19,0,0
BRDA:209,19,1,0
BRDA:222,20,0,0
BRDA:237,21,0,0
BRDA:243,22,0,0
BRDA:269,23,0,0
BRDA:269,23,1,0
BRDA:286,24,0,0
BRDA:286,24,1,0
BRDA:286,25,0,0
BRDA:286,25,1,0
BRDA:288,26,0,0
BRDA:296,27,0,0
BRDA:319,28,0,0
BRDA:319,28,1,0
BRDA:319,29,0,0
BRDA:319,29,1,0
BRDA:319,30,0,0
BRDA:319,30,1,0
BRDA:325,31,0,0
BRDA:325,31,1,0
BRDA:326,32,0,0
BRDA:326,32,1,0
BRDA:343,33,0,0
BRDA:357,34,0,0
BRDA:395,35,0,0
BRDA:402,36,0,0
BRDA:418,37,0,0
BRDA:427,38,0,0
BRDA:447,39,0,0
BRDA:447,39,1,0
BRDA:464,40,0,0
BRDA:478,41,0,0
BRDA:478,41,1,0
BRDA:499,42,0,0
BRDA:499,42,1,0
BRDA:511,43,0,0
BRDA:511,44,0,0
BRDA:511,44,1,0
BRDA:524,45,0,0
BRDA:532,46,0,0
BRDA:532,46,1,0
BRDA:540,47,0,0
BRDA:545,48,0,0
BRDA:579,49,0,0
BRDA:579,49,1,0
BRDA:35,50,0,0
BRDA:35,50,1,0
BRDA:37,51,0,0
BRF:81
BRH:0
end_of_record
TN:
SF:src\controllers\comment-reaction.controller.ts
FN:10,(anonymous_1)
FN:20,(anonymous_2)
FN:27,(anonymous_3)
FN:56,(anonymous_4)
FN:80,(anonymous_5)
FN:90,(anonymous_6)
FNF:6
FNH:0
FNDA:0,(anonymous_1)
FNDA:0,(anonymous_2)
FNDA:0,(anonymous_3)
FNDA:0,(anonymous_4)
FNDA:0,(anonymous_5)
FNDA:0,(anonymous_6)
DA:6,0
DA:7,0
DA:9,0
DA:11,0
DA:12,0
DA:15,0
DA:21,0
DA:24,0
DA:28,0
DA:29,0
DA:30,0
DA:31,0
DA:33,0
DA:34,0
DA:35,0
DA:39,0
DA:40,0
DA:41,0
DA:42,0
DA:45,0
DA:50,0
DA:52,0
DA:57,0
DA:58,0
DA:59,0
DA:61,0
DA:62,0
DA:63,0
DA:67,0
DA:68,0
DA:69,0
DA:70,0
DA:73,0
DA:74,0
DA:76,0
DA:81,0
DA:82,0
DA:83,0
DA:84,0
DA:86,0
DA:91,0
DA:92,0
DA:93,0
DA:95,0
DA:96,0
DA:97,0
DA:100,0
DA:101,0
DA:102,0
DA:105,0
DA:106,0
DA:108,0
LF:52
LH:0
BRDA:31,0,0,0
BRDA:31,0,1,0
BRDA:31,1,0,0
BRDA:31,1,1,0
BRDA:33,2,0,0
BRDA:40,3,0,0
BRDA:59,4,0,0
BRDA:59,4,1,0
BRDA:59,5,0,0
BRDA:59,5,1,0
BRDA:61,6,0,0
BRDA:68,7,0,0
BRDA:93,8,0,0
BRDA:93,8,1,0
BRDA:93,9,0,0
BRDA:93,9,1,0
BRDA:95,10,0,0
BRDA:100,11,0,0
BRF:18
BRH:0
end_of_record
TN:
SF:src\controllers\customer.controller.ts
FN:11,(anonymous_0)
FN:16,(anonymous_1)
FN:52,(anonymous_2)
FN:90,(anonymous_3)
FN:125,(anonymous_4)
FN:155,(anonymous_5)
FN:167,(anonymous_6)
FN:219,(anonymous_7)
FN:233,(anonymous_8)
FN:304,(anonymous_9)
FN:374,(anonymous_10)
FN:419,(anonymous_11)
FN:469,(anonymous_12)
FNF:13
FNH:0
FNDA:0,(anonymous_0)
FNDA:0,(anonymous_1)
FNDA:0,(anonymous_2)
FNDA:0,(anonymous_3)
FNDA:0,(anonymous_4)
FNDA:0,(anonymous_5)
FNDA:0,(anonymous_6)
FNDA:0,(anonymous_7)
FNDA:0,(anonymous_8)
FNDA:0,(anonymous_9)
FNDA:0,(anonymous_10)
FNDA:0,(anonymous_11)
FNDA:0,(anonymous_12)
DA:3,0
DA:4,0
DA:5,0
DA:6,0
DA:7,0
DA:8,0
DA:10,0
DA:11,0
DA:17,0
DA:18,0
DA:19,0
DA:20,0
DA:26,0
DA:27,0
DA:28,0
DA:34,0
DA:39,0
DA:40,0
DA:41,0
DA:53,0
DA:54,0
DA:55,0
DA:56,0
DA:59,0
DA:62,0
DA:63,0
DA:64,0
DA:66,0
DA:77,0
DA:78,0
DA:79,0
DA:91,0
DA:92,0
DA:93,0
DA:94,0
DA:100,0
DA:102,0
DA:112,0
DA:113,0
DA:114,0
DA:126,0
DA:127,0
DA:128,0
DA:130,0
DA:131,0
DA:137,0
DA:142,0
DA:143,0
DA:144,0
DA:156,0
DA:158,0
DA:160,0
DA:161,0
DA:163,0
DA:164,0
DA:167,0
DA:172,0
DA:175,0
DA:176,0
DA:177,0
DA:178,0
DA:182,0
DA:188,0
DA:190,0
DA:196,0
DA:197,0
DA:200,0
DA:201,0
DA:208,0
DA:220,0
DA:221,0
DA:222,0
DA:225,0
DA:227,0
DA:229,0
DA:230,0
DA:233,0
DA:238,0
DA:240,0
DA:241,0
DA:242,0
DA:243,0
DA:245,0
DA:250,0
DA:254,0
DA:255,0
DA:256,0
DA:257,0
DA:259,0
DA:265,0
DA:267,0
DA:268,0
DA:274,0
DA:281,0
DA:282,0
DA:285,0
DA:286,0
DA:293,0
DA:305,0
DA:306,0
DA:307,0
DA:309,0
DA:310,0
DA:317,0
DA:318,0
DA:319,0
DA:326,0
DA:327,0
DA:328,0
DA:335,0
DA:338,0
DA:339,0
DA:340,0
DA:342,0
DA:348,0
DA:352,0
DA:361,0
DA:362,0
DA:363,0
DA:375,0
DA:376,0
DA:379,0
DA:380,0
DA:381,0
DA:388,0
DA:389,0
DA:391,0
DA:396,0
DA:400,0
DA:406,0
DA:407,0
DA:408,0
DA:420,0
DA:421,0
DA:424,0
DA:425,0
DA:426,0
DA:433,0
DA:434,0
DA:435,0
DA:437,0
DA:443,0
DA:445,0
DA:450,0
DA:451,0
DA:452,0
DA:470,0
DA:471,0
DA:472,0
DA:477,0
DA:478,0
DA:479,0
LF:152
LH:0
BRDA:19,0,0,0
BRDA:27,1,0,0
BRDA:40,2,0,0
BRDA:40,2,1,0
BRDA:54,3,0,0
BRDA:54,3,1,0
BRDA:55,4,0,0
BRDA:55,4,1,0
BRDA:78,5,0,0
BRDA:78,5,1,0
BRDA:93,6,0,0
BRDA:113,7,0,0
BRDA:113,7,1,0
BRDA:130,8,0,0
BRDA:143,9,0,0
BRDA:143,9,1,0
BRDA:163,10,0,0
BRDA:167,11,0,0
BRDA:167,11,1,0
BRDA:175,12,0,0
BRDA:188,13,0,0
BRDA:188,13,1,0
BRDA:197,14,0,0
BRDA:197,14,1,0
BRDA:200,15,0,0
BRDA:200,16,0,0
BRDA:200,16,1,0
BRDA:200,16,2,0
BRDA:229,17,0,0
BRDA:233,18,0,0
BRDA:233,18,1,0
BRDA:238,19,0,0
BRDA:241,20,0,0
BRDA:241,21,0,0
BRDA:241,21,1,0
BRDA:254,22,0,0
BRDA:254,23,0,0
BRDA:254,23,1,0
BRDA:267,24,0,0
BRDA:277,25,0,0
BRDA:277,25,1,0
BRDA:278,26,0,0
BRDA:278,26,1,0
BRDA:282,27,0,0
BRDA:282,27,1,0
BRDA:285,28,0,0
BRDA:285,29,0,0
BRDA:285,29,1,0
BRDA:285,29,2,0
BRDA:285,29,3,0
BRDA:309,30,0,0
BRDA:318,31,0,0
BRDA:327,32,0,0
BRDA:338,33,0,0
BRDA:362,34,0,0
BRDA:362,34,1,0
BRDA:366,35,0,0
BRDA:366,35,1,0
BRDA:380,36,0,0
BRDA:380,37,0,0
BRDA:380,37,1,0
BRDA:407,38,0,0
BRDA:407,38,1,0
BRDA:411,39,0,0
BRDA:411,39,1,0
BRDA:425,40,0,0
BRDA:433,41,0,0
BRDA:451,42,0,0
BRDA:451,42,1,0
BRDA:477,43,0,0
BRDA:477,43,1,0
BRDA:482,44,0,0
BRDA:482,44,1,0
BRF:73
BRH:0
end_of_record
TN:
SF:src\controllers\notification.controller.ts
FN:6,(anonymous_0)
FN:12,(anonymous_1)
FN:33,(anonymous_2)
FN:62,(anonymous_3)
FN:81,(anonymous_4)
FN:107,(anonymous_5)
FN:126,(anonymous_6)
FN:152,(anonymous_7)
FN:171,(anonymous_8)
FNF:9
FNH:0
FNDA:0,(anonymous_0)
FNDA:0,(anonymous_1)
FNDA:0,(anonymous_2)
FNDA:0,(anonymous_3)
FNDA:0,(anonymous_4)
FNDA:0,(anonymous_5)
FNDA:0,(anonymous_6)
FNDA:0,(anonymous_7)
FNDA:0,(anonymous_8)
DA:5,0
DA:6,0
DA:13,0
DA:14,0
DA:15,0
DA:18,0
DA:19,0
DA:22,0
DA:23,0
DA:25,0
DA:34,0
DA:35,0
DA:36,0
DA:37,0
DA:38,0
DA:41,0
DA:42,0
DA:43,0
DA:44,0
DA:46,0
DA:52,0
DA:54,0
DA:63,0
DA:64,0
DA:65,0
DA:66,0
DA:67,0
DA:70,0
DA:71,0
DA:73,0
DA:82,0
DA:83,0
DA:84,0
DA:85,0
DA:86,0
DA:89,0
DA:90,0
DA:92,0
DA:93,0
DA:94,0
DA:97,0
DA:99,0
DA:108,0
DA:109,0
DA:110,0
DA:111,0
DA:112,0
DA:115,0
DA:116,0
DA:118,0
DA:127,0
DA:128,0
DA:129,0
DA:130,0
DA:131,0
DA:134,0
DA:135,0
DA:137,0
DA:138,0
DA:139,0
DA:142,0
DA:144,0
DA:153,0
DA:154,0
DA:155,0
DA:156,0
DA:157,0
DA:160,0
DA:161,0
DA:163,0
DA:172,0
DA:173,0
DA:174,0
DA:175,0
DA:176,0
DA:179,0
DA:180,0
DA:181,0
DA:183,0
LF:79
LH:0
BRDA:15,0,0,0
BRDA:15,0,1,0
BRDA:15,1,0,0
BRDA:15,1,1,0
BRDA:18,2,0,0
BRDA:18,3,0,0
BRDA:18,3,1,0
BRDA:35,4,0,0
BRDA:35,4,1,0
BRDA:35,5,0,0
BRDA:35,5,1,0
BRDA:36,6,0,0
BRDA:42,7,0,0
BRDA:42,7,1,0
BRDA:43,8,0,0
BRDA:43,8,1,0
BRDA:64,9,0,0
BRDA:64,9,1,0
BRDA:64,10,0,0
BRDA:64,10,1,0
BRDA:65,11,0,0
BRDA:83,12,0,0
BRDA:83,12,1,0
BRDA:83,13,0,0
BRDA:83,13,1,0
BRDA:84,14,0,0
BRDA:92,15,0,0
BRDA:109,16,0,0
BRDA:109,16,1,0
BRDA:109,17,0,0
BRDA:109,17,1,0
BRDA:110,18,0,0
BRDA:128,19,0,0
BRDA:128,19,1,0
BRDA:128,20,0,0
BRDA:128,20,1,0
BRDA:129,21,0,0
BRDA:137,22,0,0
BRDA:154,23,0,0
BRDA:154,23,1,0
BRDA:154,24,0,0
BRDA:154,24,1,0
BRDA:155,25,0,0
BRDA:173,26,0,0
BRDA:173,26,1,0
BRDA:173,27,0,0
BRDA:173,27,1,0
BRDA:174,28,0,0
BRF:48
BRH:0
end_of_record
TN:
SF:src\controllers\profile-customer.controller.ts
FN:5,(anonymous_0)
FN:10,(anonymous_1)
FN:45,(anonymous_2)
FNF:3
FNH:0
FNDA:0,(anonymous_0)
FNDA:0,(anonymous_1)
FNDA:0,(anonymous_2)
DA:4,0
DA:5,0
DA:11,0
DA:12,0
DA:13,0
DA:16,0
DA:21,0
DA:32,0
DA:33,0
DA:34,0
DA:46,0
DA:47,0
DA:48,0
DA:49,0
DA:55,0
DA:57,0
DA:67,0
DA:68,0
DA:69,0
LF:19
LH:0
BRDA:12,0,0,0
BRDA:12,0,1,0
BRDA:13,1,0,0
BRDA:13,1,1,0
BRDA:33,2,0,0
BRDA:33,2,1,0
BRDA:48,3,0,0
BRDA:68,4,0,0
BRDA:68,4,1,0
BRF:9
BRH:0
end_of_record
TN:
SF:src\controllers\task-comment.controller.ts
FN:9,(anonymous_1)
FN:16,(anonymous_2)
FN:23,(anonymous_3)
FN:47,(anonymous_4)
FN:57,(anonymous_5)
FN:81,(anonymous_6)
FNF:6
FNH:0
FNDA:0,(anonymous_1)
FNDA:0,(anonymous_2)
FNDA:0,(anonymous_3)
FNDA:0,(anonymous_4)
FNDA:0,(anonymous_5)
FNDA:0,(anonymous_6)
DA:5,0
DA:6,0
DA:8,0
DA:9,0
DA:11,0
DA:17,0
DA:20,0
DA:24,0
DA:25,0
DA:26,0
DA:27,0
DA:28,0
DA:29,0
DA:30,0
DA:34,0
DA:35,0
DA:36,0
DA:37,0
DA:40,0
DA:41,0
DA:43,0
DA:48,0
DA:49,0
DA:50,0
DA:51,0
DA:53,0
DA:58,0
DA:59,0
DA:60,0
DA:61,0
DA:62,0
DA:63,0
DA:64,0
DA:68,0
DA:69,0
DA:70,0
DA:71,0
DA:74,0
DA:75,0
DA:77,0
DA:82,0
DA:83,0
DA:84,0
DA:85,0
DA:86,0
DA:87,0
DA:91,0
DA:92,0
DA:93,0
DA:94,0
DA:97,0
DA:98,0
DA:100,0
LF:53
LH:0
BRDA:27,0,0,0
BRDA:27,0,1,0
BRDA:27,1,0,0
BRDA:27,1,1,0
BRDA:28,2,0,0
BRDA:35,3,0,0
BRDA:61,4,0,0
BRDA:61,4,1,0
BRDA:61,5,0,0
BRDA:61,5,1,0
BRDA:62,6,0,0
BRDA:69,7,0,0
BRDA:84,8,0,0
BRDA:84,8,1,0
BRDA:84,9,0,0
BRDA:84,9,1,0
BRDA:85,10,0,0
BRDA:92,11,0,0
BRF:18
BRH:0
end_of_record
TN:
SF:src\controllers\task-image.controller.ts
FN:8,(anonymous_1)
FN:15,(anonymous_2)
FN:22,(anonymous_3)
FN:46,(anonymous_4)
FN:56,(anonymous_5)
FN:80,(anonymous_6)
FNF:6
FNH:0
FNDA:0,(anonymous_1)
FNDA:0,(anonymous_2)
FNDA:0,(anonymous_3)
FNDA:0,(anonymous_4)
FNDA:0,(anonymous_5)
FNDA:0,(anonymous_6)
DA:4,0
DA:5,0
DA:7,0
DA:8,0
DA:10,0
DA:16,0
DA:19,0
DA:23,0
DA:24,0
DA:25,0
DA:26,0
DA:27,0
DA:28,0
DA:29,0
DA:33,0
DA:34,0
DA:35,0
DA:36,0
DA:39,0
DA:40,0
DA:42,0
DA:47,0
DA:48,0
DA:49,0
DA:50,0
DA:52,0
DA:57,0
DA:58,0
DA:59,0
DA:60,0
DA:61,0
DA:62,0
DA:63,0
DA:67,0
DA:68,0
DA:69,0
DA:70,0
DA:73,0
DA:74,0
DA:76,0
DA:81,0
DA:82,0
DA:83,0
DA:84,0
DA:85,0
DA:86,0
DA:90,0
DA:91,0
DA:92,0
DA:93,0
DA:96,0
DA:97,0
DA:99,0
LF:53
LH:0
BRDA:26,0,0,0
BRDA:26,0,1,0
BRDA:26,1,0,0
BRDA:26,1,1,0
BRDA:27,2,0,0
BRDA:34,3,0,0
BRDA:60,4,0,0
BRDA:60,4,1,0
BRDA:60,5,0,0
BRDA:60,5,1,0
BRDA:61,6,0,0
BRDA:68,7,0,0
BRDA:83,8,0,0
BRDA:83,8,1,0
BRDA:83,9,0,0
BRDA:83,9,1,0
BRDA:84,10,0,0
BRDA:91,11,0,0
BRF:18
BRH:0
end_of_record
TN:
SF:src\controllers\task-like.controller.ts
FN:9,(anonymous_1)
FN:16,(anonymous_2)
FN:23,(anonymous_3)
FN:47,(anonymous_4)
FN:70,(anonymous_5)
FN:80,(anonymous_6)
FN:91,(anonymous_7)
FNF:7
FNH:0
FNDA:0,(anonymous_1)
FNDA:0,(anonymous_2)
FNDA:0,(anonymous_3)
FNDA:0,(anonymous_4)
FNDA:0,(anonymous_5)
FNDA:0,(anonymous_6)
FNDA:0,(anonymous_7)
DA:5,0
DA:6,0
DA:8,0
DA:9,0
DA:11,0
DA:17,0
DA:20,0
DA:24,0
DA:25,0
DA:26,0
DA:27,0
DA:28,0
DA:29,0
DA:30,0
DA:34,0
DA:35,0
DA:36,0
DA:37,0
DA:40,0
DA:41,0
DA:43,0
DA:48,0
DA:49,0
DA:50,0
DA:51,0
DA:52,0
DA:53,0
DA:57,0
DA:58,0
DA:59,0
DA:60,0
DA:63,0
DA:64,0
DA:66,0
DA:71,0
DA:72,0
DA:73,0
DA:74,0
DA:76,0
DA:81,0
DA:82,0
DA:83,0
DA:84,0
DA:85,0
DA:87,0
DA:92,0
DA:93,0
DA:94,0
DA:95,0
DA:96,0
DA:97,0
DA:101,0
DA:102,0
DA:103,0
DA:104,0
DA:107,0
DA:108,0
DA:110,0
LF:58
LH:0
BRDA:27,0,0,0
BRDA:27,0,1,0
BRDA:27,1,0,0
BRDA:27,1,1,0
BRDA:28,2,0,0
BRDA:35,3,0,0
BRDA:50,4,0,0
BRDA:50,4,1,0
BRDA:50,5,0,0
BRDA:50,5,1,0
BRDA:51,6,0,0
BRDA:58,7,0,0
BRDA:83,8,0,0
BRDA:83,8,1,0
BRDA:83,9,0,0
BRDA:83,9,1,0
BRDA:94,10,0,0
BRDA:94,10,1,0
BRDA:94,11,0,0
BRDA:94,11,1,0
BRDA:95,12,0,0
BRDA:102,13,0,0
BRF:22
BRH:0
end_of_record
TN:
SF:src\controllers\task.controller.ts
FN:10,(anonymous_1)
FN:17,(anonymous_2)
FN:24,(anonymous_3)
FN:47,(anonymous_4)
FN:57,(anonymous_5)
FN:79,(anonymous_6)
FN:101,(anonymous_7)
FN:111,(anonymous_8)
FN:135,(anonymous_9)
FN:158,(anonymous_10)
FN:183,(anonymous_11)
FN:196,(anonymous_12)
FN:220,(anonymous_13)
FN:233,(anonymous_14)
FN:253,(anonymous_15)
FN:329,(anonymous_16)
FN:339,(anonymous_17)
FN:374,(anonymous_18)
FN:408,(anonymous_19)
FN:442,(anonymous_20)
FNF:20
FNH:0
FNDA:0,(anonymous_1)
FNDA:0,(anonymous_2)
FNDA:0,(anonymous_3)
FNDA:0,(anonymous_4)
FNDA:0,(anonymous_5)
FNDA:0,(anonymous_6)
FNDA:0,(anonymous_7)
FNDA:0,(anonymous_8)
FNDA:0,(anonymous_9)
FNDA:0,(anonymous_10)
FNDA:0,(anonymous_11)
FNDA:0,(anonymous_12)
FNDA:0,(anonymous_13)
FNDA:0,(anonymous_14)
FNDA:0,(anonymous_15)
FNDA:0,(anonymous_16)
FNDA:0,(anonymous_17)
FNDA:0,(anonymous_18)
FNDA:0,(anonymous_19)
FNDA:0,(anonymous_20)
DA:5,0
DA:6,0
DA:7,0
DA:9,0
DA:10,0
DA:12,0
DA:18,0
DA:21,0
DA:25,0
DA:26,0
DA:27,0
DA:28,0
DA:29,0
DA:30,0
DA:34,0
DA:35,0
DA:36,0
DA:37,0
DA:40,0
DA:41,0
DA:43,0
DA:48,0
DA:49,0
DA:50,0
DA:51,0
DA:53,0
DA:58,0
DA:59,0
DA:60,0
DA:61,0
DA:62,0
DA:66,0
DA:67,0
DA:68,0
DA:69,0
DA:72,0
DA:73,0
DA:75,0
DA:80,0
DA:81,0
DA:82,0
DA:83,0
DA:84,0
DA:88,0
DA:89,0
DA:90,0
DA:91,0
DA:94,0
DA:95,0
DA:97,0
DA:102,0
DA:103,0
DA:104,0
DA:105,0
DA:107,0
DA:112,0
DA:113,0
DA:114,0
DA:115,0
DA:116,0
DA:117,0
DA:118,0
DA:122,0
DA:123,0
DA:124,0
DA:125,0
DA:128,0
DA:129,0
DA:131,0
DA:136,0
DA:137,0
DA:138,0
DA:139,0
DA:140,0
DA:141,0
DA:145,0
DA:146,0
DA:147,0
DA:148,0
DA:151,0
DA:152,0
DA:154,0
DA:159,0
DA:160,0
DA:161,0
DA:163,0
DA:164,0
DA:165,0
DA:169,0
DA:170,0
DA:171,0
DA:172,0
DA:176,0
DA:177,0
DA:179,0
DA:180,0
DA:183,0
DA:189,0
DA:190,0
DA:192,0
DA:197,0
DA:198,0
DA:199,0
DA:200,0
DA:202,0
DA:203,0
DA:204,0
DA:208,0
DA:209,0
DA:210,0
DA:211,0
DA:215,0
DA:216,0
DA:217,0
DA:220,0
DA:226,0
DA:227,0
DA:229,0
DA:234,0
DA:235,0
DA:237,0
DA:238,0
DA:239,0
DA:242,0
DA:244,0
DA:249,0
DA:254,0
DA:255,0
DA:257,0
DA:258,0
DA:259,0
DA:263,0
DA:265,0
DA:266,0
DA:271,0
DA:275,0
DA:276,0
DA:277,0
DA:278,0
DA:283,0
DA:287,0
DA:291,0
DA:292,0
DA:295,0
DA:296,0
DA:297,0
DA:300,0
DA:302,0
DA:303,0
DA:309,0
DA:312,0
DA:321,0
DA:330,0
DA:331,0
DA:332,0
DA:333,0
DA:335,0
DA:340,0
DA:341,0
DA:342,0
DA:343,0
DA:345,0
DA:346,0
DA:347,0
DA:351,0
DA:352,0
DA:353,0
DA:354,0
DA:357,0
DA:360,0
DA:362,0
DA:370,0
DA:375,0
DA:376,0
DA:377,0
DA:379,0
DA:380,0
DA:381,0
DA:385,0
DA:386,0
DA:387,0
DA:388,0
DA:391,0
DA:394,0
DA:396,0
DA:404,0
DA:409,0
DA:410,0
DA:411,0
DA:413,0
DA:414,0
DA:415,0
DA:419,0
DA:420,0
DA:421,0
DA:422,0
DA:425,0
DA:428,0
DA:430,0
DA:438,0
DA:443,0
DA:444,0
DA:446,0
DA:447,0
DA:448,0
DA:452,0
DA:453,0
DA:454,0
DA:455,0
DA:458,0
DA:459,0
DA:461,0
LF:212
LH:0
BRDA:27,0,0,0
BRDA:27,0,1,0
BRDA:27,1,0,0
BRDA:27,1,1,0
BRDA:28,2,0,0
BRDA:35,3,0,0
BRDA:59,4,0,0
BRDA:59,4,1,0
BRDA:59,5,0,0
BRDA:59,5,1,0
BRDA:60,6,0,0
BRDA:67,7,0,0
BRDA:81,8,0,0
BRDA:81,8,1,0
BRDA:81,9,0,0
BRDA:81,9,1,0
BRDA:82,10,0,0
BRDA:89,11,0,0
BRDA:115,12,0,0
BRDA:115,12,1,0
BRDA:115,13,0,0
BRDA:115,13,1,0
BRDA:116,14,0,0
BRDA:123,15,0,0
BRDA:138,16,0,0
BRDA:138,16,1,0
BRDA:138,17,0,0
BRDA:138,17,1,0
BRDA:139,18,0,0
BRDA:146,19,0,0
BRDA:161,20,0,0
BRDA:161,20,1,0
BRDA:161,21,0,0
BRDA:161,21,1,0
BRDA:163,22,0,0
BRDA:170,23,0,0
BRDA:179,24,0,0
BRDA:179,25,0,0
BRDA:179,25,1,0
BRDA:200,26,0,0
BRDA:200,26,1,0
BRDA:200,27,0,0
BRDA:200,27,1,0
BRDA:202,28,0,0
BRDA:209,29,0,0
BRDA:216,30,0,0
BRDA:216,31,0,0
BRDA:216,31,1,0
BRDA:237,32,0,0
BRDA:257,33,0,0
BRDA:265,34,0,0
BRDA:277,35,0,0
BRDA:277,36,0,0
BRDA:277,36,1,0
BRDA:281,37,0,0
BRDA:281,37,1,0
BRDA:291,38,0,0
BRDA:291,38,1,0
BRDA:302,39,0,0
BRDA:302,40,0,0
BRDA:302,40,1,0
BRDA:331,41,0,0
BRDA:331,41,1,0
BRDA:343,42,0,0
BRDA:343,42,1,0
BRDA:343,43,0,0
BRDA:343,43,1,0
BRDA:345,44,0,0
BRDA:352,45,0,0
BRDA:377,46,0,0
BRDA:377,46,1,0
BRDA:377,47,0,0
BRDA:377,47,1,0
BRDA:379,48,0,0
BRDA:386,49,0,0
BRDA:411,50,0,0
BRDA:411,50,1,0
BRDA:411,51,0,0
BRDA:411,51,1,0
BRDA:413,52,0,0
BRDA:420,53,0,0
BRDA:428,54,0,0
BRDA:428,54,1,0
BRDA:444,55,0,0
BRDA:444,55,1,0
BRDA:444,56,0,0
BRDA:444,56,1,0
BRDA:446,57,0,0
BRDA:453,58,0,0
BRF:89
BRH:0
end_of_record
TN:
SF:src\controllers\user-management.controller.ts
FN:5,(anonymous_0)
FN:10,(anonymous_1)
FN:17,(anonymous_2)
FN:41,(anonymous_3)
FN:72,(anonymous_4)
FN:103,(anonymous_5)
FN:134,(anonymous_6)
FN:155,(anonymous_7)
FN:186,(anonymous_8)
FN:217,(anonymous_9)
FN:249,(anonymous_10)
FN:280,(anonymous_11)
FNF:12
FNH:0
FNDA:0,(anonymous_0)
FNDA:0,(anonymous_1)
FNDA:0,(anonymous_2)
FNDA:0,(anonymous_3)
FNDA:0,(anonymous_4)
FNDA:0,(anonymous_5)
FNDA:0,(anonymous_6)
FNDA:0,(anonymous_7)
FNDA:0,(anonymous_8)
FNDA:0,(anonymous_9)
FNDA:0,(anonymous_10)
FNDA:0,(anonymous_11)
DA:4,0
DA:5,0
DA:11,0
DA:13,0
DA:16,0
DA:18,0
DA:19,0
DA:23,0
DA:28,0
DA:29,0
DA:30,0
DA:42,0
DA:43,0
DA:44,0
DA:46,0
DA:47,0
DA:53,0
DA:54,0
DA:59,0
DA:60,0
DA:61,0
DA:73,0
DA:74,0
DA:76,0
DA:77,0
DA:83,0
DA:84,0
DA:90,0
DA:91,0
DA:92,0
DA:104,0
DA:105,0
DA:107,0
DA:108,0
DA:114,0
DA:115,0
DA:121,0
DA:122,0
DA:123,0
DA:135,0
DA:136,0
DA:137,0
DA:142,0
DA:143,0
DA:144,0
DA:156,0
DA:157,0
DA:158,0
DA:160,0
DA:161,0
DA:167,0
DA:168,0
DA:173,0
DA:174,0
DA:175,0
DA:187,0
DA:188,0
DA:190,0
DA:191,0
DA:197,0
DA:198,0
DA:204,0
DA:205,0
DA:206,0
DA:218,0
DA:219,0
DA:220,0
DA:222,0
DA:223,0
DA:229,0
DA:230,0
DA:236,0
DA:237,0
DA:238,0
DA:250,0
DA:251,0
DA:253,0
DA:254,0
DA:260,0
DA:261,0
DA:267,0
DA:268,0
DA:269,0
DA:281,0
DA:282,0
DA:284,0
DA:285,0
DA:291,0
DA:292,0
DA:298,0
DA:299,0
DA:300,0
LF:92
LH:0
BRDA:29,0,0,0
BRDA:29,0,1,0
BRDA:46,1,0,0
BRDA:60,2,0,0
BRDA:60,2,1,0
BRDA:76,3,0,0
BRDA:76,4,0,0
BRDA:76,4,1,0
BRDA:91,5,0,0
BRDA:91,5,1,0
BRDA:107,6,0,0
BRDA:107,7,0,0
BRDA:107,7,1,0
BRDA:122,8,0,0
BRDA:122,8,1,0
BRDA:143,9,0,0
BRDA:143,9,1,0
BRDA:160,10,0,0
BRDA:174,11,0,0
BRDA:174,11,1,0
BRDA:190,12,0,0
BRDA:205,13,0,0
BRDA:205,13,1,0
BRDA:222,14,0,0
BRDA:237,15,0,0
BRDA:237,15,1,0
BRDA:253,16,0,0
BRDA:253,17,0,0
BRDA:253,17,1,0
BRDA:268,18,0,0
BRDA:268,18,1,0
BRDA:284,19,0,0
BRDA:284,20,0,0
BRDA:284,20,1,0
BRDA:299,21,0,0
BRDA:299,21,1,0
BRF:36
BRH:0
end_of_record
TN:
SF:src\controllers\user.controller.ts
FN:11,(anonymous_1)
FN:18,(anonymous_2)
FN:28,(anonymous_3)
FN:40,(anonymous_4)
FN:65,(anonymous_5)
FN:78,(anonymous_6)
FN:133,(anonymous_7)
FN:197,(anonymous_8)
FN:250,(anonymous_9)
FN:266,(anonymous_10)
FN:294,(anonymous_11)
FN:357,(anonymous_12)
FNF:12
FNH:0
FNDA:0,(anonymous_1)
FNDA:0,(anonymous_2)
FNDA:0,(anonymous_3)
FNDA:0,(anonymous_4)
FNDA:0,(anonymous_5)
FNDA:0,(anonymous_6)
FNDA:0,(anonymous_7)
FNDA:0,(anonymous_8)
FNDA:0,(anonymous_9)
FNDA:0,(anonymous_10)
FNDA:0,(anonymous_11)
FNDA:0,(anonymous_12)
DA:6,0
DA:7,0
DA:8,0
DA:10,0
DA:11,0
DA:13,0
DA:19,0
DA:22,0
DA:29,0
DA:30,0
DA:31,0
DA:33,0
DA:41,0
DA:42,0
DA:43,0
DA:44,0
DA:45,0
DA:49,0
DA:50,0
DA:51,0
DA:52,0
DA:55,0
DA:56,0
DA:58,0
DA:66,0
DA:67,0
DA:68,0
DA:69,0
DA:71,0
DA:79,0
DA:81,0
DA:83,0
DA:86,0
DA:87,0
DA:90,0
DA:91,0
DA:92,0
DA:93,0
DA:97,0
DA:103,0
DA:107,0
DA:113,0
DA:114,0
DA:117,0
DA:118,0
DA:123,0
DA:126,0
DA:134,0
DA:135,0
DA:136,0
DA:137,0
DA:138,0
DA:142,0
DA:143,0
DA:144,0
DA:145,0
DA:149,0
DA:151,0
DA:154,0
DA:156,0
DA:158,0
DA:159,0
DA:160,0
DA:162,0
DA:168,0
DA:171,0
DA:172,0
DA:173,0
DA:174,0
DA:176,0
DA:182,0
DA:183,0
DA:190,0
DA:198,0
DA:199,0
DA:202,0
DA:204,0
DA:207,0
DA:209,0
DA:211,0
DA:212,0
DA:213,0
DA:215,0
DA:221,0
DA:224,0
DA:225,0
DA:226,0
DA:227,0
DA:229,0
DA:235,0
DA:236,0
DA:243,0
DA:251,0
DA:252,0
DA:253,0
DA:254,0
DA:259,0
DA:267,0
DA:268,0
DA:269,0
DA:270,0
DA:271,0
DA:275,0
DA:276,0
DA:277,0
DA:278,0
DA:280,0
DA:281,0
DA:282,0
DA:287,0
DA:295,0
DA:296,0
DA:297,0
DA:298,0
DA:299,0
DA:303,0
DA:304,0
DA:305,0
DA:306,0
DA:309,0
DA:311,0
DA:312,0
DA:316,0
DA:319,0
DA:321,0
DA:324,0
DA:325,0
DA:329,0
DA:332,0
DA:336,0
DA:342,0
DA:343,0
DA:350,0
DA:358,0
DA:359,0
DA:360,0
DA:361,0
DA:362,0
DA:366,0
DA:367,0
DA:368,0
DA:369,0
DA:372,0
DA:374,0
DA:376,0
DA:377,0
DA:381,0
DA:385,0
DA:388,0
DA:392,0
DA:397,0
DA:398,0
DA:405,0
LF:153
LH:0
BRDA:42,0,0,0
BRDA:42,0,1,0
BRDA:42,1,0,0
BRDA:42,1,1,0
BRDA:43,2,0,0
BRDA:50,3,0,0
BRDA:90,4,0,0
BRDA:103,5,0,0
BRDA:103,5,1,0
BRDA:104,6,0,0
BRDA:104,6,1,0
BRDA:105,7,0,0
BRDA:105,7,1,0
BRDA:114,8,0,0
BRDA:114,8,1,0
BRDA:117,9,0,0
BRDA:117,10,0,0
BRDA:117,10,1,0
BRDA:117,10,2,0
BRDA:117,10,3,0
BRDA:135,11,0,0
BRDA:135,11,1,0
BRDA:135,12,0,0
BRDA:135,12,1,0
BRDA:136,13,0,0
BRDA:143,14,0,0
BRDA:154,15,0,0
BRDA:154,15,1,0
BRDA:158,16,0,0
BRDA:158,17,0,0
BRDA:158,17,1,0
BRDA:171,18,0,0
BRDA:186,19,0,0
BRDA:186,19,1,0
BRDA:187,20,0,0
BRDA:187,20,1,0
BRDA:207,21,0,0
BRDA:207,21,1,0
BRDA:211,22,0,0
BRDA:211,23,0,0
BRDA:211,23,1,0
BRDA:224,24,0,0
BRDA:239,25,0,0
BRDA:239,25,1,0
BRDA:240,26,0,0
BRDA:240,26,1,0
BRDA:268,27,0,0
BRDA:268,27,1,0
BRDA:268,28,0,0
BRDA:268,28,1,0
BRDA:269,29,0,0
BRDA:276,30,0,0
BRDA:296,31,0,0
BRDA:296,31,1,0
BRDA:296,32,0,0
BRDA:296,32,1,0
BRDA:297,33,0,0
BRDA:304,34,0,0
BRDA:311,35,0,0
BRDA:324,36,0,0
BRDA:324,37,0,0
BRDA:324,37,1,0
BRDA:324,38,0,0
BRDA:324,38,1,0
BRDA:346,39,0,0
BRDA:346,39,1,0
BRDA:359,40,0,0
BRDA:359,40,1,0
BRDA:359,41,0,0
BRDA:359,41,1,0
BRDA:360,42,0,0
BRDA:367,43,0,0
BRDA:376,44,0,0
BRDA:376,45,0,0
BRDA:376,45,1,0
BRDA:376,46,0,0
BRDA:376,46,1,0
BRDA:401,47,0,0
BRDA:401,47,1,0
BRF:79
BRH:0
end_of_record
TN:
SF:src\dtos\create-customer.dto.ts
FN:3,(anonymous_2)
FNF:1
FNH:0
FNDA:0,(anonymous_2)
DA:1,0
DA:3,0
DA:6,0
DA:11,0
DA:16,0
DA:21,0
DA:26,0
DA:31,0
DA:36,0
DA:41,0
DA:46,0
DA:51,0
DA:56,0
DA:61,0
DA:65,0
DA:69,0
DA:74,0
DA:78,0
LF:18
LH:0
BRF:0
BRH:0
end_of_record
TN:
SF:src\dtos\create-user.dto.ts
FN:3,(anonymous_2)
FN:5,(anonymous_3)
FNF:2
FNH:0
FNDA:0,(anonymous_2)
FNDA:0,(anonymous_3)
DA:1,0
DA:3,0
DA:6,0
DA:11,0
DA:16,0
DA:21,0
DA:27,0
DA:32,0
DA:37,0
DA:40,0
DA:45,0
DA:49,0
LF:12
LH:0
BRF:0
BRH:0
end_of_record
TN:
SF:src\dtos\customer-response.dto.ts
FN:58,(anonymous_2)
FN:63,(anonymous_3)
FNF:2
FNH:0
FNDA:0,(anonymous_2)
FNDA:0,(anonymous_3)
DA:1,0
DA:3,0
DA:5,0
DA:8,0
DA:11,0
DA:14,0
DA:17,0
DA:20,0
DA:23,0
DA:26,0
DA:29,0
DA:32,0
DA:35,0
DA:38,0
DA:41,0
DA:44,0
DA:47,0
DA:50,0
DA:53,0
DA:56,0
DA:58,0
DA:60,0
DA:64,0
LF:23
LH:0
BRF:0
BRH:0
end_of_record
TN:
SF:src\dtos\notification.dto.ts
FNF:0
FNH:0
DA:1,0
DA:3,0
DA:6,0
DA:9,0
DA:12,0
DA:15,0
DA:19,0
DA:23,0
DA:26,0
DA:29,0
DA:33,0
DA:37,0
DA:41,0
DA:45,0
DA:48,0
DA:51,0
DA:55,0
DA:59,0
DA:63,0
DA:66,0
DA:69,0
DA:73,0
DA:77,0
DA:81,0
DA:85,0
DA:89,0
DA:93,0
DA:97,0
DA:101,0
DA:104,0
DA:106,0
DA:109,0
DA:112,0
LF:33
LH:0
BRF:0
BRH:0
end_of_record
TN:
SF:src\dtos\status-response.dto.ts
FN:5,(anonymous_0)
FNF:1
FNH:0
FNDA:0,(anonymous_0)
DA:1,0
DA:2,0
DA:3,0
DA:6,0
LF:4
LH:0
BRDA:5,0,0,0
BRF:1
BRH:0
end_of_record
TN:
SF:src\dtos\task-comment.dto.ts
FNF:0
FNH:0
DA:1,0
DA:3,0
DA:7,0
DA:11,0
DA:15,0
DA:18,0
DA:22,0
DA:26,0
DA:29,0
DA:55,0
DA:58,0
DA:61,0
LF:12
LH:0
BRF:0
BRH:0
end_of_record
TN:
SF:src\dtos\task-image.dto.ts
FNF:0
FNH:0
DA:1,0
DA:3,0
DA:6,0
DA:10,0
DA:13,0
DA:16,0
DA:20,0
DA:23,0
LF:8
LH:0
BRF:0
BRH:0
end_of_record
TN:
SF:src\dtos\task-like.dto.ts
FN:30,(anonymous_2)
FNF:1
FNH:0
FNDA:0,(anonymous_2)
DA:1,0
DA:3,0
DA:6,0
DA:9,0
DA:12,0
DA:15,0
DA:30,0
DA:31,0
DA:32,0
DA:33,0
DA:34,0
DA:35,0
DA:36,0
DA:37,0
LF:14
LH:0
BRF:0
BRH:0
end_of_record
TN:
SF:src\dtos\task-response.dto.ts
FNF:0
FNH:0
DA:4,0
DA:42,0
LF:2
LH:0
BRF:0
BRH:0
end_of_record
TN:
SF:src\dtos\task.dto.ts
FN:89,(anonymous_2)
FNF:1
FNH:0
FNDA:0,(anonymous_2)
DA:1,0
DA:3,0
DA:7,0
DA:11,0
DA:14,0
DA:18,0
DA:22,0
DA:26,0
DA:31,0
DA:34,0
DA:38,0
DA:41,0
DA:45,0
DA:49,0
DA:52,0
DA:56,0
DA:60,0
DA:64,0
DA:69,0
DA:72,0
DA:76,0
DA:80,0
DA:83,0
DA:86,0
DA:89,0
DA:92,0
DA:96,0
DA:100,0
DA:104,0
DA:107,0
DA:110,0
DA:113,0
DA:116,0
LF:33
LH:0
BRF:0
BRH:0
end_of_record
TN:
SF:src\dtos\update-customer.dto.ts
FNF:0
FNH:0
DA:1,0
DA:3,0
DA:7,0
DA:12,0
DA:17,0
DA:22,0
DA:27,0
DA:32,0
DA:37,0
DA:42,0
DA:47,0
DA:52,0
DA:57,0
DA:62,0
DA:66,0
DA:70,0
LF:16
LH:0
BRF:0
BRH:0
end_of_record
TN:
SF:src\dtos\update-user.dto.ts
FNF:0
FNH:0
DA:1,0
DA:7,0
DA:11,0
DA:16,0
DA:21,0
DA:27,0
DA:32,0
DA:37,0
DA:41,0
DA:46,0
DA:50,0
LF:11
LH:0
BRF:0
BRH:0
end_of_record
TN:
SF:src\dtos\user-response.dto.ts
FN:34,(anonymous_2)
FN:39,(anonymous_3)
FNF:2
FNH:0
FNDA:0,(anonymous_2)
FNDA:0,(anonymous_3)
DA:1,0
DA:3,0
DA:5,0
DA:8,0
DA:11,0
DA:14,0
DA:17,0
DA:20,0
DA:23,0
DA:26,0
DA:29,0
DA:32,0
DA:34,0
DA:36,0
DA:40,0
LF:15
LH:0
BRDA:42,0,0,0
BRDA:42,0,1,0
BRDA:42,1,0,0
BRDA:42,1,1,0
BRDA:43,2,0,0
BRDA:43,2,1,0
BRDA:43,3,0,0
BRDA:43,3,1,0
BRF:8
BRH:0
end_of_record
TN:
SF:src\entities\AuditLog.ts
FN:9,(anonymous_2)
FNF:1
FNH:0
FNDA:0,(anonymous_2)
DA:1,0
DA:2,0
DA:5,0
DA:7,0
DA:9,0
DA:11,0
DA:14,0
DA:17,0
DA:20,0
DA:23,0
DA:26,0
DA:29,0
DA:32,0
DA:35,0
DA:38,0
DA:41,0
DA:44,0
LF:17
LH:0
BRF:0
BRH:0
end_of_record
TN:
SF:src\entities\CommentReaction.ts
FN:29,(anonymous_2)
FN:29,(anonymous_3)
FN:33,(anonymous_4)
FNF:3
FNH:0
FNDA:0,(anonymous_2)
FNDA:0,(anonymous_3)
FNDA:0,(anonymous_4)
DA:1,0
DA:2,0
DA:3,0
DA:7,0
DA:9,0
DA:12,0
DA:15,0
DA:23,0
DA:26,0
DA:29,0
DA:31,0
DA:33,0
DA:35,0
LF:13
LH:0
BRF:0
BRH:0
end_of_record
TN:
SF:src\entities\Customer.ts
FN:6,(anonymous_2)
FN:74,(anonymous_3)
FN:13,(anonymous_4)
FNF:3
FNH:0
FNDA:0,(anonymous_2)
FNDA:0,(anonymous_3)
FNDA:0,(anonymous_4)
DA:1,0
DA:2,0
DA:6,0
DA:8,0
DA:11,0
DA:13,0
DA:15,0
DA:18,0
DA:21,0
DA:24,0
DA:27,0
DA:30,0
DA:33,0
DA:36,0
DA:39,0
DA:42,0
DA:45,0
DA:48,0
DA:51,0
DA:54,0
DA:62,0
DA:65,0
DA:68,0
DA:71,0
DA:75,0
LF:25
LH:0
BRF:0
BRH:0
end_of_record
TN:
SF:src\entities\Notification.ts
FN:12,(anonymous_2)
FN:50,(anonymous_3)
FNF:2
FNH:0
FNDA:0,(anonymous_2)
FNDA:0,(anonymous_3)
DA:1,0
DA:9,0
DA:12,0
DA:14,0
DA:17,0
DA:20,0
DA:23,0
DA:26,0
DA:29,0
DA:32,0
DA:35,0
DA:38,0
DA:41,0
DA:44,0
DA:47,0
DA:50,0
DA:52,0
LF:17
LH:0
BRF:0
BRH:0
end_of_record
TN:
SF:src\entities\NotificationGroupActor.ts
FN:29,(anonymous_2)
FN:33,(anonymous_3)
FNF:2
FNH:0
FNDA:0,(anonymous_2)
FNDA:0,(anonymous_3)
DA:1,0
DA:10,0
DA:11,0
DA:15,0
DA:17,0
DA:20,0
DA:23,0
DA:26,0
DA:29,0
DA:31,0
DA:33,0
DA:35,0
LF:12
LH:0
BRF:0
BRH:0
end_of_record
TN:
SF:src\entities\NotificationRecipient.ts
FN:16,(anonymous_2)
FN:50,(anonymous_3)
FN:54,(anonymous_4)
FN:58,(anonymous_5)
FNF:4
FNH:0
FNDA:0,(anonymous_2)
FNDA:0,(anonymous_3)
FNDA:0,(anonymous_4)
FNDA:0,(anonymous_5)
DA:1,0
DA:10,0
DA:11,0
DA:16,0
DA:18,0
DA:21,0
DA:24,0
DA:27,0
DA:30,0
DA:33,0
DA:36,0
DA:39,0
DA:42,0
DA:45,0
DA:48,0
DA:50,0
DA:51,0
DA:54,0
DA:56,0
DA:58,0
DA:60,0
LF:21
LH:0
BRF:0
BRH:0
end_of_record
TN:
SF:src\entities\Permission.ts
FN:24,(anonymous_2)
FN:24,(anonymous_3)
FNF:2
FNH:0
FNDA:0,(anonymous_2)
FNDA:0,(anonymous_3)
DA:1,0
DA:2,0
DA:3,0
DA:6,0
DA:8,0
DA:13,0
DA:18,0
DA:21,0
DA:24,0
DA:25,0
LF:10
LH:0
BRF:0
BRH:0
end_of_record
TN:
SF:src\entities\Role.ts
FN:41,(anonymous_2)
FN:42,(anonymous_3)
FN:34,(anonymous_4)
FN:34,(anonymous_5)
FN:37,(anonymous_6)
FN:37,(anonymous_7)
FNF:6
FNH:0
FNDA:0,(anonymous_2)
FNDA:0,(anonymous_3)
FNDA:0,(anonymous_4)
FNDA:0,(anonymous_5)
FNDA:0,(anonymous_6)
FNDA:0,(anonymous_7)
DA:1,0
DA:2,0
DA:3,0
DA:4,0
DA:7,0
DA:9,0
DA:14,0
DA:19,0
DA:22,0
DA:25,0
DA:28,0
DA:31,0
DA:34,0
DA:35,0
DA:37,0
DA:38,0
DA:42,0
LF:17
LH:0
BRDA:42,0,0,0
BRDA:42,0,1,0
BRDA:42,1,0,0
BRDA:42,1,1,0
BRDA:42,2,0,0
BRDA:42,2,1,0
BRDA:42,3,0,0
BRDA:42,3,1,0
BRDA:42,4,0,0
BRDA:42,4,1,0
BRF:10
BRH:0
end_of_record
TN:
SF:src\entities\RolePermission.ts
FN:13,(anonymous_2)
FN:13,(anonymous_3)
FN:17,(anonymous_4)
FN:17,(anonymous_5)
FNF:4
FNH:0
FNDA:0,(anonymous_2)
FNDA:0,(anonymous_3)
FNDA:0,(anonymous_4)
FNDA:0,(anonymous_5)
DA:1,0
DA:2,0
DA:3,0
DA:6,0
DA:8,0
DA:11,0
DA:13,0
DA:15,0
DA:17,0
DA:19,0
LF:10
LH:0
BRF:0
BRH:0
end_of_record
TN:
SF:src\entities\Task.ts
FN:17,(anonymous_2)
FN:66,(anonymous_3)
FN:66,(anonymous_4)
FN:70,(anonymous_5)
FN:70,(anonymous_6)
FN:74,(anonymous_7)
FN:74,(anonymous_8)
FN:77,(anonymous_9)
FN:77,(anonymous_10)
FN:80,(anonymous_11)
FN:80,(anonymous_12)
FNF:11
FNH:0
FNDA:0,(anonymous_2)
FNDA:0,(anonymous_3)
FNDA:0,(anonymous_4)
FNDA:0,(anonymous_5)
FNDA:0,(anonymous_6)
FNDA:0,(anonymous_7)
FNDA:0,(anonymous_8)
FNDA:0,(anonymous_9)
FNDA:0,(anonymous_10)
FNDA:0,(anonymous_11)
FNDA:0,(anonymous_12)
DA:1,0
DA:11,0
DA:12,0
DA:13,0
DA:14,0
DA:17,0
DA:19,0
DA:22,0
DA:25,0
DA:28,0
DA:31,0
DA:34,0
DA:37,0
DA:40,0
DA:48,0
DA:51,0
DA:54,0
DA:57,0
DA:60,0
DA:63,0
DA:66,0
DA:68,0
DA:70,0
DA:72,0
DA:74,0
DA:75,0
DA:77,0
DA:78,0
DA:80,0
DA:81,0
LF:30
LH:0
BRF:0
BRH:0
end_of_record
TN:
SF:src\entities\TaskComment.ts
FN:36,(anonymous_2)
FN:40,(anonymous_3)
FN:40,(anonymous_4)
FN:44,(anonymous_5)
FN:44,(anonymous_6)
FN:48,(anonymous_7)
FN:48,(anonymous_8)
FN:51,(anonymous_9)
FN:51,(anonymous_10)
FN:54,(anonymous_11)
FN:57,(anonymous_12)
FNF:11
FNH:0
FNDA:0,(anonymous_2)
FNDA:0,(anonymous_3)
FNDA:0,(anonymous_4)
FNDA:0,(anonymous_5)
FNDA:0,(anonymous_6)
FNDA:0,(anonymous_7)
FNDA:0,(anonymous_8)
FNDA:0,(anonymous_9)
FNDA:0,(anonymous_10)
FNDA:0,(anonymous_11)
FNDA:0,(anonymous_12)
DA:1,0
DA:2,0
DA:3,0
DA:4,0
DA:7,0
DA:9,0
DA:12,0
DA:15,0
DA:18,0
DA:21,0
DA:24,0
DA:27,0
DA:30,0
DA:33,0
DA:36,0
DA:38,0
DA:40,0
DA:42,0
DA:44,0
DA:46,0
DA:48,0
DA:49,0
DA:51,0
DA:52,0
DA:54,0
DA:55,0
DA:57,0
DA:58,0
LF:28
LH:0
BRF:0
BRH:0
end_of_record
TN:
SF:src\entities\TaskImage.ts
FN:6,(anonymous_2)
FN:32,(anonymous_3)
FN:32,(anonymous_4)
FN:36,(anonymous_5)
FN:36,(anonymous_6)
FNF:5
FNH:0
FNDA:0,(anonymous_2)
FNDA:0,(anonymous_3)
FNDA:0,(anonymous_4)
FNDA:0,(anonymous_5)
FNDA:0,(anonymous_6)
DA:1,0
DA:2,0
DA:3,0
DA:6,0
DA:8,0
DA:11,0
DA:14,0
DA:17,0
DA:20,0
DA:23,0
DA:26,0
DA:29,0
DA:32,0
DA:34,0
DA:36,0
DA:38,0
LF:16
LH:0
BRF:0
BRH:0
end_of_record
TN:
SF:src\entities\TaskLike.ts
FN:29,(anonymous_2)
FN:29,(anonymous_3)
FN:32,(anonymous_4)
FN:32,(anonymous_5)
FNF:4
FNH:0
FNDA:0,(anonymous_2)
FNDA:0,(anonymous_3)
FNDA:0,(anonymous_4)
FNDA:0,(anonymous_5)
DA:1,0
DA:2,0
DA:3,0
DA:7,0
DA:9,0
DA:12,0
DA:15,0
DA:23,0
DA:26,0
DA:29,0
DA:30,0
DA:32,0
DA:33,0
LF:13
LH:0
BRF:0
BRH:0
end_of_record
TN:
SF:src\entities\User.ts
FN:96,(anonymous_11)
FN:110,(anonymous_12)
FN:114,(anonymous_13)
FN:73,(anonymous_14)
FN:73,(anonymous_15)
FN:76,(anonymous_16)
FN:76,(anonymous_17)
FN:79,(anonymous_18)
FN:79,(anonymous_19)
FN:82,(anonymous_20)
FN:82,(anonymous_21)
FN:85,(anonymous_22)
FN:85,(anonymous_23)
FN:88,(anonymous_24)
FN:88,(anonymous_25)
FNF:15
FNH:0
FNDA:0,(anonymous_11)
FNDA:0,(anonymous_12)
FNDA:0,(anonymous_13)
FNDA:0,(anonymous_14)
FNDA:0,(anonymous_15)
FNDA:0,(anonymous_16)
FNDA:0,(anonymous_17)
FNDA:0,(anonymous_18)
FNDA:0,(anonymous_19)
FNDA:0,(anonymous_20)
FNDA:0,(anonymous_21)
FNDA:0,(anonymous_22)
FNDA:0,(anonymous_23)
FNDA:0,(anonymous_24)
FNDA:0,(anonymous_25)
DA:1,0
DA:2,0
DA:3,0
DA:4,0
DA:5,0
DA:6,0
DA:7,0
DA:8,0
DA:11,0
DA:13,0
DA:17,0
DA:21,0
DA:26,0
DA:30,0
DA:33,0
DA:36,0
DA:39,0
DA:42,0
DA:45,0
DA:48,0
DA:51,0
DA:55,0
DA:58,0
DA:61,0
DA:64,0
DA:67,0
DA:70,0
DA:73,0
DA:74,0
DA:76,0
DA:77,0
DA:79,0
DA:80,0
DA:82,0
DA:83,0
DA:85,0
DA:86,0
DA:88,0
DA:89,0
DA:96,0
DA:97,0
DA:103,0
DA:111,0
DA:115,0
LF:44
LH:0
BRDA:97,0,0,0
BRDA:98,1,0,0
BRDA:98,1,1,0
BRDA:98,1,2,0
BRF:4
BRH:0
end_of_record
TN:
SF:src\entities\UserNotificationSettings.ts
FN:15,(anonymous_2)
FN:60,(anonymous_3)
FNF:2
FNH:0
FNDA:0,(anonymous_2)
FNDA:0,(anonymous_3)
DA:1,0
DA:11,0
DA:15,0
DA:17,0
DA:20,0
DA:24,0
DA:27,0
DA:30,0
DA:34,0
DA:37,0
DA:41,0
DA:44,0
DA:48,0
DA:51,0
DA:54,0
DA:57,0
DA:60,0
DA:62,0
LF:18
LH:0
BRF:0
BRH:0
end_of_record
TN:
SF:src\entities\UserRole.ts
FN:13,(anonymous_2)
FN:13,(anonymous_3)
FN:17,(anonymous_4)
FN:17,(anonymous_5)
FNF:4
FNH:0
FNDA:0,(anonymous_2)
FNDA:0,(anonymous_3)
FNDA:0,(anonymous_4)
FNDA:0,(anonymous_5)
DA:1,0
DA:2,0
DA:3,0
DA:6,0
DA:8,0
DA:11,0
DA:13,0
DA:15,0
DA:17,0
DA:19,0
LF:10
LH:0
BRF:0
BRH:0
end_of_record
TN:
SF:src\entities\UserSession.ts
FN:43,(anonymous_2)
FN:50,(anonymous_3)
FN:9,(anonymous_4)
FN:31,(anonymous_5)
FNF:4
FNH:0
FNDA:0,(anonymous_2)
FNDA:0,(anonymous_3)
FNDA:0,(anonymous_4)
FNDA:0,(anonymous_5)
DA:1,0
DA:2,0
DA:5,0
DA:7,0
DA:9,0
DA:11,0
DA:14,0
DA:17,0
DA:20,0
DA:23,0
DA:26,0
DA:29,0
DA:31,0
DA:32,0
DA:35,0
DA:38,0
DA:44,0
DA:51,0
DA:52,0
LF:19
LH:0
BRF:0
BRH:0
end_of_record
TN:
SF:src\middleware\auth.middleware.ts
FN:23,(anonymous_1)
FN:32,(anonymous_2)
FN:86,(anonymous_3)
FNF:3
FNH:0
FNDA:0,(anonymous_1)
FNDA:0,(anonymous_2)
FNDA:0,(anonymous_3)
DA:2,0
DA:3,0
DA:4,0
DA:5,0
DA:7,0
DA:23,0
DA:24,0
DA:25,0
DA:27,0
DA:32,0
DA:33,0
DA:34,0
DA:35,0
DA:38,0
DA:39,0
DA:42,0
DA:44,0
DA:46,0
DA:48,0
DA:53,0
DA:57,0
DA:58,0
DA:59,0
DA:64,0
DA:65,0
DA:67,0
DA:68,0
DA:69,0
DA:71,0
DA:75,0
DA:76,0
DA:82,0
DA:83,0
DA:86,0
DA:89,0
DA:100,0
DA:101,0
DA:104,0
DA:113,0
DA:119,0
DA:122,0
DA:124,0
DA:127,0
DA:128,0
DA:130,0
DA:139,0
LF:46
LH:0
BRDA:7,0,0,0
BRDA:7,0,1,0
BRDA:33,1,0,0
BRDA:33,1,1,0
BRDA:33,2,0,0
BRDA:33,2,1,0
BRDA:34,3,0,0
BRDA:34,3,1,0
BRDA:34,4,0,0
BRDA:34,4,1,0
BRDA:38,5,0,0
BRDA:38,6,0,0
BRDA:38,6,1,0
BRDA:46,7,0,0
BRDA:51,8,0,0
BRDA:51,8,1,0
BRDA:57,9,0,0
BRDA:64,10,0,0
BRDA:64,11,0,0
BRDA:64,11,1,0
BRDA:65,12,0,0
BRDA:82,13,0,0
BRDA:82,14,0,0
BRDA:82,14,1,0
BRDA:132,15,0,0
BRDA:132,15,1,0
BRF:26
BRH:0
end_of_record
TN:
SF:src\middleware\permission.middleware.ts
FN:18,(anonymous_0)
FN:19,(anonymous_1)
FN:56,(anonymous_2)
FN:57,(anonymous_3)
FN:71,(anonymous_4)
FN:98,(anonymous_5)
FN:99,(anonymous_6)
FNF:7
FNH:0
FNDA:0,(anonymous_0)
FNDA:0,(anonymous_1)
FNDA:0,(anonymous_2)
FNDA:0,(anonymous_3)
FNDA:0,(anonymous_4)
FNDA:0,(anonymous_5)
FNDA:0,(anonymous_6)
DA:2,0
DA:18,0
DA:19,0
DA:20,0
DA:21,0
DA:22,0
DA:29,0
DA:30,0
DA:33,0
DA:34,0
DA:43,0
DA:45,0
DA:47,0
DA:48,0
DA:56,0
DA:57,0
DA:58,0
DA:59,0
DA:60,0
DA:67,0
DA:68,0
DA:71,0
DA:72,0
DA:75,0
DA:76,0
DA:85,0
DA:87,0
DA:89,0
DA:90,0
DA:98,0
DA:99,0
DA:100,0
DA:101,0
DA:102,0
DA:109,0
DA:110,0
DA:113,0
DA:114,0
DA:122,0
DA:124,0
DA:125,0
LF:41
LH:0
BRDA:21,0,0,0
BRDA:33,1,0,0
BRDA:59,2,0,0
BRDA:75,3,0,0
BRDA:101,4,0,0
BRDA:113,5,0,0
BRF:6
BRH:0
end_of_record
TN:
SF:src\middleware\requestDecryption.middleware.ts
FN:7,(anonymous_0)
FN:26,(anonymous_1)
FNF:2
FNH:0
FNDA:0,(anonymous_0)
FNDA:0,(anonymous_1)
DA:5,0
DA:7,0
DA:8,0
DA:10,0
DA:11,0
DA:12,0
DA:13,0
DA:15,0
DA:17,0
DA:18,0
DA:26,0
DA:28,0
DA:29,0
DA:32,0
DA:34,0
DA:35,0
DA:37,0
DA:38,0
DA:42,0
DA:44,0
DA:45,0
LF:21
LH:0
BRDA:28,0,0,0
BRDA:34,1,0,0
BRDA:34,2,0,0
BRDA:34,2,1,0
BRDA:37,3,0,0
BRF:5
BRH:0
end_of_record
TN:
SF:src\middleware\validation.middleware.ts
FN:9,(anonymous_0)
FN:19,(anonymous_1)
FN:428,(anonymous_2)
FNF:3
FNH:0
FNDA:0,(anonymous_0)
FNDA:0,(anonymous_1)
FNDA:0,(anonymous_2)
DA:1,0
DA:9,0
DA:14,0
DA:16,0
DA:17,0
DA:19,0
DA:25,0
DA:28,0
DA:33,0
DA:51,0
DA:87,0
DA:99,0
DA:116,0
DA:168,0
DA:226,0
DA:239,0
DA:313,0
DA:382,0
DA:395,0
DA:429,0
DA:430,0
DA:432,0
DA:453,0
DA:511,0
DA:524,0
DA:547,0
DA:560,0
DA:587,0
LF:28
LH:0
BRDA:16,0,0,0
BRDA:429,1,0,0
BRDA:429,2,0,0
BRDA:429,2,1,0
BRDA:429,2,2,0
BRF:5
BRH:0
end_of_record
TN:
SF:src\migrations\1770104312494-InitialSchema.ts
FN:3,(anonymous_0)
FN:6,(anonymous_1)
FN:42,(anonymous_2)
FNF:3
FNH:0
FNDA:0,(anonymous_0)
FNDA:0,(anonymous_1)
FNDA:0,(anonymous_2)
DA:3,0
DA:4,0
DA:7,0
DA:8,0
DA:9,0
DA:10,0
DA:11,0
DA:12,0
DA:13,0
DA:14,0
DA:15,0
DA:16,0
DA:17,0
DA:18,0
DA:19,0
DA:20,0
DA:21,0
DA:22,0
DA:23,0
DA:24,0
DA:25,0
DA:26,0
DA:27,0
DA:28,0
DA:29,0
DA:30,0
DA:31,0
DA:32,0
DA:33,0
DA:34,0
DA:35,0
DA:36,0
DA:37,0
DA:38,0
DA:39,0
DA:43,0
DA:44,0
DA:45,0
DA:46,0
DA:47,0
DA:48,0
DA:49,0
DA:50,0
DA:51,0
DA:52,0
DA:53,0
DA:54,0
DA:55,0
DA:56,0
DA:57,0
DA:58,0
DA:59,0
DA:60,0
DA:61,0
DA:62,0
DA:63,0
DA:64,0
DA:65,0
DA:66,0
DA:67,0
DA:68,0
DA:69,0
DA:70,0
DA:71,0
DA:72,0
DA:73,0
DA:74,0
DA:75,0
LF:68
LH:0
BRF:0
BRH:0
end_of_record
TN:
SF:src\repositories\base.repository.ts
FN:11,(anonymous_1)
FN:18,(anonymous_2)
FN:25,(anonymous_3)
FN:35,(anonymous_4)
FN:42,(anonymous_5)
FN:50,(anonymous_6)
FN:58,(anonymous_7)
FN:66,(anonymous_8)
FN:73,(anonymous_9)
FN:80,(anonymous_10)
FN:87,(anonymous_11)
FN:94,(anonymous_12)
FN:101,(anonymous_13)
FNF:13
FNH:0
FNDA:0,(anonymous_1)
FNDA:0,(anonymous_2)
FNDA:0,(anonymous_3)
FNDA:0,(anonymous_4)
FNDA:0,(anonymous_5)
FNDA:0,(anonymous_6)
FNDA:0,(anonymous_7)
FNDA:0,(anonymous_8)
FNDA:0,(anonymous_9)
FNDA:0,(anonymous_10)
FNDA:0,(anonymous_11)
FNDA:0,(anonymous_12)
FNDA:0,(anonymous_13)
DA:2,0
DA:8,0
DA:12,0
DA:19,0
DA:26,0
DA:29,0
DA:36,0
DA:43,0
DA:44,0
DA:51,0
DA:52,0
DA:59,0
DA:60,0
DA:67,0
DA:74,0
DA:81,0
DA:88,0
DA:95,0
DA:102,0
LF:19
LH:0
BRDA:26,0,0,0
BRDA:26,0,1,0
BRDA:26,1,0,0
BRDA:26,1,1,0
BRDA:60,2,0,0
BRDA:60,2,1,0
BRF:6
BRH:0
end_of_record
TN:
SF:src\repositories\comment-reaction.repository.ts
FN:8,(anonymous_1)
FN:15,(anonymous_2)
FN:24,(anonymous_3)
FN:34,(anonymous_4)
FN:44,(anonymous_5)
FN:51,(anonymous_6)
FNF:6
FNH:0
FNDA:0,(anonymous_1)
FNDA:0,(anonymous_2)
FNDA:0,(anonymous_3)
FNDA:0,(anonymous_4)
FNDA:0,(anonymous_5)
FNDA:0,(anonymous_6)
DA:2,0
DA:3,0
DA:5,0
DA:9,0
DA:16,0
DA:25,0
DA:35,0
DA:45,0
DA:52,0
LF:9
LH:0
BRF:0
BRH:0
end_of_record
TN:
SF:src\repositories\customer.repository.ts
FN:8,(anonymous_1)
FN:11,(anonymous_2)
FN:21,(anonymous_3)
FN:38,(anonymous_4)
FN:57,(anonymous_5)
FN:68,(anonymous_6)
FN:79,(anonymous_7)
FN:102,(anonymous_8)
FN:148,(anonymous_9)
FN:160,(anonymous_10)
FN:184,(anonymous_11)
FN:185,(anonymous_12)
FN:193,(anonymous_13)
FNF:13
FNH:0
FNDA:0,(anonymous_1)
FNDA:0,(anonymous_2)
FNDA:0,(anonymous_3)
FNDA:0,(anonymous_4)
FNDA:0,(anonymous_5)
FNDA:0,(anonymous_6)
FNDA:0,(anonymous_7)
FNDA:0,(anonymous_8)
FNDA:0,(anonymous_9)
FNDA:0,(anonymous_10)
FNDA:0,(anonymous_11)
FNDA:0,(anonymous_12)
FNDA:0,(anonymous_13)
DA:2,0
DA:3,0
DA:5,0
DA:7,0
DA:9,0
DA:12,0
DA:22,0
DA:23,0
DA:24,0
DA:26,0
DA:39,0
DA:40,0
DA:41,0
DA:43,0
DA:44,0
DA:46,0
DA:58,0
DA:69,0
DA:80,0
DA:107,0
DA:109,0
DA:118,0
DA:119,0
DA:120,0
DA:122,0
DA:123,0
DA:124,0
DA:126,0
DA:127,0
DA:128,0
DA:131,0
DA:135,0
DA:140,0
DA:149,0
DA:150,0
DA:161,0
DA:162,0
DA:163,0
DA:167,0
DA:168,0
DA:169,0
DA:172,0
DA:175,0
DA:184,0
DA:185,0
DA:186,0
DA:193,0
DA:195,0
DA:197,0
DA:198,0
LF:50
LH:0
BRDA:21,0,0,0
BRDA:23,1,0,0
BRDA:38,2,0,0
BRDA:40,3,0,0
BRDA:43,4,0,0
BRDA:57,5,0,0
BRDA:118,6,0,0
BRDA:118,6,1,0
BRDA:122,7,0,0
BRDA:122,7,1,0
BRDA:126,8,0,0
BRDA:126,8,1,0
BRDA:162,9,0,0
BRDA:168,10,0,0
BRDA:168,11,0,0
BRDA:168,11,1,0
BRDA:168,12,0,0
BRDA:168,12,1,0
BRDA:168,13,0,0
BRDA:168,13,1,0
BRDA:168,14,0,0
BRDA:168,14,1,0
BRDA:188,15,0,0
BRDA:188,15,1,0
BRF:24
BRH:0
end_of_record
TN:
SF:src\repositories\notification-recipient.repository.ts
FN:6,(anonymous_0)
FN:10,(anonymous_1)
FN:20,(anonymous_2)
FN:29,(anonymous_3)
FN:36,(anonymous_4)
FN:45,(anonymous_5)
FN:54,(anonymous_6)
FN:58,(anonymous_7)
FN:64,(anonymous_8)
FN:73,(anonymous_9)
FNF:10
FNH:0
FNDA:0,(anonymous_0)
FNDA:0,(anonymous_1)
FNDA:0,(anonymous_2)
FNDA:0,(anonymous_3)
FNDA:0,(anonymous_4)
FNDA:0,(anonymous_5)
FNDA:0,(anonymous_6)
FNDA:0,(anonymous_7)
FNDA:0,(anonymous_8)
FNDA:0,(anonymous_9)
DA:2,0
DA:3,0
DA:5,0
DA:7,0
DA:11,0
DA:21,0
DA:30,0
DA:37,0
DA:38,0
DA:40,0
DA:41,0
DA:42,0
DA:46,0
DA:47,0
DA:49,0
DA:50,0
DA:51,0
DA:55,0
DA:58,0
DA:65,0
DA:66,0
DA:68,0
DA:69,0
DA:70,0
DA:74,0
DA:75,0
DA:77,0
DA:78,0
DA:79,0
LF:29
LH:0
BRDA:10,0,0,0
BRDA:10,1,0,0
BRDA:20,2,0,0
BRDA:38,3,0,0
BRDA:47,4,0,0
BRDA:66,5,0,0
BRDA:75,6,0,0
BRF:7
BRH:0
end_of_record
TN:
SF:src\repositories\notification.repository.ts
FN:7,(anonymous_1)
FN:11,(anonymous_2)
FN:18,(anonymous_3)
FN:34,(anonymous_4)
FN:50,(anonymous_5)
FNF:5
FNH:0
FNDA:0,(anonymous_1)
FNDA:0,(anonymous_2)
FNDA:0,(anonymous_3)
FNDA:0,(anonymous_4)
FNDA:0,(anonymous_5)
DA:2,0
DA:3,0
DA:4,0
DA:6,0
DA:8,0
DA:12,0
DA:23,0
DA:35,0
DA:51,0
DA:60,0
LF:10
LH:0
BRDA:34,0,0,0
BRDA:60,1,0,0
BRDA:60,1,1,0
BRDA:60,2,0,0
BRDA:60,2,1,0
BRDA:60,3,0,0
BRDA:60,3,1,0
BRF:7
BRH:0
end_of_record
TN:
SF:src\repositories\permission.repository.ts
FN:6,(anonymous_0)
FN:10,(anonymous_1)
FN:16,(anonymous_2)
FN:18,(anonymous_3)
FNF:4
FNH:0
FNDA:0,(anonymous_0)
FNDA:0,(anonymous_1)
FNDA:0,(anonymous_2)
FNDA:0,(anonymous_3)
DA:2,0
DA:3,0
DA:5,0
DA:7,0
DA:11,0
DA:17,0
DA:18,0
LF:7
LH:0
BRF:0
BRH:0
end_of_record
TN:
SF:src\repositories\profile-customer.repository.ts
FN:12,(anonymous_0)
FN:34,(anonymous_1)
FNF:2
FNH:0
FNDA:0,(anonymous_0)
FNDA:0,(anonymous_1)
DA:1,0
DA:5,0
DA:16,0
DA:21,0
DA:26,0
DA:35,0
LF:6
LH:0
BRF:0
BRH:0
end_of_record
TN:
SF:src\repositories\role-permission.repository.ts
FN:5,(anonymous_0)
FN:9,(anonymous_1)
FN:16,(anonymous_2)
FN:23,(anonymous_3)
FN:30,(anonymous_4)
FN:35,(anonymous_5)
FNF:6
FNH:0
FNDA:0,(anonymous_0)
FNDA:0,(anonymous_1)
FNDA:0,(anonymous_2)
FNDA:0,(anonymous_3)
FNDA:0,(anonymous_4)
FNDA:0,(anonymous_5)
DA:1,0
DA:2,0
DA:4,0
DA:6,0
DA:10,0
DA:17,0
DA:24,0
DA:25,0
DA:26,0
DA:27,0
DA:31,0
DA:32,0
DA:36,0
DA:37,0
LF:14
LH:0
BRDA:32,0,0,0
BRDA:32,0,1,0
BRDA:37,1,0,0
BRDA:37,1,1,0
BRF:4
BRH:0
end_of_record
TN:
SF:src\repositories\role.repository.ts
FN:6,(anonymous_0)
FN:10,(anonymous_1)
FN:16,(anonymous_2)
FN:20,(anonymous_3)
FN:24,(anonymous_4)
FNF:5
FNH:0
FNDA:0,(anonymous_0)
FNDA:0,(anonymous_1)
FNDA:0,(anonymous_2)
FNDA:0,(anonymous_3)
FNDA:0,(anonymous_4)
DA:2,0
DA:3,0
DA:5,0
DA:7,0
DA:11,0
DA:17,0
DA:21,0
DA:25,0
LF:8
LH:0
BRF:0
BRH:0
end_of_record
TN:
SF:src\repositories\task-comment.repository.ts
FN:8,(anonymous_1)
FN:15,(anonymous_2)
FN:25,(anonymous_3)
FN:35,(anonymous_4)
FN:45,(anonymous_5)
FN:52,(anonymous_6)
FN:59,(anonymous_7)
FN:66,(anonymous_8)
FNF:8
FNH:0
FNDA:0,(anonymous_1)
FNDA:0,(anonymous_2)
FNDA:0,(anonymous_3)
FNDA:0,(anonymous_4)
FNDA:0,(anonymous_5)
FNDA:0,(anonymous_6)
FNDA:0,(anonymous_7)
FNDA:0,(anonymous_8)
DA:2,0
DA:3,0
DA:5,0
DA:9,0
DA:16,0
DA:17,0
DA:19,0
DA:26,0
DA:36,0
DA:46,0
DA:53,0
DA:60,0
DA:67,0
LF:13
LH:0
BRDA:16,0,0,0
BRDA:16,1,0,0
BRDA:16,1,1,0
BRF:3
BRH:0
end_of_record
TN:
SF:src\repositories\task.repository.ts
FN:7,(anonymous_0)
FN:11,(anonymous_1)
FN:15,(anonymous_2)
FN:61,(anonymous_3)
FN:68,(anonymous_4)
FN:73,(anonymous_5)
FN:77,(anonymous_6)
FN:81,(anonymous_7)
FN:85,(anonymous_8)
FN:97,(anonymous_9)
FN:104,(anonymous_10)
FN:111,(anonymous_11)
FN:118,(anonymous_12)
FN:127,(anonymous_13)
FN:136,(anonymous_14)
FN:145,(anonymous_15)
FN:156,(anonymous_16)
FN:171,(anonymous_17)
FN:180,(anonymous_18)
FNF:19
FNH:0
FNDA:0,(anonymous_0)
FNDA:0,(anonymous_1)
FNDA:0,(anonymous_2)
FNDA:0,(anonymous_3)
FNDA:0,(anonymous_4)
FNDA:0,(anonymous_5)
FNDA:0,(anonymous_6)
FNDA:0,(anonymous_7)
FNDA:0,(anonymous_8)
FNDA:0,(anonymous_9)
FNDA:0,(anonymous_10)
FNDA:0,(anonymous_11)
FNDA:0,(anonymous_12)
FNDA:0,(anonymous_13)
FNDA:0,(anonymous_14)
FNDA:0,(anonymous_15)
FNDA:0,(anonymous_16)
FNDA:0,(anonymous_17)
FNDA:0,(anonymous_18)
DA:2,0
DA:3,0
DA:6,0
DA:8,0
DA:12,0
DA:16,0
DA:23,0
DA:24,0
DA:31,0
DA:32,0
DA:33,0
DA:34,0
DA:39,0
DA:40,0
DA:44,0
DA:45,0
DA:49,0
DA:50,0
DA:55,0
DA:57,0
DA:58,0
DA:62,0
DA:69,0
DA:70,0
DA:74,0
DA:78,0
DA:82,0
DA:86,0
DA:94,0
DA:98,0
DA:105,0
DA:112,0
DA:119,0
DA:128,0
DA:137,0
DA:146,0
DA:147,0
DA:149,0
DA:157,0
DA:158,0
DA:159,0
DA:161,0
DA:172,0
DA:181,0
LF:44
LH:0
BRDA:23,0,0,0
BRDA:23,1,0,0
BRDA:23,1,1,0
BRDA:31,2,0,0
BRDA:32,3,0,0
BRDA:32,3,1,0
BRDA:33,4,0,0
BRDA:39,5,0,0
BRDA:39,6,0,0
BRDA:39,6,1,0
BRDA:44,7,0,0
BRDA:44,8,0,0
BRDA:44,8,1,0
BRDA:49,9,0,0
BRDA:49,10,0,0
BRDA:49,10,1,0
BRDA:70,11,0,0
BRDA:70,11,1,0
BRDA:171,12,0,0
BRF:19
BRH:0
end_of_record
TN:
SF:src\repositories\user-notification-settings.repository.ts
FN:6,(anonymous_0)
FN:10,(anonymous_1)
FN:17,(anonymous_2)
FN:38,(anonymous_3)
FN:46,(anonymous_4)
FNF:5
FNH:0
FNDA:0,(anonymous_0)
FNDA:0,(anonymous_1)
FNDA:0,(anonymous_2)
FNDA:0,(anonymous_3)
FNDA:0,(anonymous_4)
DA:2,0
DA:3,0
DA:5,0
DA:7,0
DA:11,0
DA:18,0
DA:20,0
DA:21,0
DA:32,0
DA:35,0
DA:39,0
DA:40,0
DA:42,0
DA:43,0
DA:47,0
DA:48,0
DA:50,0
DA:52,0
DA:54,0
DA:56,0
DA:58,0
DA:60,0
DA:62,0
DA:64,0
DA:66,0
LF:25
LH:0
BRDA:20,0,0,0
BRDA:40,1,0,0
BRDA:48,2,0,0
BRDA:50,3,0,0
BRDA:50,3,1,0
BRDA:50,3,2,0
BRDA:50,3,3,0
BRDA:50,3,4,0
BRDA:50,3,5,0
BRDA:50,3,6,0
BRDA:50,3,7,0
BRF:11
BRH:0
end_of_record
TN:
SF:src\repositories\user-role.repository.ts
FN:5,(anonymous_0)
FN:9,(anonymous_1)
FN:16,(anonymous_2)
FN:23,(anonymous_3)
FN:30,(anonymous_4)
FN:35,(anonymous_5)
FNF:6
FNH:0
FNDA:0,(anonymous_0)
FNDA:0,(anonymous_1)
FNDA:0,(anonymous_2)
FNDA:0,(anonymous_3)
FNDA:0,(anonymous_4)
FNDA:0,(anonymous_5)
DA:1,0
DA:2,0
DA:4,0
DA:6,0
DA:10,0
DA:17,0
DA:24,0
DA:25,0
DA:26,0
DA:27,0
DA:31,0
DA:32,0
DA:36,0
DA:37,0
LF:14
LH:0
BRDA:32,0,0,0
BRDA:32,0,1,0
BRDA:37,1,0,0
BRDA:37,1,1,0
BRF:4
BRH:0
end_of_record
TN:
SF:src\repositories\user.repository.ts
FN:6,(anonymous_0)
FN:10,(anonymous_1)
FN:27,(anonymous_2)
FN:40,(anonymous_3)
FN:48,(anonymous_4)
FNF:5
FNH:0
FNDA:0,(anonymous_0)
FNDA:0,(anonymous_1)
FNDA:0,(anonymous_2)
FNDA:0,(anonymous_3)
FNDA:0,(anonymous_4)
DA:2,0
DA:3,0
DA:5,0
DA:7,0
DA:11,0
DA:16,0
DA:17,0
DA:20,0
DA:21,0
DA:24,0
DA:28,0
DA:29,0
DA:30,0
DA:32,0
DA:33,0
DA:35,0
DA:41,0
DA:42,0
DA:44,0
DA:45,0
DA:49,0
DA:50,0
LF:22
LH:0
BRDA:10,0,0,0
BRDA:10,1,0,0
BRDA:16,2,0,0
BRDA:20,3,0,0
BRDA:27,4,0,0
BRDA:29,5,0,0
BRDA:32,6,0,0
BRF:7
BRH:0
end_of_record
TN:
SF:src\routes\auth.routes.ts
FNF:0
FNH:0
DA:1,0
DA:2,0
DA:3,0
DA:4,0
DA:5,0
DA:7,0
DA:10,0
DA:22,0
DA:33,0
DA:34,0
DA:37,0
DA:38,0
DA:39,0
DA:41,0
LF:14
LH:0
BRF:0
BRH:0
end_of_record
TN:
SF:src\routes\comment-reaction.routes.ts
FN:16,(anonymous_1)
FN:37,(anonymous_2)
FN:42,(anonymous_3)
FN:47,(anonymous_4)
FN:52,(anonymous_5)
FNF:5
FNH:0
FNDA:0,(anonymous_1)
FNDA:0,(anonymous_2)
FNDA:0,(anonymous_3)
FNDA:0,(anonymous_4)
FNDA:0,(anonymous_5)
DA:1,0
DA:2,0
DA:3,0
DA:4,0
DA:5,0
DA:6,0
DA:8,0
DA:11,0
DA:17,0
DA:18,0
DA:20,0
DA:26,0
DA:27,0
DA:28,0
DA:34,0
DA:37,0
DA:38,0
DA:42,0
DA:43,0
DA:47,0
DA:48,0
DA:52,0
DA:53,0
DA:56,0
LF:24
LH:0
BRDA:17,0,0,0
BRDA:17,0,1,0
BRF:2
BRH:0
end_of_record
TN:
SF:src\routes\customer-profile.routes.ts
FN:18,(anonymous_0)
FNF:1
FNH:0
FNDA:0,(anonymous_0)
DA:1,0
DA:2,0
DA:3,0
DA:4,0
DA:5,0
DA:7,0
DA:10,0
DA:11,0
DA:12,0
DA:15,0
DA:18,0
DA:19,0
DA:21,0
DA:22,0
DA:25,0
DA:26,0
DA:28,0
DA:31,0
LF:18
LH:0
BRDA:21,0,0,0
BRDA:25,1,0,0
BRDA:25,1,1,0
BRDA:26,2,0,0
BRDA:26,2,1,0
BRF:5
BRH:0
end_of_record
TN:
SF:src\routes\customer.routes.ts
FN:16,(anonymous_0)
FN:21,(anonymous_1)
FN:36,(anonymous_2)
FN:40,(anonymous_3)
FN:50,(anonymous_4)
FN:53,(anonymous_5)
FN:62,(anonymous_6)
FN:69,(anonymous_7)
FN:72,(anonymous_8)
FNF:9
FNH:0
FNDA:0,(anonymous_0)
FNDA:0,(anonymous_1)
FNDA:0,(anonymous_2)
FNDA:0,(anonymous_3)
FNDA:0,(anonymous_4)
FNDA:0,(anonymous_5)
FNDA:0,(anonymous_6)
FNDA:0,(anonymous_7)
FNDA:0,(anonymous_8)
DA:1,0
DA:2,0
DA:3,0
DA:4,0
DA:5,0
DA:7,0
DA:9,0
DA:12,0
DA:13,0
DA:16,0
DA:19,0
DA:21,0
DA:22,0
DA:24,0
DA:25,0
DA:28,0
DA:29,0
DA:31,0
DA:36,0
DA:37,0
DA:40,0
DA:41,0
DA:44,0
DA:50,0
DA:53,0
DA:54,0
DA:58,0
DA:62,0
DA:66,0
DA:69,0
DA:72,0
DA:73,0
DA:76,0
LF:33
LH:0
BRDA:24,0,0,0
BRDA:28,1,0,0
BRDA:28,1,1,0
BRDA:29,2,0,0
BRDA:29,2,1,0
BRF:5
BRH:0
end_of_record
TN:
SF:src\routes\notification.routes.ts
FN:17,(anonymous_1)
FN:20,(anonymous_2)
FN:23,(anonymous_3)
FN:26,(anonymous_4)
FN:29,(anonymous_5)
FN:32,(anonymous_6)
FN:35,(anonymous_7)
FN:38,(anonymous_8)
FNF:8
FNH:0
FNDA:0,(anonymous_1)
FNDA:0,(anonymous_2)
FNDA:0,(anonymous_3)
FNDA:0,(anonymous_4)
FNDA:0,(anonymous_5)
FNDA:0,(anonymous_6)
FNDA:0,(anonymous_7)
FNDA:0,(anonymous_8)
DA:1,0
DA:2,0
DA:3,0
DA:4,0
DA:5,0
DA:7,0
DA:10,0
DA:11,0
DA:14,0
DA:17,0
DA:20,0
DA:23,0
DA:26,0
DA:29,0
DA:32,0
DA:35,0
DA:38,0
DA:40,0
LF:18
LH:0
BRF:0
BRH:0
end_of_record
TN:
SF:src\routes\task-comment.routes.ts
FN:15,(anonymous_1)
FN:32,(anonymous_2)
FN:35,(anonymous_3)
FN:38,(anonymous_4)
FN:41,(anonymous_5)
FNF:5
FNH:0
FNDA:0,(anonymous_1)
FNDA:0,(anonymous_2)
FNDA:0,(anonymous_3)
FNDA:0,(anonymous_4)
FNDA:0,(anonymous_5)
DA:1,0
DA:2,0
DA:3,0
DA:4,0
DA:5,0
DA:7,0
DA:10,0
DA:16,0
DA:17,0
DA:19,0
DA:25,0
DA:26,0
DA:29,0
DA:32,0
DA:35,0
DA:38,0
DA:41,0
DA:43,0
LF:18
LH:0
BRDA:16,0,0,0
BRDA:16,0,1,0
BRF:2
BRH:0
end_of_record
TN:
SF:src\routes\task-image.routes.ts
FN:19,(anonymous_0)
FN:22,(anonymous_1)
FN:25,(anonymous_2)
FN:28,(anonymous_3)
FNF:4
FNH:0
FNDA:0,(anonymous_0)
FNDA:0,(anonymous_1)
FNDA:0,(anonymous_2)
FNDA:0,(anonymous_3)
DA:1,0
DA:2,0
DA:3,0
DA:4,0
DA:9,0
DA:12,0
DA:13,0
DA:16,0
DA:19,0
DA:22,0
DA:25,0
DA:28,0
DA:30,0
LF:13
LH:0
BRF:0
BRH:0
end_of_record
TN:
SF:src\routes\task-like.routes.ts
FN:17,(anonymous_0)
FN:20,(anonymous_1)
FN:23,(anonymous_2)
FN:26,(anonymous_3)
FN:29,(anonymous_4)
FNF:5
FNH:0
FNDA:0,(anonymous_0)
FNDA:0,(anonymous_1)
FNDA:0,(anonymous_2)
FNDA:0,(anonymous_3)
FNDA:0,(anonymous_4)
DA:1,0
DA:2,0
DA:3,0
DA:4,0
DA:7,0
DA:10,0
DA:11,0
DA:14,0
DA:17,0
DA:20,0
DA:23,0
DA:26,0
DA:29,0
DA:31,0
LF:14
LH:0
BRF:0
BRH:0
end_of_record
TN:
SF:src\routes\task.routes.ts
FN:23,(anonymous_0)
FN:26,(anonymous_1)
FN:29,(anonymous_2)
FN:32,(anonymous_3)
FN:35,(anonymous_4)
FN:38,(anonymous_5)
FN:41,(anonymous_6)
FN:44,(anonymous_7)
FN:47,(anonymous_8)
FN:50,(anonymous_9)
FN:53,(anonymous_10)
FN:56,(anonymous_11)
FN:59,(anonymous_12)
FN:60,(anonymous_13)
FN:61,(anonymous_14)
FN:64,(anonymous_15)
FNF:16
FNH:0
FNDA:0,(anonymous_0)
FNDA:0,(anonymous_1)
FNDA:0,(anonymous_2)
FNDA:0,(anonymous_3)
FNDA:0,(anonymous_4)
FNDA:0,(anonymous_5)
FNDA:0,(anonymous_6)
FNDA:0,(anonymous_7)
FNDA:0,(anonymous_8)
FNDA:0,(anonymous_9)
FNDA:0,(anonymous_10)
FNDA:0,(anonymous_11)
FNDA:0,(anonymous_12)
FNDA:0,(anonymous_13)
FNDA:0,(anonymous_14)
FNDA:0,(anonymous_15)
DA:1,0
DA:2,0
DA:3,0
DA:4,0
DA:6,0
DA:7,0
DA:12,0
DA:15,0
DA:16,0
DA:17,0
DA:20,0
DA:23,0
DA:26,0
DA:29,0
DA:32,0
DA:35,0
DA:38,0
DA:41,0
DA:44,0
DA:47,0
DA:50,0
DA:53,0
DA:56,0
DA:59,0
DA:60,0
DA:61,0
DA:64,0
DA:66,0
LF:28
LH:0
BRF:0
BRH:0
end_of_record
TN:
SF:src\routes\user-management.routes.ts
FN:17,(anonymous_0)
FN:18,(anonymous_1)
FN:21,(anonymous_2)
FN:22,(anonymous_3)
FN:25,(anonymous_4)
FN:26,(anonymous_5)
FN:27,(anonymous_6)
FN:28,(anonymous_7)
FN:31,(anonymous_8)
FN:32,(anonymous_9)
FNF:10
FNH:0
FNDA:0,(anonymous_0)
FNDA:0,(anonymous_1)
FNDA:0,(anonymous_2)
FNDA:0,(anonymous_3)
FNDA:0,(anonymous_4)
FNDA:0,(anonymous_5)
FNDA:0,(anonymous_6)
FNDA:0,(anonymous_7)
FNDA:0,(anonymous_8)
FNDA:0,(anonymous_9)
DA:1,0
DA:2,0
DA:3,0
DA:4,0
DA:5,0
DA:8,0
DA:9,0
DA:11,0
DA:14,0
DA:17,0
DA:18,0
DA:21,0
DA:22,0
DA:25,0
DA:26,0
DA:27,0
DA:28,0
DA:31,0
DA:32,0
DA:34,0
LF:20
LH:0
BRF:0
BRH:0
end_of_record
TN:
SF:src\routes\user.routes.ts
FN:16,(anonymous_0)
FN:19,(anonymous_1)
FN:22,(anonymous_2)
FN:25,(anonymous_3)
FN:28,(anonymous_4)
FN:31,(anonymous_5)
FN:34,(anonymous_6)
FN:37,(anonymous_7)
FN:40,(anonymous_8)
FN:43,(anonymous_9)
FNF:10
FNH:0
FNDA:0,(anonymous_0)
FNDA:0,(anonymous_1)
FNDA:0,(anonymous_2)
FNDA:0,(anonymous_3)
FNDA:0,(anonymous_4)
FNDA:0,(anonymous_5)
FNDA:0,(anonymous_6)
FNDA:0,(anonymous_7)
FNDA:0,(anonymous_8)
FNDA:0,(anonymous_9)
DA:1,0
DA:2,0
DA:3,0
DA:4,0
DA:6,0
DA:9,0
DA:10,0
DA:13,0
DA:16,0
DA:19,0
DA:22,0
DA:25,0
DA:28,0
DA:31,0
DA:34,0
DA:37,0
DA:40,0
DA:43,0
DA:45,0
LF:19
LH:0
BRF:0
BRH:0
end_of_record
TN:
SF:src\services\audit.service.ts
FN:14,(anonymous_1)
FN:20,(anonymous_2)
FN:57,(anonymous_3)
FN:68,(anonymous_4)
FNF:4
FNH:0
FNDA:0,(anonymous_1)
FNDA:0,(anonymous_2)
FNDA:0,(anonymous_3)
FNDA:0,(anonymous_4)
DA:1,0
DA:2,0
DA:14,0
DA:15,0
DA:35,0
DA:36,0
DA:45,0
DA:46,0
DA:48,0
DA:50,0
DA:58,0
DA:69,0
DA:76,0
LF:13
LH:0
BRDA:40,0,0,0
BRDA:40,0,1,0
BRDA:41,1,0,0
BRDA:41,1,1,0
BRDA:42,2,0,0
BRDA:42,2,1,0
BRDA:57,3,0,0
BRDA:68,4,0,0
BRF:8
BRH:0
end_of_record
TN:
SF:src\services\auth.service.ts
FN:26,(anonymous_1)
FN:33,(anonymous_2)
FN:41,(anonymous_3)
FN:67,(anonymous_4)
FN:78,(anonymous_5)
FN:85,(anonymous_6)
FN:103,(anonymous_7)
FN:123,(anonymous_8)
FN:150,(anonymous_9)
FN:159,(anonymous_10)
FN:191,(anonymous_11)
FN:209,(anonymous_12)
FN:235,(anonymous_13)
FN:242,(anonymous_14)
FNF:14
FNH:0
FNDA:0,(anonymous_1)
FNDA:0,(anonymous_2)
FNDA:0,(anonymous_3)
FNDA:0,(anonymous_4)
FNDA:0,(anonymous_5)
FNDA:0,(anonymous_6)
FNDA:0,(anonymous_7)
FNDA:0,(anonymous_8)
FNDA:0,(anonymous_9)
FNDA:0,(anonymous_10)
FNDA:0,(anonymous_11)
FNDA:0,(anonymous_12)
FNDA:0,(anonymous_13)
FNDA:0,(anonymous_14)
DA:2,0
DA:3,0
DA:4,0
DA:6,0
DA:7,0
DA:11,0
DA:12,0
DA:13,0
DA:14,0
DA:15,0
DA:16,0
DA:17,0
DA:26,0
DA:27,0
DA:28,0
DA:34,0
DA:35,0
DA:42,0
DA:43,0
DA:44,0
DA:47,0
DA:48,0
DA:50,0
DA:53,0
DA:54,0
DA:55,0
DA:56,0
DA:60,0
DA:61,0
DA:68,0
DA:69,0
DA:70,0
DA:71,0
DA:72,0
DA:79,0
DA:86,0
DA:87,0
DA:90,0
DA:104,0
DA:105,0
DA:106,0
DA:108,0
DA:116,0
DA:117,0
DA:124,0
DA:125,0
DA:126,0
DA:129,0
DA:138,0
DA:151,0
DA:160,0
DA:178,0
DA:179,0
DA:182,0
DA:183,0
DA:186,0
DA:187,0
DA:188,0
DA:191,0
DA:193,0
DA:198,0
DA:199,0
DA:202,0
DA:203,0
DA:210,0
DA:225,0
DA:226,0
DA:229,0
DA:236,0
DA:243,0
DA:244,0
DA:246,0
DA:251,0
LF:73
LH:0
BRDA:11,0,0,0
BRDA:11,0,1,0
BRDA:12,1,0,0
BRDA:12,1,1,0
BRDA:14,2,0,0
BRDA:14,2,1,0
BRDA:34,3,0,0
BRDA:43,4,0,0
BRDA:43,4,1,0
BRDA:47,5,0,0
BRDA:47,5,1,0
BRDA:50,6,0,0
BRDA:50,6,1,0
BRDA:53,7,0,0
BRDA:86,8,0,0
BRDA:111,9,0,0
BRDA:111,9,1,0
BRDA:178,10,0,0
BRDA:182,11,0,0
BRDA:187,12,0,0
BRDA:225,13,0,0
BRF:21
BRH:0
end_of_record
TN:
SF:src\services\comment-reaction.service.ts
FN:11,(anonymous_0)
FN:16,(anonymous_1)
FN:49,(anonymous_2)
FN:51,(anonymous_3)
FN:54,(anonymous_4)
FN:68,(anonymous_5)
FN:75,(anonymous_6)
FN:79,(anonymous_7)
FNF:8
FNH:0
FNDA:0,(anonymous_0)
FNDA:0,(anonymous_1)
FNDA:0,(anonymous_2)
FNDA:0,(anonymous_3)
FNDA:0,(anonymous_4)
FNDA:0,(anonymous_5)
FNDA:0,(anonymous_6)
FNDA:0,(anonymous_7)
DA:1,0
DA:4,0
DA:5,0
DA:7,0
DA:12,0
DA:13,0
DA:22,0
DA:25,0
DA:26,0
DA:30,0
DA:32,0
DA:34,0
DA:35,0
DA:36,0
DA:39,0
DA:40,0
DA:41,0
DA:42,0
DA:44,0
DA:45,0
DA:50,0
DA:51,0
DA:55,0
DA:57,0
DA:58,0
DA:61,0
DA:62,0
DA:69,0
DA:76,0
DA:80,0
DA:95,0
LF:31
LH:0
BRDA:25,0,0,0
BRDA:32,1,0,0
BRDA:32,1,1,0
BRDA:57,2,0,0
BRDA:86,3,0,0
BRDA:86,3,1,0
BRF:6
BRH:0
end_of_record
TN:
SF:src\services\customer.service.ts
FN:12,(anonymous_0)
FN:16,(anonymous_1)
FN:21,(anonymous_2)
FN:27,(anonymous_3)
FN:42,(anonymous_4)
FN:84,(anonymous_5)
FN:96,(anonymous_6)
FN:111,(anonymous_7)
FN:121,(anonymous_8)
FN:130,(anonymous_9)
FN:133,(anonymous_10)
FN:137,(anonymous_11)
FN:143,(anonymous_12)
FN:147,(anonymous_13)
FN:168,(anonymous_14)
FNF:15
FNH:0
FNDA:0,(anonymous_0)
FNDA:0,(anonymous_1)
FNDA:0,(anonymous_2)
FNDA:0,(anonymous_3)
FNDA:0,(anonymous_4)
FNDA:0,(anonymous_5)
FNDA:0,(anonymous_6)
FNDA:0,(anonymous_7)
FNDA:0,(anonymous_8)
FNDA:0,(anonymous_9)
FNDA:0,(anonymous_10)
FNDA:0,(anonymous_11)
FNDA:0,(anonymous_12)
FNDA:0,(anonymous_13)
FNDA:0,(anonymous_14)
DA:4,0
DA:5,0
DA:7,0
DA:9,0
DA:13,0
DA:17,0
DA:21,0
DA:28,0
DA:29,0
DA:30,0
DA:32,0
DA:43,0
DA:62,0
DA:63,0
DA:66,0
DA:85,0
DA:89,0
DA:90,0
DA:97,0
DA:98,0
DA:99,0
DA:102,0
DA:103,0
DA:105,0
DA:112,0
DA:113,0
DA:114,0
DA:117,0
DA:118,0
DA:122,0
DA:123,0
DA:124,0
DA:132,0
DA:133,0
DA:134,0
DA:137,0
DA:144,0
DA:148,0
DA:149,0
DA:150,0
DA:154,0
DA:155,0
DA:158,0
DA:159,0
DA:161,0
DA:162,0
DA:169,0
DA:170,0
DA:171,0
DA:174,0
DA:175,0
DA:176,0
DA:177,0
DA:178,0
DA:184,0
DA:191,0
LF:56
LH:0
BRDA:16,0,0,0
BRDA:17,1,0,0
BRDA:17,1,1,0
BRDA:23,2,0,0
BRDA:23,2,1,0
BRDA:23,3,0,0
BRDA:23,3,1,0
BRDA:29,4,0,0
BRDA:34,5,0,0
BRDA:34,5,1,0
BRDA:34,6,0,0
BRDA:34,6,1,0
BRDA:62,7,0,0
BRDA:87,8,0,0
BRDA:87,8,1,0
BRDA:87,9,0,0
BRDA:87,9,1,0
BRDA:92,10,0,0
BRDA:92,10,1,0
BRDA:92,11,0,0
BRDA:92,11,1,0
BRDA:98,12,0,0
BRDA:107,13,0,0
BRDA:107,13,1,0
BRDA:107,14,0,0
BRDA:107,14,1,0
BRDA:113,15,0,0
BRDA:123,16,0,0
BRDA:126,17,0,0
BRDA:126,17,1,0
BRDA:126,18,0,0
BRDA:126,18,1,0
BRDA:130,19,0,0
BRDA:134,20,0,0
BRDA:134,20,1,0
BRDA:134,21,0,0
BRDA:134,21,1,0
BRDA:134,22,0,0
BRDA:134,22,1,0
BRDA:135,23,0,0
BRDA:135,23,1,0
BRDA:135,24,0,0
BRDA:135,24,1,0
BRDA:139,25,0,0
BRDA:139,25,1,0
BRDA:139,26,0,0
BRDA:139,26,1,0
BRDA:149,27,0,0
BRDA:154,28,0,0
BRDA:159,29,0,0
BRDA:159,29,1,0
BRDA:164,30,0,0
BRDA:164,30,1,0
BRDA:164,31,0,0
BRDA:164,31,1,0
BRDA:170,32,0,0
BRDA:174,33,0,0
BRDA:180,34,0,0
BRDA:180,34,1,0
BRDA:180,35,0,0
BRDA:180,35,1,0
BRDA:186,36,0,0
BRDA:186,36,1,0
BRDA:186,37,0,0
BRDA:186,37,1,0
BRF:65
BRH:0
end_of_record
TN:
SF:src\services\email.service.ts
FN:9,(anonymous_10)
FN:21,(anonymous_11)
FNF:2
FNH:0
FNDA:0,(anonymous_10)
FNDA:0,(anonymous_11)
DA:1,0
DA:2,0
DA:4,0
DA:10,0
DA:22,0
DA:24,0
DA:25,0
DA:27,0
DA:98,0
DA:104,0
DA:106,0
DA:108,0
DA:109,0
DA:114,0
LF:14
LH:0
BRDA:11,0,0,0
BRDA:11,0,1,0
BRDA:12,1,0,0
BRDA:12,1,1,0
BRDA:24,2,0,0
BRDA:24,2,1,0
BRDA:28,3,0,0
BRDA:28,3,1,0
BRF:8
BRH:0
end_of_record
TN:
SF:src\services\file-upload.service.ts
FN:17,(anonymous_1)
FN:39,(anonymous_2)
FN:45,(anonymous_3)
FNF:3
FNH:0
FNDA:0,(anonymous_1)
FNDA:0,(anonymous_2)
FNDA:0,(anonymous_3)
DA:2,0
DA:3,0
DA:4,0
DA:10,0
DA:11,0
DA:14,0
DA:17,0
DA:22,0
DA:23,0
DA:25,0
DA:30,0
DA:39,0
DA:40,0
DA:41,0
DA:45,0
DA:46,0
DA:47,0
DA:50,0
DA:51,0
DA:57,0
DA:58,0
DA:64,0
LF:22
LH:0
BRDA:22,0,0,0
BRDA:22,0,1,0
BRDA:46,1,0,0
BRDA:50,2,0,0
BRDA:57,3,0,0
BRF:5
BRH:0
end_of_record
TN:
SF:src\services\notification.service.ts
FN:26,(anonymous_0)
FN:37,(anonymous_1)
FN:40,(anonymous_2)
FN:99,(anonymous_3)
FN:111,(anonymous_4)
FN:113,(anonymous_5)
FN:128,(anonymous_6)
FN:145,(anonymous_7)
FN:153,(anonymous_8)
FN:161,(anonymous_9)
FN:169,(anonymous_10)
FN:183,(anonymous_11)
FN:193,(anonymous_12)
FN:210,(anonymous_13)
FN:228,(anonymous_14)
FNF:15
FNH:0
FNDA:0,(anonymous_0)
FNDA:0,(anonymous_1)
FNDA:0,(anonymous_2)
FNDA:0,(anonymous_3)
FNDA:0,(anonymous_4)
FNDA:0,(anonymous_5)
FNDA:0,(anonymous_6)
FNDA:0,(anonymous_7)
FNDA:0,(anonymous_8)
FNDA:0,(anonymous_9)
FNDA:0,(anonymous_10)
FNDA:0,(anonymous_11)
FNDA:0,(anonymous_12)
FNDA:0,(anonymous_13)
FNDA:0,(anonymous_14)
DA:2,0
DA:3,0
DA:4,0
DA:6,0
DA:7,0
DA:8,0
DA:16,0
DA:17,0
DA:19,0
DA:27,0
DA:28,0
DA:29,0
DA:30,0
DA:31,0
DA:39,0
DA:40,0
DA:43,0
DA:44,0
DA:45,0
DA:46,0
DA:47,0
DA:48,0
DA:49,0
DA:50,0
DA:51,0
DA:52,0
DA:53,0
DA:55,0
DA:58,0
DA:59,0
DA:60,0
DA:61,0
DA:62,0
DA:63,0
DA:68,0
DA:69,0
DA:70,0
DA:71,0
DA:72,0
DA:73,0
DA:76,0
DA:77,0
DA:78,0
DA:79,0
DA:84,0
DA:85,0
DA:93,0
DA:105,0
DA:111,0
DA:113,0
DA:118,0
DA:129,0
DA:130,0
DA:131,0
DA:134,0
DA:135,0
DA:136,0
DA:139,0
DA:146,0
DA:147,0
DA:154,0
DA:155,0
DA:162,0
DA:163,0
DA:173,0
DA:174,0
DA:175,0
DA:177,0
DA:184,0
DA:185,0
DA:186,0
DA:189,0
DA:190,0
DA:194,0
DA:211,0
DA:229,0
DA:247,0
LF:77
LH:0
BRDA:39,0,0,0
BRDA:39,0,1,0
BRDA:52,1,0,0
BRDA:52,1,1,0
BRDA:53,2,0,0
BRDA:53,2,1,0
BRDA:58,3,0,0
BRDA:58,4,0,0
BRDA:58,4,1,0
BRDA:76,5,0,0
BRDA:101,6,0,0
BRDA:102,7,0,0
BRDA:103,8,0,0
BRDA:130,9,0,0
BRDA:135,10,0,0
BRDA:174,11,0,0
BRDA:185,12,0,0
BRF:17
BRH:0
end_of_record
TN:
SF:src\services\profile-customer.service.ts
FN:5,(anonymous_0)
FN:13,(anonymous_1)
FN:18,(anonymous_2)
FN:30,(anonymous_3)
FN:32,(anonymous_4)
FNF:5
FNH:0
FNDA:0,(anonymous_0)
FNDA:0,(anonymous_1)
FNDA:0,(anonymous_2)
FNDA:0,(anonymous_3)
FNDA:0,(anonymous_4)
DA:2,0
DA:4,0
DA:5,0
DA:17,0
DA:18,0
DA:22,0
DA:31,0
DA:32,0
LF:8
LH:0
BRDA:14,0,0,0
BRDA:15,1,0,0
BRDA:20,2,0,0
BRDA:20,2,1,0
BRDA:20,3,0,0
BRDA:20,3,1,0
BRDA:34,4,0,0
BRDA:34,4,1,0
BRDA:34,5,0,0
BRDA:34,5,1,0
BRF:10
BRH:0
end_of_record
TN:
SF:src\services\task-comment.service.ts
FN:16,(anonymous_0)
FN:22,(anonymous_1)
FN:56,(anonymous_2)
FN:58,(anonymous_3)
FN:61,(anonymous_4)
FN:86,(anonymous_5)
FN:104,(anonymous_6)
FN:113,(anonymous_7)
FN:128,(anonymous_8)
FN:132,(anonymous_9)
FNF:10
FNH:0
FNDA:0,(anonymous_0)
FNDA:0,(anonymous_1)
FNDA:0,(anonymous_2)
FNDA:0,(anonymous_3)
FNDA:0,(anonymous_4)
FNDA:0,(anonymous_5)
FNDA:0,(anonymous_6)
FNDA:0,(anonymous_7)
FNDA:0,(anonymous_8)
FNDA:0,(anonymous_9)
DA:1,0
DA:6,0
DA:7,0
DA:8,0
DA:9,0
DA:11,0
DA:17,0
DA:18,0
DA:19,0
DA:28,0
DA:29,0
DA:30,0
DA:34,0
DA:35,0
DA:38,0
DA:39,0
DA:43,0
DA:44,0
DA:45,0
DA:46,0
DA:47,0
DA:48,0
DA:49,0
DA:51,0
DA:53,0
DA:57,0
DA:58,0
DA:66,0
DA:67,0
DA:68,0
DA:71,0
DA:72,0
DA:75,0
DA:76,0
DA:78,0
DA:79,0
DA:82,0
DA:83,0
DA:87,0
DA:88,0
DA:89,0
DA:92,0
DA:93,0
DA:97,0
DA:98,0
DA:99,0
DA:101,0
DA:105,0
DA:106,0
DA:109,0
DA:110,0
DA:114,0
DA:128,0
DA:133,0
DA:148,0
LF:55
LH:0
BRDA:29,0,0,0
BRDA:34,1,0,0
BRDA:38,2,0,0
BRDA:67,3,0,0
BRDA:71,4,0,0
BRDA:75,5,0,0
BRDA:78,6,0,0
BRDA:88,7,0,0
BRDA:92,8,0,0
BRDA:105,9,0,0
BRDA:123,10,0,0
BRDA:123,10,1,0
BRDA:128,11,0,0
BRDA:128,11,1,0
BRDA:128,12,0,0
BRDA:128,12,1,0
BRDA:128,13,0,0
BRDA:128,13,1,0
BRDA:139,14,0,0
BRDA:139,14,1,0
BRF:20
BRH:0
end_of_record
TN:
SF:src\services\task-image.service.ts
FN:13,(anonymous_1)
FN:18,(anonymous_2)
FN:71,(anonymous_3)
FN:77,(anonymous_4)
FN:101,(anonymous_5)
FN:143,(anonymous_6)
FN:154,(anonymous_7)
FNF:7
FNH:0
FNDA:0,(anonymous_1)
FNDA:0,(anonymous_2)
FNDA:0,(anonymous_3)
FNDA:0,(anonymous_4)
FNDA:0,(anonymous_5)
FNDA:0,(anonymous_6)
FNDA:0,(anonymous_7)
DA:2,0
DA:3,0
DA:4,0
DA:6,0
DA:7,0
DA:9,0
DA:14,0
DA:15,0
DA:24,0
DA:25,0
DA:26,0
DA:30,0
DA:31,0
DA:32,0
DA:36,0
DA:39,0
DA:40,0
DA:41,0
DA:42,0
DA:43,0
DA:44,0
DA:46,0
DA:49,0
DA:54,0
DA:72,0
DA:77,0
DA:78,0
DA:83,0
DA:106,0
DA:107,0
DA:108,0
DA:111,0
DA:112,0
DA:115,0
DA:116,0
DA:119,0
DA:121,0
DA:126,0
DA:144,0
DA:145,0
DA:146,0
DA:149,0
DA:150,0
DA:151,0
DA:155,0
DA:156,0
DA:157,0
DA:160,0
DA:161,0
DA:165,0
DA:166,0
DA:167,0
DA:169,0
DA:174,0
DA:175,0
DA:176,0
DA:180,0
LF:57
LH:0
BRDA:25,0,0,0
BRDA:31,1,0,0
BRDA:31,2,0,0
BRDA:31,2,1,0
BRDA:36,3,0,0
BRDA:36,3,1,0
BRDA:62,4,0,0
BRDA:62,4,1,0
BRDA:66,5,0,0
BRDA:66,5,1,0
BRDA:91,6,0,0
BRDA:91,6,1,0
BRDA:95,7,0,0
BRDA:95,7,1,0
BRDA:107,8,0,0
BRDA:111,9,0,0
BRDA:115,10,0,0
BRDA:134,11,0,0
BRDA:134,11,1,0
BRDA:138,12,0,0
BRDA:138,12,1,0
BRDA:145,13,0,0
BRDA:156,14,0,0
BRDA:160,15,0,0
BRDA:165,16,0,0
BRF:25
BRH:0
end_of_record
TN:
SF:src\services\task-like.service.ts
FN:14,(anonymous_1)
FN:19,(anonymous_2)
FN:86,(anonymous_3)
FN:98,(anonymous_4)
FN:106,(anonymous_5)
FN:109,(anonymous_6)
FN:131,(anonymous_7)
FN:140,(anonymous_8)
FN:149,(anonymous_9)
FNF:9
FNH:0
FNDA:0,(anonymous_1)
FNDA:0,(anonymous_2)
FNDA:0,(anonymous_3)
FNDA:0,(anonymous_4)
FNDA:0,(anonymous_5)
FNDA:0,(anonymous_6)
FNDA:0,(anonymous_7)
FNDA:0,(anonymous_8)
FNDA:0,(anonymous_9)
DA:2,0
DA:3,0
DA:4,0
DA:7,0
DA:8,0
DA:10,0
DA:15,0
DA:16,0
DA:25,0
DA:26,0
DA:27,0
DA:31,0
DA:35,0
DA:37,0
DA:38,0
DA:41,0
DA:46,0
DA:51,0
DA:54,0
DA:55,0
DA:56,0
DA:57,0
DA:59,0
DA:62,0
DA:63,0
DA:72,0
DA:77,0
DA:82,0
DA:87,0
DA:91,0
DA:92,0
DA:95,0
DA:99,0
DA:106,0
DA:110,0
DA:115,0
DA:125,0
DA:126,0
DA:130,0
DA:131,0
DA:132,0
DA:133,0
DA:137,0
DA:141,0
DA:146,0
DA:150,0
DA:157,0
DA:158,0
DA:165,0
DA:169,0
LF:50
LH:0
BRDA:26,0,0,0
BRDA:35,1,0,0
BRDA:35,1,1,0
BRDA:62,2,0,0
BRDA:91,3,0,0
BRDA:130,4,0,0
BRDA:132,5,0,0
BRDA:146,6,0,0
BRDA:146,6,1,0
BRDA:157,7,0,0
BRDA:162,8,0,0
BRDA:162,8,1,0
BRF:12
BRH:0
end_of_record
TN:
SF:src\services\task.service.ts
FN:18,(anonymous_1)
FN:24,(anonymous_2)
FN:92,(anonymous_3)
FN:100,(anonymous_4)
FN:115,(anonymous_5)
FN:116,(anonymous_6)
FN:124,(anonymous_7)
FN:136,(anonymous_8)
FN:145,(anonymous_9)
FN:149,(anonymous_10)
FN:159,(anonymous_11)
FN:239,(anonymous_12)
FN:267,(anonymous_13)
FN:269,(anonymous_14)
FN:272,(anonymous_15)
FN:282,(anonymous_16)
FN:287,(anonymous_17)
FN:295,(anonymous_18)
FN:320,(anonymous_19)
FN:349,(anonymous_20)
FN:374,(anonymous_21)
FN:379,(anonymous_22)
FNF:22
FNH:0
FNDA:0,(anonymous_1)
FNDA:0,(anonymous_2)
FNDA:0,(anonymous_3)
FNDA:0,(anonymous_4)
FNDA:0,(anonymous_5)
FNDA:0,(anonymous_6)
FNDA:0,(anonymous_7)
FNDA:0,(anonymous_8)
FNDA:0,(anonymous_9)
FNDA:0,(anonymous_10)
FNDA:0,(anonymous_11)
FNDA:0,(anonymous_12)
FNDA:0,(anonymous_13)
FNDA:0,(anonymous_14)
FNDA:0,(anonymous_15)
FNDA:0,(anonymous_16)
FNDA:0,(anonymous_17)
FNDA:0,(anonymous_18)
FNDA:0,(anonymous_19)
FNDA:0,(anonymous_20)
FNDA:0,(anonymous_21)
FNDA:0,(anonymous_22)
DA:2,0
DA:3,0
DA:6,0
DA:7,0
DA:8,0
DA:9,0
DA:10,0
DA:11,0
DA:13,0
DA:19,0
DA:20,0
DA:21,0
DA:25,0
DA:26,0
DA:27,0
DA:28,0
DA:29,0
DA:30,0
DA:31,0
DA:32,0
DA:33,0
DA:34,0
DA:35,0
DA:37,0
DA:40,0
DA:41,0
DA:50,0
DA:51,0
DA:52,0
DA:57,0
DA:58,0
DA:65,0
DA:70,0
DA:71,0
DA:72,0
DA:78,0
DA:79,0
DA:83,0
DA:89,0
DA:93,0
DA:95,0
DA:96,0
DA:97,0
DA:99,0
DA:100,0
DA:108,0
DA:109,0
DA:112,0
DA:116,0
DA:117,0
DA:118,0
DA:119,0
DA:121,0
DA:124,0
DA:125,0
DA:126,0
DA:132,0
DA:135,0
DA:137,0
DA:138,0
DA:145,0
DA:150,0
DA:152,0
DA:153,0
DA:156,0
DA:160,0
DA:162,0
DA:163,0
DA:166,0
DA:168,0
DA:169,0
DA:172,0
DA:173,0
DA:176,0
DA:177,0
DA:178,0
DA:179,0
DA:180,0
DA:182,0
DA:183,0
DA:191,0
DA:192,0
DA:194,0
DA:195,0
DA:197,0
DA:198,0
DA:200,0
DA:201,0
DA:203,0
DA:206,0
DA:207,0
DA:209,0
DA:210,0
DA:213,0
DA:214,0
DA:215,0
DA:221,0
DA:222,0
DA:223,0
DA:224,0
DA:227,0
DA:228,0
DA:235,0
DA:236,0
DA:240,0
DA:242,0
DA:243,0
DA:246,0
DA:247,0
DA:251,0
DA:252,0
DA:253,0
DA:254,0
DA:255,0
DA:257,0
DA:263,0
DA:264,0
DA:268,0
DA:269,0
DA:273,0
DA:276,0
DA:277,0
DA:278,0
DA:283,0
DA:284,0
DA:285,0
DA:287,0
DA:296,0
DA:298,0
DA:299,0
DA:302,0
DA:303,0
DA:306,0
DA:307,0
DA:310,0
DA:312,0
DA:313,0
DA:314,0
DA:317,0
DA:321,0
DA:323,0
DA:324,0
DA:327,0
DA:328,0
DA:331,0
DA:332,0
DA:335,0
DA:336,0
DA:339,0
DA:341,0
DA:342,0
DA:343,0
DA:346,0
DA:350,0
DA:352,0
DA:353,0
DA:356,0
DA:357,0
DA:360,0
DA:361,0
DA:364,0
DA:366,0
DA:367,0
DA:368,0
DA:371,0
DA:376,0
DA:381,0
DA:382,0
DA:384,0
DA:420,0
DA:424,0
LF:171
LH:0
BRDA:20,0,0,0
BRDA:20,0,1,0
BRDA:31,1,0,0
BRDA:31,1,1,0
BRDA:32,2,0,0
BRDA:32,2,1,0
BRDA:33,3,0,0
BRDA:33,3,1,0
BRDA:34,4,0,0
BRDA:34,4,1,0
BRDA:40,5,0,0
BRDA:40,6,0,0
BRDA:40,6,1,0
BRDA:50,7,0,0
BRDA:50,7,1,0
BRDA:50,8,0,0
BRDA:50,8,1,0
BRDA:54,9,0,0
BRDA:54,9,1,0
BRDA:57,10,0,0
BRDA:71,11,0,0
BRDA:78,12,0,0
BRDA:95,13,0,0
BRDA:95,13,1,0
BRDA:96,14,0,0
BRDA:96,14,1,0
BRDA:108,15,0,0
BRDA:108,16,0,0
BRDA:108,16,1,0
BRDA:117,17,0,0
BRDA:117,18,0,0
BRDA:117,18,1,0
BRDA:119,19,0,0
BRDA:119,19,1,0
BRDA:125,20,0,0
BRDA:125,21,0,0
BRDA:125,21,1,0
BRDA:125,21,2,0
BRDA:128,22,0,0
BRDA:128,22,1,0
BRDA:129,23,0,0
BRDA:129,23,1,0
BRDA:140,24,0,0
BRDA:140,24,1,0
BRDA:140,25,0,0
BRDA:140,25,1,0
BRDA:140,26,0,0
BRDA:140,26,1,0
BRDA:141,27,0,0
BRDA:141,27,1,0
BRDA:141,28,0,0
BRDA:141,28,1,0
BRDA:141,29,0,0
BRDA:141,29,1,0
BRDA:152,30,0,0
BRDA:162,31,0,0
BRDA:166,32,0,0
BRDA:166,32,1,0
BRDA:168,33,0,0
BRDA:168,34,0,0
BRDA:168,34,1,0
BRDA:172,35,0,0
BRDA:172,36,0,0
BRDA:172,36,1,0
BRDA:172,36,2,0
BRDA:176,37,0,0
BRDA:177,38,0,0
BRDA:178,39,0,0
BRDA:182,40,0,0
BRDA:182,41,0,0
BRDA:182,41,1,0
BRDA:182,41,2,0
BRDA:191,42,0,0
BRDA:192,43,0,0
BRDA:192,43,1,0
BRDA:194,44,0,0
BRDA:195,45,0,0
BRDA:195,45,1,0
BRDA:197,46,0,0
BRDA:198,47,0,0
BRDA:198,47,1,0
BRDA:200,48,0,0
BRDA:201,49,0,0
BRDA:206,50,0,0
BRDA:206,50,1,0
BRDA:213,51,0,0
BRDA:217,52,0,0
BRDA:217,52,1,0
BRDA:221,53,0,0
BRDA:227,54,0,0
BRDA:242,55,0,0
BRDA:246,56,0,0
BRDA:253,57,0,0
BRDA:267,58,0,0
BRDA:282,59,0,0
BRDA:284,60,0,0
BRDA:298,61,0,0
BRDA:302,62,0,0
BRDA:302,63,0,0
BRDA:302,63,1,0
BRDA:306,64,0,0
BRDA:306,65,0,0
BRDA:306,65,1,0
BRDA:313,66,0,0
BRDA:323,67,0,0
BRDA:327,68,0,0
BRDA:327,69,0,0
BRDA:327,69,1,0
BRDA:331,70,0,0
BRDA:331,71,0,0
BRDA:331,71,1,0
BRDA:331,71,2,0
BRDA:335,72,0,0
BRDA:335,73,0,0
BRDA:335,73,1,0
BRDA:342,74,0,0
BRDA:352,75,0,0
BRDA:356,76,0,0
BRDA:360,77,0,0
BRDA:367,78,0,0
BRDA:382,79,0,0
BRDA:382,79,1,0
BRDA:382,80,0,0
BRDA:382,80,1,0
BRDA:399,81,0,0
BRDA:399,81,1,0
BRDA:403,82,0,0
BRDA:403,82,1,0
BRDA:405,83,0,0
BRDA:405,83,1,0
BRDA:409,84,0,0
BRDA:409,84,1,0
BRF:132
BRH:0
end_of_record
TN:
SF:src\services\user.service.ts
FN:25,(anonymous_9)
FN:36,(anonymous_10)
FN:38,(anonymous_11)
FN:44,(anonymous_12)
FN:57,(anonymous_13)
FN:97,(anonymous_14)
FN:124,(anonymous_15)
FN:194,(anonymous_16)
FN:211,(anonymous_17)
FN:234,(anonymous_18)
FN:241,(anonymous_19)
FN:249,(anonymous_20)
FN:271,(anonymous_21)
FN:296,(anonymous_22)
FN:315,(anonymous_23)
FN:320,(anonymous_24)
FN:332,(anonymous_25)
FN:350,(anonymous_26)
FN:357,(anonymous_27)
FN:373,(anonymous_28)
FN:410,(anonymous_29)
FN:430,(anonymous_30)
FN:441,(anonymous_31)
FNF:23
FNH:0
FNDA:0,(anonymous_9)
FNDA:0,(anonymous_10)
FNDA:0,(anonymous_11)
FNDA:0,(anonymous_12)
FNDA:0,(anonymous_13)
FNDA:0,(anonymous_14)
FNDA:0,(anonymous_15)
FNDA:0,(anonymous_16)
FNDA:0,(anonymous_17)
FNDA:0,(anonymous_18)
FNDA:0,(anonymous_19)
FNDA:0,(anonymous_20)
FNDA:0,(anonymous_21)
FNDA:0,(anonymous_22)
FNDA:0,(anonymous_23)
FNDA:0,(anonymous_24)
FNDA:0,(anonymous_25)
FNDA:0,(anonymous_26)
FNDA:0,(anonymous_27)
FNDA:0,(anonymous_28)
FNDA:0,(anonymous_29)
FNDA:0,(anonymous_30)
FNDA:0,(anonymous_31)
DA:1,0
DA:2,0
DA:5,0
DA:6,0
DA:7,0
DA:8,0
DA:9,0
DA:10,0
DA:11,0
DA:18,0
DA:26,0
DA:27,0
DA:28,0
DA:29,0
DA:30,0
DA:37,0
DA:38,0
DA:45,0
DA:47,0
DA:48,0
DA:51,0
DA:59,0
DA:60,0
DA:61,0
DA:65,0
DA:66,0
DA:67,0
DA:71,0
DA:72,0
DA:73,0
DA:74,0
DA:78,0
DA:79,0
DA:80,0
DA:81,0
DA:85,0
DA:86,0
DA:89,0
DA:91,0
DA:98,0
DA:99,0
DA:100,0
DA:104,0
DA:105,0
DA:106,0
DA:107,0
DA:109,0
DA:110,0
DA:111,0
DA:114,0
DA:115,0
DA:116,0
DA:118,0
DA:128,0
DA:129,0
DA:130,0
DA:134,0
DA:135,0
DA:136,0
DA:137,0
DA:142,0
DA:147,0
DA:152,0
DA:153,0
DA:158,0
DA:160,0
DA:161,0
DA:162,0
DA:164,0
DA:168,0
DA:172,0
DA:175,0
DA:176,0
DA:179,0
DA:180,0
DA:181,0
DA:184,0
DA:185,0
DA:186,0
DA:188,0
DA:195,0
DA:196,0
DA:197,0
DA:200,0
DA:203,0
DA:205,0
DA:212,0
DA:217,0
DA:218,0
DA:222,0
DA:223,0
DA:224,0
DA:228,0
DA:235,0
DA:236,0
DA:237,0
DA:240,0
DA:241,0
DA:244,0
DA:245,0
DA:246,0
DA:247,0
DA:248,0
DA:249,0
DA:250,0
DA:251,0
DA:258,0
DA:259,0
DA:265,0
DA:273,0
DA:274,0
DA:275,0
DA:279,0
DA:280,0
DA:281,0
DA:285,0
DA:288,0
DA:290,0
DA:298,0
DA:299,0
DA:300,0
DA:304,0
DA:305,0
DA:306,0
DA:309,0
DA:316,0
DA:320,0
DA:333,0
DA:334,0
DA:335,0
DA:338,0
DA:352,0
DA:353,0
DA:354,0
DA:357,0
DA:358,0
DA:359,0
DA:361,0
DA:362,0
DA:374,0
DA:375,0
DA:376,0
DA:380,0
DA:381,0
DA:382,0
DA:383,0
DA:387,0
DA:388,0
DA:389,0
DA:390,0
DA:393,0
DA:394,0
DA:395,0
DA:398,0
DA:412,0
DA:413,0
DA:414,0
DA:418,0
DA:419,0
DA:420,0
DA:424,0
DA:425,0
DA:426,0
DA:430,0
DA:431,0
DA:432,0
DA:434,0
DA:435,0
DA:443,0
DA:444,0
DA:445,0
DA:449,0
DA:450,0
DA:451,0
DA:454,0
DA:458,0
LF:176
LH:0
BRDA:47,0,0,0
BRDA:60,1,0,0
BRDA:66,2,0,0
BRDA:72,3,0,0
BRDA:72,4,0,0
BRDA:72,4,1,0
BRDA:79,5,0,0
BRDA:79,6,0,0
BRDA:79,6,1,0
BRDA:99,7,0,0
BRDA:110,8,0,0
BRDA:115,9,0,0
BRDA:129,10,0,0
BRDA:134,11,0,0
BRDA:134,12,0,0
BRDA:134,12,1,0
BRDA:136,13,0,0
BRDA:142,14,0,0
BRDA:143,15,0,0
BRDA:143,15,1,0
BRDA:143,15,2,0
BRDA:143,15,3,0
BRDA:152,16,0,0
BRDA:152,17,0,0
BRDA:152,17,1,0
BRDA:158,18,0,0
BRDA:158,19,0,0
BRDA:158,19,1,0
BRDA:160,20,0,0
BRDA:175,21,0,0
BRDA:180,22,0,0
BRDA:185,23,0,0
BRDA:196,24,0,0
BRDA:217,25,0,0
BRDA:223,26,0,0
BRDA:236,27,0,0
BRDA:241,28,0,0
BRDA:241,28,1,0
BRDA:241,29,0,0
BRDA:241,29,1,0
BRDA:246,30,0,0
BRDA:248,31,0,0
BRDA:250,32,0,0
BRDA:250,33,0,0
BRDA:250,33,1,0
BRDA:250,34,0,0
BRDA:250,34,1,0
BRDA:274,35,0,0
BRDA:280,36,0,0
BRDA:299,37,0,0
BRDA:305,38,0,0
BRDA:334,39,0,0
BRDA:353,40,0,0
BRDA:375,41,0,0
BRDA:380,42,0,0
BRDA:380,43,0,0
BRDA:380,43,1,0
BRDA:382,44,0,0
BRDA:389,45,0,0
BRDA:394,46,0,0
BRDA:413,47,0,0
BRDA:419,48,0,0
BRDA:425,49,0,0
BRDA:444,50,0,0
BRDA:450,51,0,0
BRF:65
BRH:0
end_of_record
TN:
SF:src\services\websocket.service.ts
FN:3,(anonymous_0)
FN:7,(anonymous_1)
FN:10,(anonymous_2)
FN:14,(anonymous_3)
FN:27,(anonymous_4)
FN:42,(anonymous_5)
FN:59,(anonymous_6)
FN:69,(anonymous_7)
FN:79,(anonymous_8)
FN:82,(anonymous_9)
FN:90,(anonymous_10)
FN:99,(anonymous_11)
FN:106,(anonymous_12)
FNF:13
FNH:0
FNDA:0,(anonymous_0)
FNDA:0,(anonymous_1)
FNDA:0,(anonymous_2)
FNDA:0,(anonymous_3)
FNDA:0,(anonymous_4)
FNDA:0,(anonymous_5)
FNDA:0,(anonymous_6)
FNDA:0,(anonymous_7)
FNDA:0,(anonymous_8)
FNDA:0,(anonymous_9)
FNDA:0,(anonymous_10)
FNDA:0,(anonymous_11)
FNDA:0,(anonymous_12)
DA:3,0
DA:4,0
DA:5,0
DA:8,0
DA:10,0
DA:11,0
DA:14,0
DA:15,0
DA:18,0
DA:19,0
DA:21,0
DA:23,0
DA:27,0
DA:28,0
DA:31,0
DA:32,0
DA:33,0
DA:34,0
DA:35,0
DA:39,0
DA:42,0
DA:43,0
DA:46,0
DA:47,0
DA:48,0
DA:49,0
DA:60,0
DA:62,0
DA:63,0
DA:70,0
DA:72,0
DA:73,0
DA:80,0
DA:82,0
DA:83,0
DA:91,0
DA:93,0
DA:100,0
DA:107,0
DA:112,0
LF:40
LH:0
BRDA:18,0,0,0
BRDA:32,1,0,0
BRDA:34,2,0,0
BRDA:48,3,0,0
BRDA:60,4,0,0
BRDA:70,5,0,0
BRDA:80,6,0,0
BRDA:91,7,0,0
BRDA:100,8,0,0
BRDA:100,8,1,0
BRDA:107,9,0,0
BRDA:107,9,1,0
BRDA:107,10,0,0
BRDA:107,10,1,0
BRDA:107,11,0,0
BRDA:107,11,1,0
BRF:16
BRH:0
end_of_record
TN:
SF:src\utils\check-permissions.ts
FN:15,checkPermissions
FN:33,(anonymous_2)
FN:40,(anonymous_3)
FN:46,(anonymous_4)
FN:48,(anonymous_5)
FN:53,(anonymous_6)
FN:69,setupBasicPermissions
FN:135,grantSuperadmin
FNF:8
FNH:0
FNDA:0,checkPermissions
FNDA:0,(anonymous_2)
FNDA:0,(anonymous_3)
FNDA:0,(anonymous_4)
FNDA:0,(anonymous_5)
FNDA:0,(anonymous_6)
FNDA:0,setupBasicPermissions
FNDA:0,grantSuperadmin
DA:1,0
DA:2,0
DA:3,0
DA:4,0
DA:5,0
DA:6,0
DA:16,0
DA:17,0
DA:19,0
DA:20,0
DA:21,0
DA:22,0
DA:23,0
DA:25,0
DA:26,0
DA:27,0
DA:28,0
DA:30,0
DA:32,0
DA:33,0
DA:40,0
DA:46,0
DA:48,0
DA:53,0
DA:61,0
DA:62,0
DA:70,0
DA:71,0
DA:73,0
DA:74,0
DA:75,0
DA:78,0
DA:91,0
DA:92,0
DA:93,0
DA:94,0
DA:99,0
DA:100,0
DA:101,0
DA:107,0
DA:111,0
DA:112,0
DA:113,0
DA:116,0
DA:117,0
DA:124,0
DA:125,0
DA:127,0
DA:128,0
DA:136,0
DA:137,0
DA:139,0
DA:140,0
DA:141,0
DA:143,0
DA:144,0
DA:145,0
DA:148,0
DA:149,0
DA:150,0
DA:153,0
DA:157,0
DA:158,0
DA:164,0
DA:165,0
DA:167,0
DA:168,0
DA:172,0
LF:68
LH:0
BRDA:46,0,0,0
BRDA:46,0,1,0
BRDA:46,1,0,0
BRDA:46,1,1,0
BRDA:93,2,0,0
BRDA:100,3,0,0
BRDA:116,4,0,0
BRDA:144,5,0,0
BRDA:149,6,0,0
BRDA:157,7,0,0
BRF:10
BRH:0
end_of_record
TN:
SF:src\utils\cloudinary.util.ts
FN:12,(anonymous_0)
FN:13,(anonymous_1)
FN:23,(anonymous_2)
FN:36,(anonymous_3)
FN:44,(anonymous_4)
FN:45,(anonymous_5)
FN:52,(anonymous_6)
FNF:7
FNH:0
FNDA:0,(anonymous_0)
FNDA:0,(anonymous_1)
FNDA:0,(anonymous_2)
FNDA:0,(anonymous_3)
FNDA:0,(anonymous_4)
FNDA:0,(anonymous_5)
FNDA:0,(anonymous_6)
DA:1,0
DA:2,0
DA:5,0
DA:11,0
DA:13,0
DA:14,0
DA:24,0
DA:25,0
DA:26,0
DA:27,0
DA:29,0
DA:35,0
DA:36,0
DA:37,0
DA:38,0
DA:40,0
DA:45,0
DA:46,0
DA:49,0
DA:53,0
DA:55,0
DA:56,0
DA:57,0
DA:59,0
DA:60,0
DA:61,0
DA:62,0
DA:63,0
DA:64,0
DA:67,0
DA:71,0
LF:31
LH:0
BRDA:6,0,0,0
BRDA:6,0,1,0
BRDA:7,1,0,0
BRDA:7,1,1,0
BRDA:8,2,0,0
BRDA:8,2,1,0
BRDA:24,3,0,0
BRDA:24,3,1,0
BRDA:26,4,0,0
BRDA:26,4,1,0
BRDA:56,5,0,0
BRDA:56,5,1,0
BRDA:56,6,0,0
BRDA:56,6,1,0
BRDA:57,7,0,0
BRDA:59,8,0,0
BRDA:59,8,1,0
BRDA:61,9,0,0
BRDA:61,9,1,0
BRDA:63,10,0,0
BRDA:63,10,1,0
BRF:21
BRH:0
end_of_record
TN:
SF:src\utils\crypto.util.ts
FN:12,sha256
FN:24,verifyClientHash
FN:36,generateSalt
FNF:3
FNH:0
FNDA:0,sha256
FNDA:0,verifyClientHash
FNDA:0,generateSalt
DA:1,0
DA:12,0
DA:13,0
DA:24,0
DA:28,0
DA:36,0
DA:37,0
LF:7
LH:0
BRDA:24,0,0,0
BRDA:36,1,0,0
BRF:2
BRH:0
end_of_record
TN:
SF:src\utils\date.utils.ts
FN:10,formatDateWithTimezone
FN:37,processObjectDates
FN:45,(anonymous_2)
FN:72,dateResponseFormatter
FN:75,(anonymous_4)
FNF:5
FNH:0
FNDA:0,formatDateWithTimezone
FNDA:0,processObjectDates
FNDA:0,(anonymous_2)
FNDA:0,dateResponseFormatter
FNDA:0,(anonymous_4)
DA:10,0
DA:11,0
DA:13,0
DA:15,0
DA:17,0
DA:18,0
DA:19,0
DA:23,0
DA:27,0
DA:28,0
DA:37,0
DA:38,0
DA:40,0
DA:41,0
DA:44,0
DA:45,0
DA:48,0
DA:49,0
DA:50,0
DA:51,0
DA:54,0
DA:55,0
DA:56,0
DA:57,0
DA:62,0
DA:66,0
DA:72,0
DA:73,0
DA:75,0
DA:76,0
DA:78,0
DA:79,0
DA:81,0
DA:84,0
LF:34
LH:0
BRDA:11,0,0,0
BRDA:15,1,0,0
BRDA:15,1,1,0
BRDA:17,2,0,0
BRDA:38,3,0,0
BRDA:38,4,0,0
BRDA:38,4,1,0
BRDA:40,5,0,0
BRDA:44,6,0,0
BRDA:50,7,0,0
BRDA:54,8,0,0
BRDA:54,9,0,0
BRDA:54,9,1,0
BRDA:55,10,0,0
BRDA:55,11,0,0
BRDA:55,11,1,0
BRDA:55,11,2,0
BRDA:76,12,0,0
BRDA:76,13,0,0
BRDA:76,13,1,0
BRF:20
BRH:0
end_of_record
TN:
SF:src\utils\file-upload.util.ts
FN:8,(anonymous_1)
FNF:1
FNH:0
FNDA:0,(anonymous_1)
DA:1,0
DA:6,0
DA:8,0
DA:10,0
DA:11,0
DA:13,0
DA:17,0
DA:27,0
DA:30,0
LF:9
LH:0
BRDA:10,0,0,0
BRDA:10,0,1,0
BRF:2
BRH:0
end_of_record
TN:
SF:src\utils\logger.ts
FN:8,(anonymous_1)
FN:13,(anonymous_2)
FN:20,(anonymous_3)
FN:24,(anonymous_4)
FN:31,(anonymous_5)
FN:35,(anonymous_6)
FN:39,(anonymous_7)
FN:46,(anonymous_8)
FN:50,(anonymous_9)
FNF:9
FNH:0
FNDA:0,(anonymous_1)
FNDA:0,(anonymous_2)
FNDA:0,(anonymous_3)
FNDA:0,(anonymous_4)
FNDA:0,(anonymous_5)
FNDA:0,(anonymous_6)
FNDA:0,(anonymous_7)
FNDA:0,(anonymous_8)
FNDA:0,(anonymous_9)
DA:1,0
DA:3,0
DA:9,0
DA:10,0
DA:14,0
DA:15,0
DA:17,0
DA:21,0
DA:25,0
DA:26,0
DA:27,0
DA:28,0
DA:32,0
DA:36,0
DA:40,0
DA:41,0
DA:42,0
DA:47,0
DA:51,0
DA:52,0
DA:69,0
LF:21
LH:0
BRDA:14,0,0,0
BRDA:41,1,0,0
BRDA:41,2,0,0
BRDA:41,2,1,0
BRDA:42,3,0,0
BRDA:42,3,1,0
BRF:6
BRH:0
end_of_record
TN:
SF:src\utils\notification.util.ts
FN:7,(anonymous_0)
FN:38,(anonymous_1)
FN:45,(anonymous_2)
FN:66,(anonymous_3)
FN:87,(anonymous_4)
FN:110,(anonymous_5)
FN:132,(anonymous_6)
FN:151,(anonymous_7)
FN:170,(anonymous_8)
FN:191,(anonymous_9)
FNF:10
FNH:0
FNDA:0,(anonymous_0)
FNDA:0,(anonymous_1)
FNDA:0,(anonymous_2)
FNDA:0,(anonymous_3)
FNDA:0,(anonymous_4)
FNDA:0,(anonymous_5)
FNDA:0,(anonymous_6)
FNDA:0,(anonymous_7)
FNDA:0,(anonymous_8)
FNDA:0,(anonymous_9)
DA:7,0
DA:9,0
DA:10,0
DA:11,0
DA:12,0
DA:15,0
DA:16,0
DA:17,0
DA:18,0
DA:19,0
DA:22,0
DA:23,0
DA:24,0
DA:27,0
DA:28,0
DA:29,0
DA:35,0
DA:36,0
DA:39,0
DA:51,0
DA:72,0
DA:94,0
DA:117,0
DA:137,0
DA:156,0
DA:176,0
DA:192,0
DA:193,0
DA:194,0
DA:197,0
DA:198,0
DA:200,0
LF:32
LH:0
BRDA:7,0,0,0
BRDA:7,0,1,0
BRDA:55,1,0,0
BRDA:55,1,1,0
BRDA:76,2,0,0
BRDA:76,2,1,0
BRDA:98,3,0,0
BRDA:98,3,1,0
BRDA:121,4,0,0
BRDA:121,4,1,0
BRDA:121,5,0,0
BRDA:121,5,1,0
BRDA:180,6,0,0
BRDA:180,6,1,0
BRDA:192,7,0,0
BRF:15
BRH:0
end_of_record
